2022-02-16 14:55:51,862 INFO Watching for file changes with StatReloader
2022-02-16 14:56:03,823 INFO "GET /static/index.html HTTP/1.1" 200 1055
2022-02-16 14:56:03,844 INFO "GET /static/js/main.1cee8a0e26e08107117a.bundle.js HTTP/1.1" 200 3212183
2022-02-16 14:56:16,293 INFO "GET /static/index.html HTTP/1.1" 200 1055
2022-02-16 14:56:16,320 INFO "GET /static/js/main.1cee8a0e26e08107117a.bundle.js HTTP/1.1" 200 3212183
2022-02-16 14:56:16,450 INFO "GET /static/js/vendors-node_modules_material-ui_core_esm_Grid_Grid_js.1cee8a0e26e08107117a.bundle.js HTTP/1.1" 200 16641
2022-02-16 14:56:16,451 INFO "GET /static/js/src_js_pages_home_index_tsx.1cee8a0e26e08107117a.bundle.js HTTP/1.1" 200 4855
2022-02-16 14:56:16,469 INFO "GET /static/8cd71d44194c35dfd6d0c817692c94ca.png HTTP/1.1" 200 35245
2022-02-16 14:56:16,497 INFO "GET /api/get_user/ HTTP/1.1" 200 118
2022-02-16 14:56:16,519 INFO "GET /static/29fc02d65f2e0f17338b1ee254f01e5d.png HTTP/1.1" 200 26391
2022-02-16 14:56:16,519 INFO "GET /static/c27a388023a41d4d334001825f43d507.png HTTP/1.1" 200 8321
2022-02-16 14:56:16,519 INFO "GET /static/2212291feacabc6ddf6ab4479028b0ff.png HTTP/1.1" 200 18149
2022-02-16 14:56:16,521 INFO "GET /static/dbbbfa6028ef921712550680585aadb8.png HTTP/1.1" 200 12788
2022-02-16 14:56:17,728 INFO "GET /static/js/src_js_pages_copyright_index_tsx.1cee8a0e26e08107117a.bundle.js HTTP/1.1" 200 27020
2022-02-16 14:56:17,728 INFO "GET /static/js/vendors-node_modules_material-ui_core_esm_Button_Button_js-node_modules_material-ui_core_esm_-3149be.1cee8a0e26e08107117a.bundle.js HTTP/1.1" 200 42253
2022-02-16 14:56:17,737 INFO "GET /static/js/vendors-node_modules_solarspell-react-lib_dist_index_js.1cee8a0e26e08107117a.bundle.js HTTP/1.1" 200 1430163
2022-02-16 14:56:17,944 INFO "GET /api/organization/ HTTP/1.1" 200 59
2022-02-16 14:56:17,944 INFO "GET /api/copyright/ HTTP/1.1" 200 59
2022-02-16 14:56:19,393 INFO "GET /static/js/src_js_pages_profile_index_tsx.1cee8a0e26e08107117a.bundle.js HTTP/1.1" 200 8407
2022-02-16 14:56:19,412 INFO "GET /static/51a420f3640009330671d8b229bf5323.otf HTTP/1.1" 200 45760
2022-02-16 14:56:19,412 INFO "GET /static/4011ac771b4fbe16eca04c4a0f6b0614.jpg HTTP/1.1" 200 478089
2022-02-16 14:56:42,782 INFO "GET /static/index.html HTTP/1.1" 200 1055
2022-02-16 14:56:42,908 INFO "GET /static/js/src_js_pages_profile_index_tsx.1cee8a0e26e08107117a.bundle.js HTTP/1.1" 200 8407
2022-02-16 14:56:42,909 INFO "GET /static/js/vendors-node_modules_material-ui_core_esm_Grid_Grid_js.1cee8a0e26e08107117a.bundle.js HTTP/1.1" 200 16641
2022-02-16 14:56:42,909 INFO "GET /static/js/vendors-node_modules_material-ui_core_esm_Button_Button_js-node_modules_material-ui_core_esm_-3149be.1cee8a0e26e08107117a.bundle.js HTTP/1.1" 200 42253
2022-02-16 14:56:42,938 INFO "GET /api/get_user/ HTTP/1.1" 200 118
2022-02-16 14:56:42,997 INFO "GET /static/favicon.ico HTTP/1.1" 200 169662
2022-02-16 14:57:52,200 INFO "GET /static/index.html HTTP/1.1" 200 1055
2022-02-16 14:57:52,320 INFO "GET /static/js/src_js_pages_profile_index_tsx.1cee8a0e26e08107117a.bundle.js HTTP/1.1" 200 8407
2022-02-16 14:57:52,321 INFO "GET /static/js/vendors-node_modules_material-ui_core_esm_Grid_Grid_js.1cee8a0e26e08107117a.bundle.js HTTP/1.1" 200 16641
2022-02-16 14:57:52,321 INFO "GET /static/js/vendors-node_modules_material-ui_core_esm_Button_Button_js-node_modules_material-ui_core_esm_-3149be.1cee8a0e26e08107117a.bundle.js HTTP/1.1" 200 42253
2022-02-16 14:57:52,360 INFO "GET /api/get_user/ HTTP/1.1" 200 118
2022-02-16 14:57:52,410 INFO "GET /static/favicon.ico HTTP/1.1" 200 169662
2022-02-16 14:57:53,128 INFO "GET /static/index.html HTTP/1.1" 200 1055
2022-02-16 14:57:53,171 INFO "GET /static/js/src_js_pages_profile_index_tsx.1cee8a0e26e08107117a.bundle.js HTTP/1.1" 200 8407
2022-02-16 14:57:53,171 INFO "GET /static/js/vendors-node_modules_material-ui_core_esm_Grid_Grid_js.1cee8a0e26e08107117a.bundle.js HTTP/1.1" 200 16641
2022-02-16 14:57:53,171 INFO "GET /static/js/vendors-node_modules_material-ui_core_esm_Button_Button_js-node_modules_material-ui_core_esm_-3149be.1cee8a0e26e08107117a.bundle.js HTTP/1.1" 200 42253
2022-02-16 14:57:53,193 INFO "GET /api/get_user/ HTTP/1.1" 200 118
2022-02-16 14:57:53,239 INFO "GET /static/favicon.ico HTTP/1.1" 200 169662
2022-02-16 14:57:53,912 INFO "GET /static/index.html HTTP/1.1" 200 1055
2022-02-16 14:57:53,968 INFO "GET /api/get_user/ HTTP/1.1" 200 118
2022-02-16 14:57:53,979 INFO "GET /static/favicon.ico HTTP/1.1" 200 169662
2022-02-16 14:58:07,821 INFO "GET /static/index.html HTTP/1.1" 200 1055
2022-02-16 14:58:07,878 INFO "GET /static/js/vendors-node_modules_material-ui_core_esm_Grid_Grid_js.1cee8a0e26e08107117a.bundle.js HTTP/1.1" 200 16641
2022-02-16 14:58:07,879 INFO "GET /static/js/src_js_pages_profile_index_tsx.1cee8a0e26e08107117a.bundle.js HTTP/1.1" 200 8407
2022-02-16 14:58:07,879 INFO "GET /static/js/vendors-node_modules_material-ui_core_esm_Button_Button_js-node_modules_material-ui_core_esm_-3149be.1cee8a0e26e08107117a.bundle.js HTTP/1.1" 200 42253
2022-02-16 14:58:07,909 INFO "GET /api/get_user/ HTTP/1.1" 200 118
2022-02-16 14:58:07,955 INFO "GET /static/favicon.ico HTTP/1.1" 200 169662
2022-02-16 14:58:20,869 INFO "GET /static/index.html HTTP/1.1" 200 1055
2022-02-16 14:58:20,914 INFO "GET /static/js/src_js_pages_profile_index_tsx.1cee8a0e26e08107117a.bundle.js HTTP/1.1" 200 8407
2022-02-16 14:58:20,914 INFO "GET /static/js/vendors-node_modules_material-ui_core_esm_Grid_Grid_js.1cee8a0e26e08107117a.bundle.js HTTP/1.1" 200 16641
2022-02-16 14:58:20,914 INFO "GET /static/js/vendors-node_modules_material-ui_core_esm_Button_Button_js-node_modules_material-ui_core_esm_-3149be.1cee8a0e26e08107117a.bundle.js HTTP/1.1" 200 42253
2022-02-16 14:58:20,940 INFO "GET /api/get_user/ HTTP/1.1" 200 118
2022-02-16 14:58:20,981 INFO "GET /static/favicon.ico HTTP/1.1" 200 169662
2022-02-16 14:58:33,808 INFO "GET /static/index.html HTTP/1.1" 200 1055
2022-02-16 14:58:33,861 INFO "GET /static/js/src_js_pages_profile_index_tsx.1cee8a0e26e08107117a.bundle.js HTTP/1.1" 200 8407
2022-02-16 14:58:33,862 INFO "GET /static/js/vendors-node_modules_material-ui_core_esm_Grid_Grid_js.1cee8a0e26e08107117a.bundle.js HTTP/1.1" 200 16641
2022-02-16 14:58:33,862 INFO "GET /static/js/vendors-node_modules_material-ui_core_esm_Button_Button_js-node_modules_material-ui_core_esm_-3149be.1cee8a0e26e08107117a.bundle.js HTTP/1.1" 200 42253
2022-02-16 14:58:33,887 INFO "GET /api/get_user/ HTTP/1.1" 200 118
2022-02-16 14:58:33,937 INFO "GET /static/favicon.ico HTTP/1.1" 200 169662
2022-02-16 14:58:34,873 INFO "GET /static/index.html HTTP/1.1" 200 1055
2022-02-16 14:58:34,955 INFO "GET /api/get_user/ HTTP/1.1" 200 118
2022-02-16 14:58:34,967 INFO "GET /static/favicon.ico HTTP/1.1" 200 169662
2022-02-16 15:05:11,394 INFO Watching for file changes with StatReloader
2022-02-16 15:05:26,137 INFO "GET /static/index.html HTTP/1.1" 200 1055
2022-02-16 15:05:26,156 INFO "GET /static/js/main.1cee8a0e26e08107117a.bundle.js HTTP/1.1" 200 3212183
2022-02-16 15:05:26,579 INFO "GET /static/index.html HTTP/1.1" 200 1055
2022-02-16 15:05:26,610 INFO "GET /static/js/main.1cee8a0e26e08107117a.bundle.js HTTP/1.1" 200 3212183
2022-02-16 15:05:26,764 INFO "GET /static/js/vendors-node_modules_material-ui_core_esm_Grid_Grid_js.1cee8a0e26e08107117a.bundle.js HTTP/1.1" 200 16641
2022-02-16 15:05:26,766 INFO "GET /static/js/src_js_pages_home_index_tsx.1cee8a0e26e08107117a.bundle.js HTTP/1.1" 200 4855
2022-02-16 15:05:26,777 INFO "GET /static/8cd71d44194c35dfd6d0c817692c94ca.png HTTP/1.1" 200 35245
2022-02-16 15:05:26,807 INFO "GET /api/get_user/ HTTP/1.1" 200 118
2022-02-16 15:05:26,829 INFO "GET /static/2212291feacabc6ddf6ab4479028b0ff.png HTTP/1.1" 200 18149
2022-02-16 15:05:26,834 INFO "GET /static/c27a388023a41d4d334001825f43d507.png HTTP/1.1" 200 8321
2022-02-16 15:05:26,837 INFO "GET /static/29fc02d65f2e0f17338b1ee254f01e5d.png HTTP/1.1" 200 26391
2022-02-16 15:05:26,840 INFO "GET /static/dbbbfa6028ef921712550680585aadb8.png HTTP/1.1" 200 12788
2022-02-16 15:05:28,020 INFO "GET /static/js/src_js_pages_profile_index_tsx.1cee8a0e26e08107117a.bundle.js HTTP/1.1" 200 8407
2022-02-16 15:05:28,020 INFO "GET /static/js/vendors-node_modules_material-ui_core_esm_Button_Button_js-node_modules_material-ui_core_esm_-3149be.1cee8a0e26e08107117a.bundle.js HTTP/1.1" 200 42253
2022-02-16 15:05:28,034 INFO "GET /static/4011ac771b4fbe16eca04c4a0f6b0614.jpg HTTP/1.1" 200 478089
2022-02-16 15:05:28,041 INFO "GET /static/51a420f3640009330671d8b229bf5323.otf HTTP/1.1" 200 45760
2022-02-16 15:05:30,079 INFO "GET /static/js/src_js_pages_copyright_index_tsx.1cee8a0e26e08107117a.bundle.js HTTP/1.1" 200 27020
2022-02-16 15:05:30,082 INFO "GET /static/js/vendors-node_modules_solarspell-react-lib_dist_index_js.1cee8a0e26e08107117a.bundle.js HTTP/1.1" 200 1430163
2022-02-16 15:05:30,306 INFO "GET /api/copyright/ HTTP/1.1" 200 59
2022-02-16 15:05:30,310 INFO "GET /api/organization/ HTTP/1.1" 200 59
2022-02-16 15:10:28,711 INFO "OPTIONS /api/get_user/ HTTP/1.1" 200 0
2022-02-16 15:10:28,713 INFO "GET /api/get_user/ HTTP/1.1" 200 118
2022-02-16 15:10:53,546 INFO "GET /api/get_user/ HTTP/1.1" 200 118
2022-02-16 15:11:01,714 INFO "OPTIONS /api/copyright/ HTTP/1.1" 200 0
2022-02-16 15:11:01,725 INFO "GET /api/copyright/ HTTP/1.1" 200 59
2022-02-16 15:11:13,122 INFO "OPTIONS /api/metadata_types/?sort_by=name HTTP/1.1" 200 0
2022-02-16 15:11:13,125 WARNING Forbidden: /api/metadata_types/
2022-02-16 15:11:13,125 WARNING "GET /api/metadata_types/?sort_by=name HTTP/1.1" 403 58
2022-02-16 15:11:13,184 INFO "GET /accounts/google/login/ HTTP/1.1" 302 0
2022-02-16 15:11:13,931 INFO "GET /accounts/google/login/callback/?state=7wZlqdiusZwF&code=4%2F0AX4XfWjnErjPE4pVu8IIFZp7A-OiD96w1XaDDp7esCzICoy6wpoeGITwMmIsGqQ-Ab9hxA&scope=email+profile+https%3A%2F%2Fwww.googleapis.com%2Fauth%2Fuserinfo.email+https%3A%2F%2Fwww.googleapis.com%2Fauth%2Fuserinfo.profile+openid&authuser=0&hd=asu.edu&prompt=none HTTP/1.1" 302 0
2022-02-16 15:11:13,935 INFO "GET /static/index.html HTTP/1.1" 200 1055
2022-02-16 15:11:13,958 INFO "GET /static/js/main.1cee8a0e26e08107117a.bundle.js HTTP/1.1" 200 3212183
2022-02-16 15:11:14,091 INFO "GET /static/js/main.1cee8a0e26e08107117a.bundle.js.map HTTP/1.1" 200 3316458
2022-02-16 15:11:14,115 INFO "GET /static/js/vendors-node_modules_material-ui_core_esm_Grid_Grid_js.1cee8a0e26e08107117a.bundle.js HTTP/1.1" 200 16641
2022-02-16 15:11:14,121 INFO "GET /static/js/vendors-node_modules_material-ui_core_esm_Button_Button_js-node_modules_material-ui_core_esm_-3149be.1cee8a0e26e08107117a.bundle.js HTTP/1.1" 200 42253
2022-02-16 15:11:14,124 INFO "GET /static/js/src_js_pages_profile_index_tsx.1cee8a0e26e08107117a.bundle.js HTTP/1.1" 200 8407
2022-02-16 15:11:14,130 INFO "GET /static/8cd71d44194c35dfd6d0c817692c94ca.png HTTP/1.1" 200 35245
2022-02-16 15:11:14,176 INFO "GET /api/get_user/ HTTP/1.1" 200 333
2022-02-16 15:11:14,179 INFO "GET /static/4011ac771b4fbe16eca04c4a0f6b0614.jpg HTTP/1.1" 200 478089
2022-02-16 15:11:14,185 INFO "GET /static/js/vendors-node_modules_material-ui_core_esm_Grid_Grid_js.1cee8a0e26e08107117a.bundle.js.map HTTP/1.1" 200 16655
2022-02-16 15:11:14,193 INFO "GET /static/js/vendors-node_modules_material-ui_core_esm_Button_Button_js-node_modules_material-ui_core_esm_-3149be.1cee8a0e26e08107117a.bundle.js.map HTTP/1.1" 200 40052
2022-02-16 15:11:14,198 INFO "GET /static/51a420f3640009330671d8b229bf5323.otf HTTP/1.1" 200 45760
2022-02-16 15:11:14,202 INFO "GET /static/js/src_js_pages_profile_index_tsx.1cee8a0e26e08107117a.bundle.js.map HTTP/1.1" 200 4787
2022-02-16 15:11:22,928 INFO "GET /static/js/src_js_pages_metadata_index_tsx.1cee8a0e26e08107117a.bundle.js HTTP/1.1" 200 23482
2022-02-16 15:11:22,929 INFO "GET /static/js/vendors-node_modules_solarspell-react-lib_dist_index_js.1cee8a0e26e08107117a.bundle.js HTTP/1.1" 200 1430163
2022-02-16 15:11:22,932 INFO "GET /static/js/src_js_pages_metadata_index_tsx.1cee8a0e26e08107117a.bundle.js.map HTTP/1.1" 200 13488
2022-02-16 15:11:23,019 INFO "GET /static/js/vendors-node_modules_solarspell-react-lib_dist_index_js.1cee8a0e26e08107117a.bundle.js.map HTTP/1.1" 200 1304827
2022-02-16 15:11:23,049 INFO "GET /api/metadata_types/?sort_by=name HTTP/1.1" 200 112
2022-02-16 15:11:23,108 INFO "GET /api/metadata_types/1/metadata/ HTTP/1.1" 200 132
2022-02-16 15:11:23,108 INFO "GET /api/metadata_types/2/metadata/ HTTP/1.1" 200 221
2022-02-16 15:11:34,567 INFO "GET /api/get_user/ HTTP/1.1" 200 118
2022-02-16 15:11:34,657 WARNING Forbidden: /api/metadata_types/
2022-02-16 15:11:34,658 WARNING "GET /api/metadata_types/?sort_by=name HTTP/1.1" 403 58
2022-02-16 15:11:34,686 INFO "GET /accounts/google/login/ HTTP/1.1" 302 0
2022-02-16 15:11:35,426 INFO "GET /accounts/google/login/callback/?state=1XMGTOl13Y88&code=4%2F0AX4XfWiofqUHQpRykzYEs7t8eu1hdf1F6MnncaeLUQH-XX-eQd6kxbf_X0CJ2tvtRniUog&scope=email+profile+https%3A%2F%2Fwww.googleapis.com%2Fauth%2Fuserinfo.profile+openid+https%3A%2F%2Fwww.googleapis.com%2Fauth%2Fuserinfo.email&authuser=0&hd=asu.edu&prompt=none HTTP/1.1" 302 0
2022-02-16 15:11:35,428 INFO "GET /static/index.html HTTP/1.1" 200 1055
2022-02-16 15:11:35,516 INFO "GET /static/js/main.1cee8a0e26e08107117a.bundle.js.map HTTP/1.1" 200 3316458
2022-02-16 15:11:35,586 INFO "GET /static/js/vendors-node_modules_material-ui_core_esm_Grid_Grid_js.1cee8a0e26e08107117a.bundle.js HTTP/1.1" 200 16641
2022-02-16 15:11:35,586 INFO "GET /static/js/src_js_pages_profile_index_tsx.1cee8a0e26e08107117a.bundle.js HTTP/1.1" 200 8407
2022-02-16 15:11:35,586 INFO "GET /static/js/vendors-node_modules_material-ui_core_esm_Button_Button_js-node_modules_material-ui_core_esm_-3149be.1cee8a0e26e08107117a.bundle.js HTTP/1.1" 200 42253
2022-02-16 15:11:35,660 INFO "GET /api/get_user/ HTTP/1.1" 200 333
2022-02-16 15:11:35,689 INFO "GET /static/js/src_js_pages_profile_index_tsx.1cee8a0e26e08107117a.bundle.js.map HTTP/1.1" 200 4787
2022-02-16 15:11:35,689 INFO "GET /static/js/vendors-node_modules_material-ui_core_esm_Grid_Grid_js.1cee8a0e26e08107117a.bundle.js.map HTTP/1.1" 200 16655
2022-02-16 15:11:35,690 INFO "GET /static/js/vendors-node_modules_material-ui_core_esm_Button_Button_js-node_modules_material-ui_core_esm_-3149be.1cee8a0e26e08107117a.bundle.js.map HTTP/1.1" 200 40052
2022-02-16 15:11:46,159 INFO "GET /static/js/src_js_pages_metadata_index_tsx.1cee8a0e26e08107117a.bundle.js HTTP/1.1" 200 23482
2022-02-16 15:11:46,163 INFO "GET /static/js/vendors-node_modules_solarspell-react-lib_dist_index_js.1cee8a0e26e08107117a.bundle.js HTTP/1.1" 200 1430163
2022-02-16 15:11:46,164 INFO "GET /static/js/src_js_pages_metadata_index_tsx.1cee8a0e26e08107117a.bundle.js.map HTTP/1.1" 200 13488
2022-02-16 15:11:46,234 INFO "GET /static/js/vendors-node_modules_solarspell-react-lib_dist_index_js.1cee8a0e26e08107117a.bundle.js.map HTTP/1.1" 200 1304827
2022-02-16 15:11:46,266 INFO "GET /api/metadata_types/?sort_by=name HTTP/1.1" 200 112
2022-02-16 15:11:46,365 INFO "GET /api/metadata_types/1/metadata/ HTTP/1.1" 200 132
2022-02-16 15:11:46,365 INFO "GET /api/metadata_types/2/metadata/ HTTP/1.1" 200 221
2022-02-16 15:11:56,932 INFO "GET /api/get_user/ HTTP/1.1" 200 118
2022-02-16 15:12:01,202 WARNING Forbidden: /api/metadata_types/
2022-02-16 15:12:01,202 WARNING "GET /api/metadata_types/?sort_by=name HTTP/1.1" 403 58
2022-02-16 15:12:01,246 INFO "GET /accounts/google/login/ HTTP/1.1" 302 0
2022-02-16 15:12:02,093 INFO "GET /accounts/google/login/callback/?state=FihqkQToHLVy&code=4%2F0AX4XfWivxp29AyVhJNpV1W0bwwE4fPGgh6Tmoo2eKGPHyNmegK6KCf70P08pufD0ec9OfA&scope=email+profile+https%3A%2F%2Fwww.googleapis.com%2Fauth%2Fuserinfo.profile+openid+https%3A%2F%2Fwww.googleapis.com%2Fauth%2Fuserinfo.email&authuser=0&hd=asu.edu&prompt=none HTTP/1.1" 302 0
2022-02-16 15:12:02,095 INFO "GET /static/index.html HTTP/1.1" 200 1055
2022-02-16 15:12:02,122 INFO "GET /static/js/main.1cee8a0e26e08107117a.bundle.js HTTP/1.1" 200 3212183
2022-02-16 15:12:02,217 INFO "GET /static/js/main.1cee8a0e26e08107117a.bundle.js.map HTTP/1.1" 200 3316458
2022-02-16 15:12:02,283 INFO "GET /static/js/src_js_pages_profile_index_tsx.1cee8a0e26e08107117a.bundle.js HTTP/1.1" 200 8407
2022-02-16 15:12:02,283 INFO "GET /static/js/vendors-node_modules_material-ui_core_esm_Grid_Grid_js.1cee8a0e26e08107117a.bundle.js HTTP/1.1" 200 16641
2022-02-16 15:12:02,283 INFO "GET /static/js/vendors-node_modules_material-ui_core_esm_Button_Button_js-node_modules_material-ui_core_esm_-3149be.1cee8a0e26e08107117a.bundle.js HTTP/1.1" 200 42253
2022-02-16 15:12:02,295 INFO "GET /static/8cd71d44194c35dfd6d0c817692c94ca.png HTTP/1.1" 200 35245
2022-02-16 15:12:02,333 INFO "GET /api/get_user/ HTTP/1.1" 200 333
2022-02-16 15:12:02,335 INFO "GET /static/4011ac771b4fbe16eca04c4a0f6b0614.jpg HTTP/1.1" 200 478089
2022-02-16 15:12:02,349 INFO "GET /static/51a420f3640009330671d8b229bf5323.otf HTTP/1.1" 200 45760
2022-02-16 15:12:02,357 INFO "GET /static/js/src_js_pages_profile_index_tsx.1cee8a0e26e08107117a.bundle.js.map HTTP/1.1" 200 4787
2022-02-16 15:12:02,357 INFO "GET /static/js/vendors-node_modules_material-ui_core_esm_Grid_Grid_js.1cee8a0e26e08107117a.bundle.js.map HTTP/1.1" 200 16655
2022-02-16 15:12:02,357 INFO "GET /static/js/vendors-node_modules_material-ui_core_esm_Button_Button_js-node_modules_material-ui_core_esm_-3149be.1cee8a0e26e08107117a.bundle.js.map HTTP/1.1" 200 40052
2022-02-16 15:12:19,402 INFO "POST /accounts/logout/ HTTP/1.1" 302 0
2022-02-16 15:12:19,404 INFO "GET / HTTP/1.1" 200 80
2022-02-16 15:12:19,424 INFO "GET /api/get_user/ HTTP/1.1" 200 118
2022-02-16 15:12:27,008 INFO "GET /api/get_user/ HTTP/1.1" 200 118
2022-02-16 15:12:32,640 WARNING Forbidden: /api/metadata_types/
2022-02-16 15:12:32,640 WARNING "GET /api/metadata_types/?sort_by=name HTTP/1.1" 403 58
2022-02-16 15:12:32,699 INFO "GET /accounts/google/login/ HTTP/1.1" 302 0
2022-02-16 15:12:33,830 INFO "GET /accounts/google/login/callback/?state=JMoF9FN1UcFP&code=4%2F0AX4XfWj365LuwxCSl5dld8wEqHnCIQpzbj26EdYWpKX5qUrQVjFPlHInq_2_Dhi5mFDe9Q&scope=email+profile+https%3A%2F%2Fwww.googleapis.com%2Fauth%2Fuserinfo.profile+https%3A%2F%2Fwww.googleapis.com%2Fauth%2Fuserinfo.email+openid&authuser=0&hd=asu.edu&prompt=none HTTP/1.1" 302 0
2022-02-16 15:12:33,832 INFO "GET /static/index.html HTTP/1.1" 200 1055
2022-02-16 15:12:33,937 INFO "GET /static/js/main.1cee8a0e26e08107117a.bundle.js.map HTTP/1.1" 200 3316458
2022-02-16 15:12:34,016 INFO "GET /static/js/vendors-node_modules_material-ui_core_esm_Grid_Grid_js.1cee8a0e26e08107117a.bundle.js HTTP/1.1" 200 16641
2022-02-16 15:12:34,016 INFO "GET /static/js/src_js_pages_profile_index_tsx.1cee8a0e26e08107117a.bundle.js HTTP/1.1" 200 8407
2022-02-16 15:12:34,017 INFO "GET /static/js/vendors-node_modules_material-ui_core_esm_Button_Button_js-node_modules_material-ui_core_esm_-3149be.1cee8a0e26e08107117a.bundle.js HTTP/1.1" 200 42253
2022-02-16 15:12:34,101 INFO "GET /api/get_user/ HTTP/1.1" 200 333
2022-02-16 15:12:34,144 INFO "GET /static/js/vendors-node_modules_material-ui_core_esm_Grid_Grid_js.1cee8a0e26e08107117a.bundle.js.map HTTP/1.1" 200 16655
2022-02-16 15:12:34,153 INFO "GET /static/js/src_js_pages_profile_index_tsx.1cee8a0e26e08107117a.bundle.js.map HTTP/1.1" 200 4787
2022-02-16 15:12:34,156 INFO "GET /static/js/vendors-node_modules_material-ui_core_esm_Button_Button_js-node_modules_material-ui_core_esm_-3149be.1cee8a0e26e08107117a.bundle.js.map HTTP/1.1" 200 40052
2022-02-16 15:12:41,018 INFO "POST /accounts/logout/ HTTP/1.1" 302 0
2022-02-16 15:12:41,021 INFO "GET / HTTP/1.1" 200 80
2022-02-16 15:12:41,040 INFO "GET /api/get_user/ HTTP/1.1" 200 118
2022-02-16 15:16:45,246 INFO "GET /api/get_user/ HTTP/1.1" 200 118
2022-02-16 15:16:47,101 WARNING Forbidden: /api/metadata_types/
2022-02-16 15:16:47,102 WARNING "GET /api/metadata_types/?sort_by=name HTTP/1.1" 403 58
2022-02-16 15:16:47,143 INFO "GET /accounts/google/login/ HTTP/1.1" 302 0
2022-02-16 15:16:48,386 INFO "GET /accounts/google/login/callback/?state=GEWxdW95a7qt&code=4%2F0AX4XfWgxrT1UtvF10IyKa43U9eNyHEdPqK8SH6CEvnq_ieRqQRLWTF9NNav1He1zIkjFIQ&scope=email+profile+https%3A%2F%2Fwww.googleapis.com%2Fauth%2Fuserinfo.profile+openid+https%3A%2F%2Fwww.googleapis.com%2Fauth%2Fuserinfo.email&authuser=0&hd=asu.edu&prompt=none HTTP/1.1" 302 0
2022-02-16 15:16:48,388 INFO "GET /static/index.html HTTP/1.1" 200 1055
2022-02-16 15:16:48,501 INFO "GET /static/js/main.1cee8a0e26e08107117a.bundle.js.map HTTP/1.1" 200 3316458
2022-02-16 15:16:48,521 INFO "GET /static/js/src_js_pages_profile_index_tsx.1cee8a0e26e08107117a.bundle.js HTTP/1.1" 200 8407
2022-02-16 15:16:48,521 INFO "GET /static/js/vendors-node_modules_material-ui_core_esm_Grid_Grid_js.1cee8a0e26e08107117a.bundle.js HTTP/1.1" 200 16641
2022-02-16 15:16:48,522 INFO "GET /static/js/vendors-node_modules_material-ui_core_esm_Button_Button_js-node_modules_material-ui_core_esm_-3149be.1cee8a0e26e08107117a.bundle.js HTTP/1.1" 200 42253
2022-02-16 15:16:48,572 INFO "GET /api/get_user/ HTTP/1.1" 200 333
2022-02-16 15:16:48,624 INFO "GET /static/js/vendors-node_modules_material-ui_core_esm_Grid_Grid_js.1cee8a0e26e08107117a.bundle.js.map HTTP/1.1" 200 16655
2022-02-16 15:16:48,634 INFO "GET /static/js/vendors-node_modules_material-ui_core_esm_Button_Button_js-node_modules_material-ui_core_esm_-3149be.1cee8a0e26e08107117a.bundle.js.map HTTP/1.1" 200 40052
2022-02-16 15:16:48,636 INFO "GET /static/js/src_js_pages_profile_index_tsx.1cee8a0e26e08107117a.bundle.js.map HTTP/1.1" 200 4787
2022-02-16 15:16:51,611 INFO "POST /accounts/logout/ HTTP/1.1" 302 0
2022-02-16 15:16:51,615 INFO "GET / HTTP/1.1" 200 80
2022-02-16 15:16:51,679 INFO "GET /api/get_user/ HTTP/1.1" 200 118
2022-02-16 15:16:59,267 INFO "GET /api/get_user/ HTTP/1.1" 200 118
2022-02-16 15:17:03,742 WARNING Forbidden: /api/metadata_types/
2022-02-16 15:17:03,743 WARNING "GET /api/metadata_types/?sort_by=name HTTP/1.1" 403 58
2022-02-16 15:17:03,792 INFO "GET /accounts/google/login/ HTTP/1.1" 302 0
2022-02-16 15:17:04,686 INFO "GET /accounts/google/login/callback/?state=4RJeBPpSqnk3&code=4%2F0AX4XfWjjOvaKiZDF5lvp0WJu0U9XN4Sp2Guh0kquUT76GdsHB5GKt--7YAwJ4ivNPi-lpA&scope=email+profile+https%3A%2F%2Fwww.googleapis.com%2Fauth%2Fuserinfo.profile+https%3A%2F%2Fwww.googleapis.com%2Fauth%2Fuserinfo.email+openid&authuser=0&hd=asu.edu&prompt=none HTTP/1.1" 302 0
2022-02-16 15:17:04,689 INFO "GET /static/index.html HTTP/1.1" 200 1055
2022-02-16 15:17:04,711 INFO "GET /static/js/main.1cee8a0e26e08107117a.bundle.js HTTP/1.1" 200 3212183
2022-02-16 15:17:04,825 INFO "GET /static/js/main.1cee8a0e26e08107117a.bundle.js.map HTTP/1.1" 200 3316458
2022-02-16 15:17:04,887 INFO "GET /static/js/vendors-node_modules_material-ui_core_esm_Grid_Grid_js.1cee8a0e26e08107117a.bundle.js HTTP/1.1" 200 16641
2022-02-16 15:17:04,887 INFO "GET /static/js/src_js_pages_profile_index_tsx.1cee8a0e26e08107117a.bundle.js HTTP/1.1" 200 8407
2022-02-16 15:17:04,888 INFO "GET /static/js/vendors-node_modules_material-ui_core_esm_Button_Button_js-node_modules_material-ui_core_esm_-3149be.1cee8a0e26e08107117a.bundle.js HTTP/1.1" 200 42253
2022-02-16 15:17:04,902 INFO "GET /static/8cd71d44194c35dfd6d0c817692c94ca.png HTTP/1.1" 200 35245
2022-02-16 15:17:04,945 INFO "GET /api/get_user/ HTTP/1.1" 200 333
2022-02-16 15:17:04,948 INFO "GET /static/4011ac771b4fbe16eca04c4a0f6b0614.jpg HTTP/1.1" 200 478089
2022-02-16 15:17:04,954 INFO "GET /static/js/src_js_pages_profile_index_tsx.1cee8a0e26e08107117a.bundle.js.map HTTP/1.1" 200 4787
2022-02-16 15:17:04,954 INFO "GET /static/js/vendors-node_modules_material-ui_core_esm_Grid_Grid_js.1cee8a0e26e08107117a.bundle.js.map HTTP/1.1" 200 16655
2022-02-16 15:17:04,954 INFO "GET /static/js/vendors-node_modules_material-ui_core_esm_Button_Button_js-node_modules_material-ui_core_esm_-3149be.1cee8a0e26e08107117a.bundle.js.map HTTP/1.1" 200 40052
2022-02-16 15:17:04,986 INFO "GET /static/51a420f3640009330671d8b229bf5323.otf HTTP/1.1" 200 45760
2022-02-16 15:17:33,471 INFO "GET /api/get_user/ HTTP/1.1" 200 118
2022-02-16 15:17:36,950 WARNING Forbidden: /api/metadata_types/
2022-02-16 15:17:36,950 WARNING "GET /api/metadata_types/?sort_by=name HTTP/1.1" 403 58
2022-02-16 15:17:36,978 INFO "GET /accounts/google/login/ HTTP/1.1" 302 0
2022-02-16 15:17:37,889 INFO "GET /accounts/google/login/callback/?state=w8FfxXsp040Q&code=4%2F0AX4XfWiPRl4TEpbMeS_Y2CdujueRdaZbHlJ8y3Oso-iZt7NolZNBKMbdXV0aM-M4q7MfEQ&scope=email+profile+https%3A%2F%2Fwww.googleapis.com%2Fauth%2Fuserinfo.profile+https%3A%2F%2Fwww.googleapis.com%2Fauth%2Fuserinfo.email+openid&authuser=0&hd=asu.edu&prompt=none HTTP/1.1" 302 0
2022-02-16 15:17:37,892 INFO "GET /static/index.html HTTP/1.1" 200 1055
2022-02-16 15:17:37,919 INFO "GET /static/js/main.1cee8a0e26e08107117a.bundle.js HTTP/1.1" 200 3212183
2022-02-16 15:17:38,041 INFO "GET /static/js/main.1cee8a0e26e08107117a.bundle.js.map HTTP/1.1" 200 3316458
2022-02-16 15:17:38,104 INFO "GET /static/js/vendors-node_modules_material-ui_core_esm_Grid_Grid_js.1cee8a0e26e08107117a.bundle.js HTTP/1.1" 200 16641
2022-02-16 15:17:38,104 INFO "GET /static/js/src_js_pages_profile_index_tsx.1cee8a0e26e08107117a.bundle.js HTTP/1.1" 200 8407
2022-02-16 15:17:38,104 INFO "GET /static/js/vendors-node_modules_material-ui_core_esm_Button_Button_js-node_modules_material-ui_core_esm_-3149be.1cee8a0e26e08107117a.bundle.js HTTP/1.1" 200 42253
2022-02-16 15:17:38,115 INFO "GET /static/8cd71d44194c35dfd6d0c817692c94ca.png HTTP/1.1" 200 35245
2022-02-16 15:17:38,162 INFO "GET /api/get_user/ HTTP/1.1" 200 333
2022-02-16 15:17:38,169 INFO "GET /static/4011ac771b4fbe16eca04c4a0f6b0614.jpg HTTP/1.1" 200 478089
2022-02-16 15:17:38,178 INFO "GET /static/js/vendors-node_modules_material-ui_core_esm_Grid_Grid_js.1cee8a0e26e08107117a.bundle.js.map HTTP/1.1" 200 16655
2022-02-16 15:17:38,179 INFO "GET /static/js/src_js_pages_profile_index_tsx.1cee8a0e26e08107117a.bundle.js.map HTTP/1.1" 200 4787
2022-02-16 15:17:38,179 INFO "GET /static/js/vendors-node_modules_material-ui_core_esm_Button_Button_js-node_modules_material-ui_core_esm_-3149be.1cee8a0e26e08107117a.bundle.js.map HTTP/1.1" 200 40052
2022-02-16 15:17:38,208 INFO "GET /static/51a420f3640009330671d8b229bf5323.otf HTTP/1.1" 200 45760
2022-02-16 15:18:49,779 INFO "GET /api/get_user/ HTTP/1.1" 200 333
2022-02-16 15:18:49,813 WARNING Not Found: /favicon.ico
2022-02-16 15:18:49,813 WARNING "GET /favicon.ico HTTP/1.1" 404 2438
2022-02-16 15:23:42,553 INFO /home/pavi/SolarSPELL/content-curation/content_curation/settings.py changed, reloading.
2022-02-16 15:23:42,883 INFO Watching for file changes with StatReloader
2022-02-16 15:23:53,326 INFO /home/pavi/SolarSPELL/content-curation/content_curation/settings.py changed, reloading.
2022-02-16 15:23:53,650 INFO Watching for file changes with StatReloader
2022-02-16 15:24:20,292 INFO "GET /api/get_user/ HTTP/1.1" 200 118
2022-02-16 15:24:24,527 WARNING Forbidden: /api/metadata_types/
2022-02-16 15:24:24,527 WARNING "GET /api/metadata_types/?sort_by=name HTTP/1.1" 403 58
2022-02-16 15:24:24,590 INFO "GET /accounts/google/login/ HTTP/1.1" 302 0
2022-02-16 15:24:25,499 INFO "GET /accounts/google/login/callback/?state=tJ3Z3PCKOdyX&code=4%2F0AX4XfWjFj8ToXxadp0iFJHaMg_47Xq2AAqyVgS9wmp3Omr0ykrIqqA1asdxjpAHaKkScBg&scope=email+profile+https%3A%2F%2Fwww.googleapis.com%2Fauth%2Fuserinfo.email+https%3A%2F%2Fwww.googleapis.com%2Fauth%2Fuserinfo.profile+openid&authuser=0&hd=asu.edu&prompt=none HTTP/1.1" 302 0
2022-02-16 15:24:25,747 INFO "GET /api/get_user/ HTTP/1.1" 200 118
2022-02-16 15:25:31,472 INFO "GET /api/get_user/ HTTP/1.1" 200 118
2022-02-16 15:25:42,679 INFO /home/pavi/SolarSPELL/content-curation/content_curation/settings.py changed, reloading.
2022-02-16 15:25:42,995 INFO Watching for file changes with StatReloader
2022-02-16 15:27:30,240 INFO "GET /static/favicon.ico HTTP/1.1" 200 169662
2022-02-16 15:27:30,242 INFO "GET /static/js/vendors-node_modules_material-ui_icons_esm_Delete_js-node_modules_material-ui_icons_esm_Edit_-c45b31.1cee8a0e26e08107117a.bundle.js HTTP/1.1" 200 18333
2022-02-16 15:27:30,247 INFO "GET /static/js/src_js_pages_content_index_tsx.1cee8a0e26e08107117a.bundle.js HTTP/1.1" 200 78791
2022-02-16 15:27:30,352 WARNING Forbidden: /api/metadata_types/
2022-02-16 15:27:30,354 WARNING "GET /api/metadata_types/?sort_by=name HTTP/1.1" 403 58
2022-02-16 15:27:30,361 INFO "GET /api/organization/ HTTP/1.1" 200 59
2022-02-16 15:27:30,362 INFO "GET /api/copyright/ HTTP/1.1" 200 59
2022-02-16 15:27:30,465 INFO "GET /accounts/google/login/ HTTP/1.1" 302 0
2022-02-16 15:27:30,512 WARNING Forbidden: /api/content/
2022-02-16 15:27:30,512 WARNING "GET /api/content/?page_size=10&page=1&sort_by=title&created_by=&copyright=all HTTP/1.1" 403 58
2022-02-16 15:27:30,563 INFO "GET /accounts/google/login/ HTTP/1.1" 302 0
2022-02-16 15:27:31,483 INFO "GET /accounts/google/login/callback/?state=TdI1lXZacuFY&code=4%2F0AX4XfWgCIhWbF3vgR4GYnWZpuyc1zKoqrEh85u_VIMQBGMOS9bJxXru0x0RuMdqkGIsdmQ&scope=email+profile+https%3A%2F%2Fwww.googleapis.com%2Fauth%2Fuserinfo.email+https%3A%2F%2Fwww.googleapis.com%2Fauth%2Fuserinfo.profile+openid&authuser=0&hd=asu.edu&prompt=none HTTP/1.1" 302 0
2022-02-16 15:27:31,968 INFO "GET /api/get_user/ HTTP/1.1" 200 118
2022-02-16 15:29:23,564 INFO "GET /api/get_user/ HTTP/1.1" 200 118
2022-02-16 15:29:27,795 WARNING Forbidden: /api/metadata_types/
2022-02-16 15:29:27,796 WARNING "GET /api/metadata_types/?sort_by=name HTTP/1.1" 403 58
2022-02-16 15:29:27,836 INFO "GET /accounts/google/login/ HTTP/1.1" 302 0
2022-02-16 15:29:28,768 INFO "GET /accounts/google/login/callback/?state=cg9sgobBgLUK&code=4%2F0AX4XfWiaot6z5CmbJkf1_FDqjrWkNWDUxNF-WuLnIlrGnb-9gGw0lXYbqf2MXkp0Ac3guQ&scope=email+profile+openid+https%3A%2F%2Fwww.googleapis.com%2Fauth%2Fuserinfo.profile+https%3A%2F%2Fwww.googleapis.com%2Fauth%2Fuserinfo.email&authuser=0&hd=asu.edu&prompt=none HTTP/1.1" 302 0
2022-02-16 15:29:29,014 INFO "GET /api/get_user/ HTTP/1.1" 200 118
2022-02-16 15:29:32,156 WARNING Forbidden: /api/metadata_types/
2022-02-16 15:29:32,156 WARNING "GET /api/metadata_types/?sort_by=name HTTP/1.1" 403 58
2022-02-16 15:29:32,167 INFO "OPTIONS /api/organization/ HTTP/1.1" 200 0
2022-02-16 15:29:32,171 INFO "GET /api/copyright/ HTTP/1.1" 200 59
2022-02-16 15:29:32,176 INFO "GET /api/organization/ HTTP/1.1" 200 59
2022-02-16 15:29:32,261 INFO "GET /accounts/google/login/ HTTP/1.1" 302 0
2022-02-16 15:29:32,364 INFO "OPTIONS /api/content/?page_size=10&page=1&sort_by=title&created_by=&copyright=all HTTP/1.1" 200 0
2022-02-16 15:29:32,366 WARNING Forbidden: /api/content/
2022-02-16 15:29:32,366 WARNING "GET /api/content/?page_size=10&page=1&sort_by=title&created_by=&copyright=all HTTP/1.1" 403 58
2022-02-16 15:29:32,513 INFO "GET /accounts/google/login/ HTTP/1.1" 302 0
2022-02-16 15:29:33,344 INFO "GET /accounts/google/login/callback/?state=kAwLl5B9oJX0&code=4%2F0AX4XfWg7RhE1gTULP3sINJVuwZ2Sm7O2mowYAntrG3szdSdcoT1PgIDaI3B8q1wlNdmqAg&scope=email+profile+openid+https%3A%2F%2Fwww.googleapis.com%2Fauth%2Fuserinfo.profile+https%3A%2F%2Fwww.googleapis.com%2Fauth%2Fuserinfo.email&authuser=0&hd=asu.edu&prompt=none HTTP/1.1" 302 0
2022-02-16 15:29:33,498 INFO "GET /api/get_user/ HTTP/1.1" 200 118
2022-02-16 15:29:35,463 WARNING Forbidden: /api/metadata_types/
2022-02-16 15:29:35,464 WARNING "GET /api/metadata_types/?sort_by=name HTTP/1.1" 403 58
2022-02-16 15:29:35,499 INFO "GET /accounts/google/login/ HTTP/1.1" 302 0
2022-02-16 15:29:36,319 INFO "GET /accounts/google/login/callback/?state=JHRRx6DXNJ63&code=4%2F0AX4XfWgQIQ1trDCJBIN4GJeOEwpcjYlba69kVI19DCPnWItENs71wpCYHoaychozRjPJTw&scope=email+profile+https%3A%2F%2Fwww.googleapis.com%2Fauth%2Fuserinfo.email+openid+https%3A%2F%2Fwww.googleapis.com%2Fauth%2Fuserinfo.profile&authuser=0&hd=asu.edu&prompt=none HTTP/1.1" 302 0
2022-02-16 15:29:36,451 INFO "GET /api/get_user/ HTTP/1.1" 200 118
2022-02-16 15:29:42,517 WARNING Forbidden: /api/metadata_types/
2022-02-16 15:29:42,517 WARNING "GET /api/metadata_types/?sort_by=name HTTP/1.1" 403 58
2022-02-16 15:29:42,562 INFO "GET /accounts/google/login/ HTTP/1.1" 302 0
2022-02-16 15:29:43,390 INFO "GET /accounts/google/login/callback/?state=T4Dx5dvdDCdW&code=4%2F0AX4XfWhYf2OFZ37XdNZuMKGTR9CE6uJGXOlzm09R5R-zOGtndrd4hW1MtaY3mt8n5GfbsQ&scope=email+profile+https%3A%2F%2Fwww.googleapis.com%2Fauth%2Fuserinfo.email+https%3A%2F%2Fwww.googleapis.com%2Fauth%2Fuserinfo.profile+openid&authuser=0&hd=asu.edu&prompt=none HTTP/1.1" 302 0
2022-02-16 15:29:43,540 INFO "GET /api/get_user/ HTTP/1.1" 200 118
2022-02-16 15:29:46,818 INFO "GET /api/organization/ HTTP/1.1" 200 59
2022-02-16 15:29:46,818 INFO "GET /api/copyright/ HTTP/1.1" 200 59
2022-02-16 15:30:38,178 INFO "GET /api/get_user/ HTTP/1.1" 200 118
2022-02-16 15:30:52,672 INFO "GET /api/get_user/ HTTP/1.1" 200 118
2022-02-16 15:33:15,289 INFO "GET /api/get_user/ HTTP/1.1" 200 118
2022-02-16 15:33:50,617 INFO "GET /api/get_user/ HTTP/1.1" 200 118
2022-02-16 15:34:20,754 INFO "GET /api/get_user/ HTTP/1.1" 200 118
2022-02-16 15:34:37,441 INFO "GET /api/get_user/ HTTP/1.1" 200 118
2022-02-16 15:36:02,387 INFO "GET /api/get_user/ HTTP/1.1" 200 118
2022-02-16 15:36:24,416 INFO "GET /accounts/google/login/ HTTP/1.1" 302 0
2022-02-16 15:36:25,231 INFO "GET /accounts/google/login/callback/?state=oe5DqMFibUov&code=4%2F0AX4XfWidtCzTOTLFCT9aBsXiiwI0iyFoT2jR0_ySywmSCecg6begwvig1e7BJIj41N-3vQ&scope=email+profile+https%3A%2F%2Fwww.googleapis.com%2Fauth%2Fuserinfo.email+https%3A%2F%2Fwww.googleapis.com%2Fauth%2Fuserinfo.profile+openid&authuser=0&hd=asu.edu&prompt=none HTTP/1.1" 302 0
2022-02-16 15:36:25,902 INFO "GET /api/get_user/ HTTP/1.1" 200 118
2022-02-16 15:36:28,970 INFO "GET /accounts/google/login/ HTTP/1.1" 302 0
2022-02-16 15:36:29,692 INFO "GET /accounts/google/login/callback/?state=DtfbGk9TIit2&code=4%2F0AX4XfWj-lqQzlz8KgDLHC5IJ0xS9i4qUG7Bw6nBviih6SyBFtJkv4Tuo01-iHRY6tsvQUA&scope=email+profile+https%3A%2F%2Fwww.googleapis.com%2Fauth%2Fuserinfo.email+https%3A%2F%2Fwww.googleapis.com%2Fauth%2Fuserinfo.profile+openid&authuser=0&hd=asu.edu&prompt=none HTTP/1.1" 302 0
2022-02-16 15:36:29,973 INFO "GET /api/get_user/ HTTP/1.1" 200 118
2022-02-16 15:36:31,139 INFO "GET /api/copyright/ HTTP/1.1" 200 59
2022-02-16 15:36:31,142 INFO "GET /api/organization/ HTTP/1.1" 200 59
2022-02-16 15:36:38,301 WARNING Forbidden: /api/metadata_types/
2022-02-16 15:36:38,304 WARNING "GET /api/metadata_types/?sort_by=name HTTP/1.1" 403 58
2022-02-16 15:36:38,314 INFO "GET /api/copyright/ HTTP/1.1" 200 59
2022-02-16 15:36:38,317 INFO "GET /api/organization/ HTTP/1.1" 200 59
2022-02-16 15:36:38,375 INFO "GET /accounts/google/login/ HTTP/1.1" 302 0
2022-02-16 15:36:38,539 WARNING Forbidden: /api/content/
2022-02-16 15:36:38,539 WARNING "GET /api/content/?page_size=10&page=1&sort_by=title&created_by=&copyright=all HTTP/1.1" 403 58
2022-02-16 15:36:38,569 INFO "GET /accounts/google/login/ HTTP/1.1" 302 0
2022-02-16 15:36:39,331 INFO "GET /accounts/google/login/callback/?state=bpvGffUyrNTk&code=4%2F0AX4XfWj5E_pFBw6QTPN4UrLgJukF_YMuwfk9ftogu1KG5Ghky9zOozwiWthNTxMlHXZ6kA&scope=email+profile+https%3A%2F%2Fwww.googleapis.com%2Fauth%2Fuserinfo.profile+https%3A%2F%2Fwww.googleapis.com%2Fauth%2Fuserinfo.email+openid&authuser=0&hd=asu.edu&prompt=none HTTP/1.1" 302 0
2022-02-16 15:36:39,484 INFO "GET /api/get_user/ HTTP/1.1" 200 118
2022-02-16 15:36:43,868 INFO "GET /accounts/google/login/ HTTP/1.1" 302 0
2022-02-16 15:36:44,606 INFO "GET /accounts/google/login/callback/?state=Acx4Z5Ylk9MN&code=4%2F0AX4XfWhYoibiQQ3Y1O24p4ltHK-ahz7H3X59mmvqBRF0a_E9OpI9pu1KYxwBeEo2vqSYEQ&scope=email+profile+https%3A%2F%2Fwww.googleapis.com%2Fauth%2Fuserinfo.profile+https%3A%2F%2Fwww.googleapis.com%2Fauth%2Fuserinfo.email+openid&authuser=0&hd=asu.edu&prompt=none HTTP/1.1" 302 0
2022-02-16 15:36:44,745 INFO "GET /api/get_user/ HTTP/1.1" 200 118
2022-02-16 15:36:58,351 INFO "GET /accounts/google/login/ HTTP/1.1" 302 0
2022-02-16 15:36:59,074 INFO "GET /accounts/google/login/callback/?state=s4pWVsv81oPe&code=4%2F0AX4XfWiVUcE5PVIfNP2rTQYukkzanBz3IRWqjLK5aZyxbUBBJz9tH-nYT2Ce7_XTJC5ulQ&scope=email+profile+https%3A%2F%2Fwww.googleapis.com%2Fauth%2Fuserinfo.email+https%3A%2F%2Fwww.googleapis.com%2Fauth%2Fuserinfo.profile+openid&authuser=0&hd=asu.edu&prompt=none HTTP/1.1" 302 0
2022-02-16 15:36:59,245 INFO "GET /api/get_user/ HTTP/1.1" 200 118
2022-02-16 15:37:23,323 INFO "GET /accounts/google/login/ HTTP/1.1" 302 0
2022-02-16 15:37:24,095 INFO "GET /accounts/google/login/callback/?state=UiNLFKxNvWMG&code=4%2F0AX4XfWjN4Vqps_dmqHp9jF8pmdbVqVnd7gwtbnoTQC5mGa5ulFURazm_oniD2teL6ZRJlg&scope=email+profile+https%3A%2F%2Fwww.googleapis.com%2Fauth%2Fuserinfo.email+https%3A%2F%2Fwww.googleapis.com%2Fauth%2Fuserinfo.profile+openid&authuser=0&hd=asu.edu&prompt=none HTTP/1.1" 302 0
2022-02-16 15:37:24,380 INFO "GET /api/get_user/ HTTP/1.1" 200 118
2022-02-16 15:39:03,403 INFO "GET /static/index.html HTTP/1.1" 200 1055
2022-02-16 15:39:03,420 INFO "GET /static/js/main.3f894b08b45f8d953f85.bundle.js HTTP/1.1" 200 3212673
2022-02-16 15:39:03,847 INFO "GET /static/index.html HTTP/1.1" 200 1055
2022-02-16 15:39:03,871 INFO "GET /static/js/main.3f894b08b45f8d953f85.bundle.js HTTP/1.1" 200 3212673
2022-02-16 15:39:04,014 INFO "GET /static/js/vendors-node_modules_material-ui_core_esm_Grid_Grid_js.3f894b08b45f8d953f85.bundle.js HTTP/1.1" 200 16641
2022-02-16 15:39:04,016 INFO "GET /static/js/src_js_pages_home_index_tsx.3f894b08b45f8d953f85.bundle.js HTTP/1.1" 200 4855
2022-02-16 15:39:04,036 INFO "GET /static/8cd71d44194c35dfd6d0c817692c94ca.png HTTP/1.1" 200 35245
2022-02-16 15:39:04,076 INFO "GET /api/get_user/ HTTP/1.1" 200 333
2022-02-16 15:39:04,078 INFO "GET /static/29fc02d65f2e0f17338b1ee254f01e5d.png HTTP/1.1" 200 26391
2022-02-16 15:39:04,082 INFO "GET /static/dbbbfa6028ef921712550680585aadb8.png HTTP/1.1" 200 12788
2022-02-16 15:39:04,082 INFO "GET /static/c27a388023a41d4d334001825f43d507.png HTTP/1.1" 200 8321
2022-02-16 15:39:04,083 INFO "GET /static/2212291feacabc6ddf6ab4479028b0ff.png HTTP/1.1" 200 18149
2022-02-16 15:39:04,137 INFO "GET /static/favicon.ico HTTP/1.1" 200 169662
2022-02-16 15:39:04,890 INFO "GET /static/js/src_js_pages_profile_index_tsx.3f894b08b45f8d953f85.bundle.js HTTP/1.1" 200 10273
2022-02-16 15:39:04,891 INFO "GET /static/js/vendors-node_modules_material-ui_core_esm_Button_Button_js-node_modules_material-ui_core_esm_-3149be.3f894b08b45f8d953f85.bundle.js HTTP/1.1" 200 42253
2022-02-16 15:39:04,905 INFO "GET /static/4011ac771b4fbe16eca04c4a0f6b0614.jpg HTTP/1.1" 200 478089
2022-02-16 15:39:04,926 INFO "GET /static/51a420f3640009330671d8b229bf5323.otf HTTP/1.1" 200 45760
2022-02-16 15:39:06,532 INFO "POST /accounts/logout/ HTTP/1.1" 302 0
2022-02-16 15:39:06,534 INFO "GET / HTTP/1.1" 200 80
2022-02-16 15:39:06,550 INFO "GET /api/get_user/ HTTP/1.1" 200 118
2022-02-16 15:39:17,005 INFO "GET /static/index.html HTTP/1.1" 200 1055
2022-02-16 15:39:17,029 INFO "GET /static/js/main.3f894b08b45f8d953f85.bundle.js HTTP/1.1" 304 0
2022-02-16 15:39:17,159 INFO "GET /static/8cd71d44194c35dfd6d0c817692c94ca.png HTTP/1.1" 304 0
2022-02-16 15:39:17,167 INFO "GET /static/js/src_js_pages_profile_index_tsx.3f894b08b45f8d953f85.bundle.js HTTP/1.1" 200 10273
2022-02-16 15:39:17,167 INFO "GET /static/js/vendors-node_modules_material-ui_core_esm_Grid_Grid_js.3f894b08b45f8d953f85.bundle.js HTTP/1.1" 200 16641
2022-02-16 15:39:17,167 INFO "GET /static/js/vendors-node_modules_material-ui_core_esm_Button_Button_js-node_modules_material-ui_core_esm_-3149be.3f894b08b45f8d953f85.bundle.js HTTP/1.1" 200 42253
2022-02-16 15:39:17,214 INFO "GET /api/get_user/ HTTP/1.1" 200 118
2022-02-16 15:39:17,261 INFO "GET /static/4011ac771b4fbe16eca04c4a0f6b0614.jpg HTTP/1.1" 304 0
2022-02-16 15:39:17,269 INFO "GET /static/51a420f3640009330671d8b229bf5323.otf HTTP/1.1" 304 0
2022-02-16 15:39:17,286 INFO "GET /static/favicon.ico HTTP/1.1" 200 169662
2022-02-16 15:39:19,602 INFO "GET /static/index.html HTTP/1.1" 200 1055
2022-02-16 15:39:19,622 INFO "GET /static/js/main.a6c809b1b2b9fc8ef6cd.bundle.js HTTP/1.1" 200 3212673
2022-02-16 15:39:19,786 INFO "GET /static/js/src_js_pages_profile_index_tsx.a6c809b1b2b9fc8ef6cd.bundle.js HTTP/1.1" 200 10262
2022-02-16 15:39:19,786 INFO "GET /static/js/vendors-node_modules_material-ui_core_esm_Grid_Grid_js.a6c809b1b2b9fc8ef6cd.bundle.js HTTP/1.1" 200 16641
2022-02-16 15:39:19,787 INFO "GET /static/js/vendors-node_modules_material-ui_core_esm_Button_Button_js-node_modules_material-ui_core_esm_-3149be.a6c809b1b2b9fc8ef6cd.bundle.js HTTP/1.1" 200 42253
2022-02-16 15:39:19,816 INFO "GET /api/get_user/ HTTP/1.1" 200 118
2022-02-16 15:39:19,861 INFO "GET /static/favicon.ico HTTP/1.1" 200 169662
2022-02-16 15:39:28,216 INFO "GET /static/js/src_js_pages_metadata_index_tsx.a6c809b1b2b9fc8ef6cd.bundle.js HTTP/1.1" 200 23482
2022-02-16 15:39:28,220 INFO "GET /static/js/vendors-node_modules_solarspell-react-lib_dist_index_js.a6c809b1b2b9fc8ef6cd.bundle.js HTTP/1.1" 200 1430163
2022-02-16 15:39:28,308 WARNING Forbidden: /api/metadata_types/
2022-02-16 15:39:28,308 WARNING "GET /api/metadata_types/?sort_by=name HTTP/1.1" 403 58
2022-02-16 15:39:28,334 INFO "GET /accounts/google/login/ HTTP/1.1" 302 0
2022-02-16 15:39:29,254 INFO "GET /accounts/google/login/callback/?state=aEfjAQNGRtdr&code=4%2F0AX4XfWhlAG5WOHwii3iDmHvImBbF3TMNGwAb5LLV1_8xsFIY7KboBEKBKVlKLYtr6GUpxQ&scope=email+profile+https%3A%2F%2Fwww.googleapis.com%2Fauth%2Fuserinfo.email+https%3A%2F%2Fwww.googleapis.com%2Fauth%2Fuserinfo.profile+openid&authuser=0&hd=asu.edu&prompt=none HTTP/1.1" 302 0
2022-02-16 15:39:30,517 INFO "GET /static/js/vendors-node_modules_material-ui_icons_esm_Delete_js-node_modules_material-ui_icons_esm_Edit_-c45b31.a6c809b1b2b9fc8ef6cd.bundle.js HTTP/1.1" 200 18333
2022-02-16 15:39:30,518 INFO "GET /static/js/src_js_pages_content_index_tsx.a6c809b1b2b9fc8ef6cd.bundle.js HTTP/1.1" 200 78791
2022-02-16 15:39:30,652 INFO "GET /api/copyright/ HTTP/1.1" 200 59
2022-02-16 15:39:30,657 INFO "GET /api/metadata_types/?sort_by=name HTTP/1.1" 200 112
2022-02-16 15:39:30,657 INFO "GET /api/organization/ HTTP/1.1" 200 59
2022-02-16 15:39:30,755 INFO "GET /api/metadata_types/1/metadata/ HTTP/1.1" 200 132
2022-02-16 15:39:30,755 INFO "GET /api/metadata_types/2/metadata/ HTTP/1.1" 200 221
2022-02-16 15:39:30,823 INFO "GET /api/content/?page_size=10&page=1&sort_by=title&created_by=&copyright=all HTTP/1.1" 200 906
2022-02-16 15:39:34,510 INFO "GET /static/js/src_js_pages_copyright_index_tsx.a6c809b1b2b9fc8ef6cd.bundle.js HTTP/1.1" 200 27020
2022-02-16 15:39:34,635 INFO "GET /api/copyright/ HTTP/1.1" 200 59
2022-02-16 15:39:34,639 INFO "GET /api/organization/ HTTP/1.1" 200 59
2022-02-16 15:41:11,638 INFO "GET /static/index.html HTTP/1.1" 200 1055
2022-02-16 15:41:11,665 INFO "GET /static/js/main.a6c809b1b2b9fc8ef6cd.bundle.js HTTP/1.1" 200 3212673
2022-02-16 15:41:11,843 INFO "GET /static/js/src_js_pages_profile_index_tsx.a6c809b1b2b9fc8ef6cd.bundle.js HTTP/1.1" 200 10262
2022-02-16 15:41:11,843 INFO "GET /static/js/vendors-node_modules_material-ui_core_esm_Grid_Grid_js.a6c809b1b2b9fc8ef6cd.bundle.js HTTP/1.1" 200 16641
2022-02-16 15:41:11,843 INFO "GET /static/js/vendors-node_modules_material-ui_core_esm_Button_Button_js-node_modules_material-ui_core_esm_-3149be.a6c809b1b2b9fc8ef6cd.bundle.js HTTP/1.1" 200 42253
2022-02-16 15:41:11,855 INFO "GET /static/8cd71d44194c35dfd6d0c817692c94ca.png HTTP/1.1" 200 35245
2022-02-16 15:41:11,893 INFO "GET /api/get_user/ HTTP/1.1" 200 333
2022-02-16 15:41:11,896 INFO "GET /static/4011ac771b4fbe16eca04c4a0f6b0614.jpg HTTP/1.1" 200 478089
2022-02-16 15:41:11,906 INFO "GET /static/51a420f3640009330671d8b229bf5323.otf HTTP/1.1" 200 45760
2022-02-16 15:41:11,965 INFO "GET /static/favicon.ico HTTP/1.1" 200 169662
2022-02-16 15:41:13,287 INFO "POST /accounts/logout/ HTTP/1.1" 302 0
2022-02-16 15:41:13,291 INFO "GET / HTTP/1.1" 200 80
2022-02-16 15:41:13,306 INFO "GET /api/get_user/ HTTP/1.1" 200 118
2022-02-16 15:41:15,435 INFO "GET /static/index.html HTTP/1.1" 200 1055
2022-02-16 15:41:15,452 INFO "GET /static/js/main.692a7b8a42e70005613b.bundle.js HTTP/1.1" 200 3212673
2022-02-16 15:41:15,595 INFO "GET /static/js/vendors-node_modules_material-ui_core_esm_Grid_Grid_js.692a7b8a42e70005613b.bundle.js HTTP/1.1" 200 16641
2022-02-16 15:41:15,595 INFO "GET /static/js/src_js_pages_profile_index_tsx.692a7b8a42e70005613b.bundle.js HTTP/1.1" 200 10273
2022-02-16 15:41:15,596 INFO "GET /static/js/vendors-node_modules_material-ui_core_esm_Button_Button_js-node_modules_material-ui_core_esm_-3149be.692a7b8a42e70005613b.bundle.js HTTP/1.1" 200 42253
2022-02-16 15:41:15,627 INFO "GET /api/get_user/ HTTP/1.1" 200 118
2022-02-16 15:41:15,669 INFO "GET /static/favicon.ico HTTP/1.1" 200 169662
2022-02-16 15:48:42,880 INFO "GET /static/index.html HTTP/1.1" 200 1055
2022-02-16 15:48:42,910 INFO "GET /static/js/main.e96bcde91414f0019f1c.bundle.js HTTP/1.1" 200 3212673
2022-02-16 15:48:43,067 INFO "GET /static/8cd71d44194c35dfd6d0c817692c94ca.png HTTP/1.1" 200 35245
2022-02-16 15:48:43,072 INFO "GET /static/js/vendors-node_modules_material-ui_core_esm_Grid_Grid_js.e96bcde91414f0019f1c.bundle.js HTTP/1.1" 200 16641
2022-02-16 15:48:43,078 INFO "GET /static/js/vendors-node_modules_material-ui_core_esm_Button_Button_js-node_modules_material-ui_core_esm_-3149be.e96bcde91414f0019f1c.bundle.js HTTP/1.1" 200 42253
2022-02-16 15:48:43,082 INFO "GET /static/js/src_js_pages_profile_index_tsx.e96bcde91414f0019f1c.bundle.js HTTP/1.1" 200 10283
2022-02-16 15:48:43,113 INFO "GET /api/get_user/ HTTP/1.1" 200 118
2022-02-16 15:48:43,138 INFO "GET /static/4011ac771b4fbe16eca04c4a0f6b0614.jpg HTTP/1.1" 200 478089
2022-02-16 15:48:43,145 INFO "GET /static/51a420f3640009330671d8b229bf5323.otf HTTP/1.1" 200 45760
2022-02-16 15:48:43,194 INFO "GET /static/favicon.ico HTTP/1.1" 200 169662
2022-02-16 15:48:51,643 INFO "GET /accounts/google/login/ HTTP/1.1" 302 0
2022-02-16 15:48:52,754 INFO "GET /accounts/google/login/callback/?state=xOhJYEcj83Ac&code=4%2F0AX4XfWiXc8FCn8f8ijhhGeK0wycuJAYRQ0vS_QsIbRvRCQyEfi2uBUg4_t5r-ZpBHzV6PQ&scope=email+profile+https%3A%2F%2Fwww.googleapis.com%2Fauth%2Fuserinfo.email+openid+https%3A%2F%2Fwww.googleapis.com%2Fauth%2Fuserinfo.profile&authuser=0&hd=asu.edu&prompt=none HTTP/1.1" 302 0
2022-02-16 16:56:47,352 INFO Watching for file changes with StatReloader
2022-02-16 16:58:58,612 INFO "GET /static/index.html HTTP/1.1" 200 1055
2022-02-16 16:58:58,624 INFO "GET /static/js/main.add7838df68ddbe6b258.bundle.js HTTP/1.1" 200 3212143
2022-02-16 16:58:59,450 INFO "GET /static/index.html HTTP/1.1" 200 1055
2022-02-16 16:58:59,473 INFO "GET /static/js/main.add7838df68ddbe6b258.bundle.js HTTP/1.1" 200 3212143
2022-02-16 16:58:59,603 INFO "GET /static/js/vendors-node_modules_material-ui_core_esm_Grid_Grid_js.add7838df68ddbe6b258.bundle.js HTTP/1.1" 200 16641
2022-02-16 16:58:59,604 INFO "GET /static/js/src_js_pages_home_index_tsx.add7838df68ddbe6b258.bundle.js HTTP/1.1" 200 4855
2022-02-16 16:58:59,614 INFO "GET /static/8cd71d44194c35dfd6d0c817692c94ca.png HTTP/1.1" 200 35245
2022-02-16 16:58:59,650 INFO "GET /static/2212291feacabc6ddf6ab4479028b0ff.png HTTP/1.1" 200 18149
2022-02-16 16:58:59,653 INFO "GET /static/dbbbfa6028ef921712550680585aadb8.png HTTP/1.1" 200 12788
2022-02-16 16:58:59,655 INFO "GET /api/get_user/ HTTP/1.1" 200 333
2022-02-16 16:58:59,663 INFO "GET /static/29fc02d65f2e0f17338b1ee254f01e5d.png HTTP/1.1" 200 26391
2022-02-16 16:58:59,670 INFO "GET /static/c27a388023a41d4d334001825f43d507.png HTTP/1.1" 200 8321
2022-02-16 16:59:00,805 INFO "GET /static/js/vendors-node_modules_material-ui_icons_esm_Delete_js-node_modules_material-ui_icons_esm_Edit_-c45b31.add7838df68ddbe6b258.bundle.js HTTP/1.1" 200 18333
2022-02-16 16:59:00,805 INFO "GET /static/js/vendors-node_modules_material-ui_core_esm_Button_Button_js-node_modules_material-ui_core_esm_-3149be.add7838df68ddbe6b258.bundle.js HTTP/1.1" 200 42253
2022-02-16 16:59:00,806 INFO "GET /static/js/src_js_pages_content_index_tsx.add7838df68ddbe6b258.bundle.js HTTP/1.1" 200 78791
2022-02-16 16:59:00,808 INFO "GET /static/js/vendors-node_modules_solarspell-react-lib_dist_index_js.add7838df68ddbe6b258.bundle.js HTTP/1.1" 200 1430163
2022-02-16 16:59:00,959 INFO "GET /api/copyright/ HTTP/1.1" 200 59
2022-02-16 16:59:00,960 INFO "GET /api/organization/ HTTP/1.1" 200 59
2022-02-16 16:59:00,961 INFO "GET /api/metadata_types/?sort_by=name HTTP/1.1" 200 112
2022-02-16 16:59:01,037 INFO "GET /api/metadata_types/2/metadata/ HTTP/1.1" 200 221
2022-02-16 16:59:01,039 INFO "GET /api/metadata_types/1/metadata/ HTTP/1.1" 200 132
2022-02-16 16:59:01,079 INFO "GET /api/content/?page_size=10&page=1&sort_by=title&created_by=2&copyright=all HTTP/1.1" 200 906
2022-02-16 16:59:01,369 INFO "GET /static/js/src_js_pages_copyright_index_tsx.add7838df68ddbe6b258.bundle.js HTTP/1.1" 200 27020
2022-02-16 16:59:01,471 INFO "GET /api/copyright/ HTTP/1.1" 200 59
2022-02-16 16:59:01,473 INFO "GET /api/organization/ HTTP/1.1" 200 59
2022-02-16 16:59:01,803 INFO "GET /static/js/src_js_pages_profile_index_tsx.add7838df68ddbe6b258.bundle.js HTTP/1.1" 200 8391
2022-02-16 16:59:01,817 INFO "GET /static/4011ac771b4fbe16eca04c4a0f6b0614.jpg HTTP/1.1" 200 478089
2022-02-16 16:59:01,830 INFO "GET /static/51a420f3640009330671d8b229bf5323.otf HTTP/1.1" 200 45760
2022-02-16 16:59:09,562 INFO "GET /api/copyright/ HTTP/1.1" 200 59
2022-02-16 16:59:09,562 INFO "GET /api/organization/ HTTP/1.1" 200 59
2022-02-16 16:59:09,564 INFO "GET /api/metadata_types/?sort_by=name HTTP/1.1" 200 112
2022-02-16 16:59:09,620 INFO "GET /api/metadata_types/1/metadata/?page_size=5&page=1 HTTP/1.1" 200 132
2022-02-16 16:59:09,620 INFO "GET /api/metadata_types/2/metadata/?page_size=5&page=1 HTTP/1.1" 200 221
2022-02-16 16:59:09,716 INFO "GET /api/content/?page_size=10&page=1&sort_by=title&created_by=2&copyright=all HTTP/1.1" 200 906
2022-02-16 17:01:26,072 INFO "GET /api/check_duplicate?hash=cdacc34a22708082951a18554d536c24abe149825af5679ef10f03a5e28eb000 HTTP/1.1" 301 0
2022-02-16 17:01:26,082 INFO "GET /api/check_duplicate/?hash=cdacc34a22708082951a18554d536c24abe149825af5679ef10f03a5e28eb000 HTTP/1.1" 200 42
2022-02-16 17:01:53,625 INFO "POST /api/metadata/ HTTP/1.1" 201 80
2022-02-16 17:01:53,743 INFO "GET /api/metadata_types/2/metadata/?page_size=5&page=1 HTTP/1.1" 200 302
2022-02-16 17:01:58,651 INFO "GET /api/check_duplicate?hash=cdacc34a22708082951a18554d536c24abe149825af5679ef10f03a5e28eb000 HTTP/1.1" 301 0
2022-02-16 17:01:58,663 INFO "GET /api/check_duplicate/?hash=cdacc34a22708082951a18554d536c24abe149825af5679ef10f03a5e28eb000 HTTP/1.1" 200 42
2022-02-16 17:01:58,958 INFO "POST /api/content/ HTTP/1.1" 201 724
2022-02-16 17:01:59,091 INFO "GET /api/content/?page_size=10&page=1&sort_by=title&created_by=2&copyright=all HTTP/1.1" 200 1631
2022-02-16 17:02:00,494 INFO "GET /api/copyright/ HTTP/1.1" 200 59
2022-02-16 17:02:00,495 INFO "GET /api/organization/ HTTP/1.1" 200 59
2022-02-16 17:02:56,839 INFO "POST /api/organization/ HTTP/1.1" 201 97
2022-02-16 17:02:56,880 INFO "GET /api/organization/ HTTP/1.1" 200 156
2022-02-16 17:03:15,138 INFO "POST /api/copyright/ HTTP/1.1" 201 277
2022-02-16 17:03:15,183 INFO "GET /api/copyright/ HTTP/1.1" 200 336
2022-02-16 17:05:04,117 INFO "GET /api/copyright/ HTTP/1.1" 200 336
2022-02-16 17:05:04,117 INFO "GET /api/organization/ HTTP/1.1" 200 156
2022-02-16 17:05:04,118 INFO "GET /api/metadata_types/?sort_by=name HTTP/1.1" 200 112
2022-02-16 17:05:04,192 INFO "GET /api/metadata_types/1/metadata/?page_size=5&page=1 HTTP/1.1" 200 132
2022-02-16 17:05:04,195 INFO "GET /api/metadata_types/2/metadata/?page_size=5&page=1 HTTP/1.1" 200 302
2022-02-16 17:05:04,235 INFO "GET /api/content/?page_size=10&page=1&sort_by=title&created_by=2&copyright=all HTTP/1.1" 200 1631
2022-02-16 17:05:06,575 INFO "GET /media/Diagnostic_and_statistical_manual_of_mental_disorders___DSM-5__PDFDrive.com_.pdf HTTP/1.1" 200 7518145
2022-02-16 17:05:16,041 INFO "GET /media/Diagnostic_and_statistical_manual_of_mental_disorders___DSM-5__PDFDrive.com_.pdf HTTP/1.1" 200 7518145
2022-02-16 17:05:39,342 INFO "GET /media/koala_book-KG.pdf HTTP/1.1" 200 575523
2022-02-16 17:05:48,976 INFO "GET /api/organization/ HTTP/1.1" 200 156
2022-02-16 17:05:48,977 INFO "GET /api/copyright/ HTTP/1.1" 200 336
2022-02-16 17:05:49,694 INFO "GET /api/organization/ HTTP/1.1" 200 156
2022-02-16 17:05:49,695 INFO "GET /api/copyright/ HTTP/1.1" 200 336
2022-02-16 17:05:49,695 INFO "GET /api/metadata_types/?sort_by=name HTTP/1.1" 200 112
2022-02-16 17:05:49,758 INFO "GET /api/metadata_types/2/metadata/?page_size=5&page=1 HTTP/1.1" 200 302
2022-02-16 17:05:49,760 INFO "GET /api/metadata_types/1/metadata/?page_size=5&page=1 HTTP/1.1" 200 132
2022-02-16 17:05:49,834 INFO "GET /api/content/?page_size=10&page=1&sort_by=title&created_by=2&copyright=all HTTP/1.1" 200 1631
2022-02-16 17:05:59,607 INFO "PATCH /api/content/2/ HTTP/1.1" 200 721
2022-02-16 17:05:59,739 INFO "GET /api/content/?page_size=10&page=1&sort_by=title&created_by=2&copyright=all HTTP/1.1" 200 1628
2022-02-16 17:06:01,620 INFO "GET /api/organization/ HTTP/1.1" 200 156
2022-02-16 17:06:01,621 INFO "GET /api/copyright/ HTTP/1.1" 200 336
2022-02-16 19:12:03,842 INFO "GET /api/metadata_types/?sort_by=name HTTP/1.1" 200 112
2022-02-16 19:12:03,847 INFO "GET /api/copyright/ HTTP/1.1" 200 336
2022-02-16 19:12:03,852 INFO "GET /api/organization/ HTTP/1.1" 200 156
2022-02-16 19:12:03,908 INFO "GET /api/metadata_types/1/metadata/?page_size=5&page=1 HTTP/1.1" 200 132
2022-02-16 19:12:03,908 INFO "GET /api/metadata_types/2/metadata/?page_size=5&page=1 HTTP/1.1" 200 302
2022-02-16 19:12:03,958 INFO "GET /api/content/?page_size=10&page=1&sort_by=title&created_by=2&copyright=all HTTP/1.1" 200 1628
2022-02-16 19:12:05,552 INFO "GET /static/js/src_js_pages_metadata_index_tsx.add7838df68ddbe6b258.bundle.js HTTP/1.1" 200 23482
2022-02-16 19:12:05,583 INFO "GET /api/metadata_types/?sort_by=name HTTP/1.1" 200 112
2022-02-16 19:12:05,611 INFO "GET /api/metadata_types/1/metadata/?page_size=5&page=1 HTTP/1.1" 200 132
2022-02-16 19:12:05,612 INFO "GET /api/metadata_types/2/metadata/?page_size=5&page=1 HTTP/1.1" 200 302
2022-02-16 19:12:15,083 INFO "POST /api/metadata/ HTTP/1.1" 201 75
2022-02-16 19:12:15,202 INFO "GET /api/metadata_types/1/metadata/?page_size=5&page=1 HTTP/1.1" 200 208
2022-02-16 19:12:17,280 INFO "GET /api/organization/ HTTP/1.1" 200 156
2022-02-16 19:12:17,281 INFO "GET /api/copyright/ HTTP/1.1" 200 336
2022-02-16 19:12:17,873 INFO "GET /static/4011ac771b4fbe16eca04c4a0f6b0614.jpg HTTP/1.1" 200 478089
2022-02-16 19:12:19,114 INFO "POST /accounts/logout/ HTTP/1.1" 302 0
2022-02-16 19:12:19,116 INFO "GET / HTTP/1.1" 200 80
2022-02-16 19:12:19,125 INFO "GET /api/get_user/ HTTP/1.1" 200 118
