2022-05-04 15:02:17,193 INFO Watching for file changes with StatReloader
2022-05-04 15:02:17,193 INFO Watching for file changes with StatReloader
2022-05-04 15:02:44,444 INFO Watching for file changes with StatReloader
2022-05-04 15:02:44,444 INFO Watching for file changes with StatReloader
2022-05-04 15:02:54,464 INFO "GET /static/index.html HTTP/1.1" 200 1055
2022-05-04 15:02:54,464 INFO "GET /static/index.html HTTP/1.1" 200 1055
2022-05-04 15:02:54,506 INFO "GET /static/js/main.94466a5b7d243e53e4f4.bundle.js HTTP/1.1" 200 3212110
2022-05-04 15:02:54,506 INFO "GET /static/js/main.94466a5b7d243e53e4f4.bundle.js HTTP/1.1" 200 3212110
2022-05-04 15:02:54,639 INFO "GET /static/js/main.94466a5b7d243e53e4f4.bundle.js.map HTTP/1.1" 200 3316431
2022-05-04 15:02:54,639 INFO "GET /static/js/main.94466a5b7d243e53e4f4.bundle.js.map HTTP/1.1" 200 3316431
2022-05-04 15:02:54,657 INFO "GET /static/js/vendors-node_modules_material-ui_core_esm_Grid_Grid_js.94466a5b7d243e53e4f4.bundle.js HTTP/1.1" 200 16641
2022-05-04 15:02:54,657 INFO "GET /static/js/vendors-node_modules_material-ui_core_esm_Grid_Grid_js.94466a5b7d243e53e4f4.bundle.js HTTP/1.1" 200 16641
2022-05-04 15:02:54,659 INFO "GET /static/js/src_js_pages_metadata_index_tsx.94466a5b7d243e53e4f4.bundle.js HTTP/1.1" 200 23482
2022-05-04 15:02:54,659 INFO "GET /static/js/src_js_pages_metadata_index_tsx.94466a5b7d243e53e4f4.bundle.js HTTP/1.1" 200 23482
2022-05-04 15:02:54,661 INFO "GET /static/js/vendors-node_modules_material-ui_core_esm_Button_Button_js-node_modules_material-ui_core_esm_-3149be.94466a5b7d243e53e4f4.bundle.js HTTP/1.1" 200 42253
2022-05-04 15:02:54,661 INFO "GET /static/js/vendors-node_modules_material-ui_core_esm_Button_Button_js-node_modules_material-ui_core_esm_-3149be.94466a5b7d243e53e4f4.bundle.js HTTP/1.1" 200 42253
2022-05-04 15:02:54,667 INFO "GET /static/js/vendors-node_modules_solarspell-react-lib_dist_index_js.94466a5b7d243e53e4f4.bundle.js HTTP/1.1" 200 1430506
2022-05-04 15:02:54,667 INFO "GET /static/js/vendors-node_modules_solarspell-react-lib_dist_index_js.94466a5b7d243e53e4f4.bundle.js HTTP/1.1" 200 1430506
2022-05-04 15:02:54,707 WARNING {'token_key': '', 'username': '', 'email': '', 'groups': '', 'user_id': '', 'profile': None}
2022-05-04 15:02:54,708 INFO "GET /api/get_user/ HTTP/1.1" 200 118
2022-05-04 15:02:54,708 INFO "GET /api/get_user/ HTTP/1.1" 200 118
2022-05-04 15:02:54,814 ERROR {'detail': ErrorDetail(string='Authentication credentials were not provided.', code='not_authenticated')}
2022-05-04 15:02:54,814 WARNING Forbidden: /api/metadata_types/
2022-05-04 15:02:54,814 WARNING Forbidden: /api/metadata_types/
2022-05-04 15:02:54,815 WARNING "GET /api/metadata_types/?sort_by=name HTTP/1.1" 403 96
2022-05-04 15:02:54,815 WARNING "GET /api/metadata_types/?sort_by=name HTTP/1.1" 403 96
2022-05-04 15:02:54,833 INFO "GET /static/js/vendors-node_modules_material-ui_core_esm_Grid_Grid_js.94466a5b7d243e53e4f4.bundle.js.map HTTP/1.1" 200 16646
2022-05-04 15:02:54,833 INFO "GET /static/js/vendors-node_modules_material-ui_core_esm_Grid_Grid_js.94466a5b7d243e53e4f4.bundle.js.map HTTP/1.1" 200 16646
2022-05-04 15:02:54,860 INFO "GET /static/js/src_js_pages_metadata_index_tsx.94466a5b7d243e53e4f4.bundle.js.map HTTP/1.1" 200 13398
2022-05-04 15:02:54,860 INFO "GET /static/js/src_js_pages_metadata_index_tsx.94466a5b7d243e53e4f4.bundle.js.map HTTP/1.1" 200 13398
2022-05-04 15:02:54,864 INFO "GET /static/js/vendors-node_modules_material-ui_core_esm_Button_Button_js-node_modules_material-ui_core_esm_-3149be.94466a5b7d243e53e4f4.bundle.js.map HTTP/1.1" 200 40025
2022-05-04 15:02:54,864 INFO "GET /static/js/vendors-node_modules_material-ui_core_esm_Button_Button_js-node_modules_material-ui_core_esm_-3149be.94466a5b7d243e53e4f4.bundle.js.map HTTP/1.1" 200 40025
2022-05-04 15:02:54,865 INFO "GET /accounts/google/login/ HTTP/1.1" 302 0
2022-05-04 15:02:54,865 INFO "GET /accounts/google/login/ HTTP/1.1" 302 0
2022-05-04 15:02:54,900 INFO "GET /static/js/vendors-node_modules_solarspell-react-lib_dist_index_js.94466a5b7d243e53e4f4.bundle.js.map HTTP/1.1" 200 1304043
2022-05-04 15:02:54,900 INFO "GET /static/js/vendors-node_modules_solarspell-react-lib_dist_index_js.94466a5b7d243e53e4f4.bundle.js.map HTTP/1.1" 200 1304043
2022-05-04 15:02:58,502 INFO "GET /static/index.html HTTP/1.1" 200 1055
2022-05-04 15:02:58,502 INFO "GET /static/index.html HTTP/1.1" 200 1055
2022-05-04 15:02:58,549 INFO "GET /static/js/main.94466a5b7d243e53e4f4.bundle.js HTTP/1.1" 200 3212110
2022-05-04 15:02:58,549 INFO "GET /static/js/main.94466a5b7d243e53e4f4.bundle.js HTTP/1.1" 200 3212110
2022-05-04 15:02:58,715 INFO "GET /static/js/vendors-node_modules_material-ui_core_esm_Grid_Grid_js.94466a5b7d243e53e4f4.bundle.js HTTP/1.1" 200 16641
2022-05-04 15:02:58,715 INFO "GET /static/js/vendors-node_modules_material-ui_core_esm_Grid_Grid_js.94466a5b7d243e53e4f4.bundle.js HTTP/1.1" 200 16641
2022-05-04 15:02:58,715 INFO "GET /static/js/src_js_pages_home_index_tsx.94466a5b7d243e53e4f4.bundle.js HTTP/1.1" 200 4855
2022-05-04 15:02:58,715 INFO "GET /static/js/src_js_pages_home_index_tsx.94466a5b7d243e53e4f4.bundle.js HTTP/1.1" 200 4855
2022-05-04 15:02:58,727 INFO "GET /static/8cd71d44194c35dfd6d0c817692c94ca.png HTTP/1.1" 200 35245
2022-05-04 15:02:58,727 INFO "GET /static/8cd71d44194c35dfd6d0c817692c94ca.png HTTP/1.1" 200 35245
2022-05-04 15:02:58,742 INFO "GET /static/js/main.94466a5b7d243e53e4f4.bundle.js.map HTTP/1.1" 200 3316431
2022-05-04 15:02:58,742 INFO "GET /static/js/main.94466a5b7d243e53e4f4.bundle.js.map HTTP/1.1" 200 3316431
2022-05-04 15:02:58,778 WARNING {'token_key': '', 'username': '', 'email': '', 'groups': '', 'user_id': '', 'profile': None}
2022-05-04 15:02:58,778 INFO "GET /api/get_user/ HTTP/1.1" 200 118
2022-05-04 15:02:58,778 INFO "GET /api/get_user/ HTTP/1.1" 200 118
2022-05-04 15:02:58,782 INFO "GET /static/js/vendors-node_modules_material-ui_core_esm_Grid_Grid_js.94466a5b7d243e53e4f4.bundle.js.map HTTP/1.1" 200 16646
2022-05-04 15:02:58,782 INFO "GET /static/js/src_js_pages_home_index_tsx.94466a5b7d243e53e4f4.bundle.js.map HTTP/1.1" 200 2367
2022-05-04 15:02:58,782 INFO "GET /static/js/vendors-node_modules_material-ui_core_esm_Grid_Grid_js.94466a5b7d243e53e4f4.bundle.js.map HTTP/1.1" 200 16646
2022-05-04 15:02:58,782 INFO "GET /static/js/src_js_pages_home_index_tsx.94466a5b7d243e53e4f4.bundle.js.map HTTP/1.1" 200 2367
2022-05-04 15:02:58,785 INFO "GET /static/2212291feacabc6ddf6ab4479028b0ff.png HTTP/1.1" 200 18149
2022-05-04 15:02:58,785 INFO "GET /static/2212291feacabc6ddf6ab4479028b0ff.png HTTP/1.1" 200 18149
2022-05-04 15:02:58,785 INFO "GET /static/c27a388023a41d4d334001825f43d507.png HTTP/1.1" 200 8321
2022-05-04 15:02:58,786 INFO "GET /static/dbbbfa6028ef921712550680585aadb8.png HTTP/1.1" 200 12788
2022-05-04 15:02:58,785 INFO "GET /static/c27a388023a41d4d334001825f43d507.png HTTP/1.1" 200 8321
2022-05-04 15:02:58,786 INFO "GET /static/dbbbfa6028ef921712550680585aadb8.png HTTP/1.1" 200 12788
2022-05-04 15:02:58,787 INFO "GET /static/29fc02d65f2e0f17338b1ee254f01e5d.png HTTP/1.1" 200 26391
2022-05-04 15:02:58,787 INFO "GET /static/29fc02d65f2e0f17338b1ee254f01e5d.png HTTP/1.1" 200 26391
2022-05-04 15:02:58,846 INFO "GET /static/favicon.ico HTTP/1.1" 200 169662
2022-05-04 15:02:58,846 INFO "GET /static/favicon.ico HTTP/1.1" 200 169662
2022-05-04 15:02:59,939 INFO "GET /static/js/src_js_pages_metadata_index_tsx.94466a5b7d243e53e4f4.bundle.js HTTP/1.1" 200 23482
2022-05-04 15:02:59,939 INFO "GET /static/js/src_js_pages_metadata_index_tsx.94466a5b7d243e53e4f4.bundle.js HTTP/1.1" 200 23482
2022-05-04 15:02:59,940 INFO "GET /static/js/vendors-node_modules_material-ui_core_esm_Button_Button_js-node_modules_material-ui_core_esm_-3149be.94466a5b7d243e53e4f4.bundle.js HTTP/1.1" 200 42253
2022-05-04 15:02:59,940 INFO "GET /static/js/vendors-node_modules_material-ui_core_esm_Button_Button_js-node_modules_material-ui_core_esm_-3149be.94466a5b7d243e53e4f4.bundle.js HTTP/1.1" 200 42253
2022-05-04 15:02:59,943 INFO "GET /static/js/vendors-node_modules_solarspell-react-lib_dist_index_js.94466a5b7d243e53e4f4.bundle.js HTTP/1.1" 200 1430506
2022-05-04 15:02:59,943 INFO "GET /static/js/vendors-node_modules_solarspell-react-lib_dist_index_js.94466a5b7d243e53e4f4.bundle.js HTTP/1.1" 200 1430506
2022-05-04 15:02:59,944 INFO "GET /static/js/vendors-node_modules_material-ui_core_esm_Button_Button_js-node_modules_material-ui_core_esm_-3149be.94466a5b7d243e53e4f4.bundle.js.map HTTP/1.1" 200 40025
2022-05-04 15:02:59,944 INFO "GET /static/js/vendors-node_modules_material-ui_core_esm_Button_Button_js-node_modules_material-ui_core_esm_-3149be.94466a5b7d243e53e4f4.bundle.js.map HTTP/1.1" 200 40025
2022-05-04 15:02:59,983 INFO "GET /static/js/vendors-node_modules_solarspell-react-lib_dist_index_js.94466a5b7d243e53e4f4.bundle.js.map HTTP/1.1" 200 1304043
2022-05-04 15:02:59,983 INFO "GET /static/js/vendors-node_modules_solarspell-react-lib_dist_index_js.94466a5b7d243e53e4f4.bundle.js.map HTTP/1.1" 200 1304043
2022-05-04 15:03:00,015 INFO "GET /static/js/src_js_pages_metadata_index_tsx.94466a5b7d243e53e4f4.bundle.js.map HTTP/1.1" 200 13398
2022-05-04 15:03:00,015 INFO "GET /static/js/src_js_pages_metadata_index_tsx.94466a5b7d243e53e4f4.bundle.js.map HTTP/1.1" 200 13398
2022-05-04 15:03:00,030 ERROR {'detail': ErrorDetail(string='Authentication credentials were not provided.', code='not_authenticated')}
2022-05-04 15:03:00,030 WARNING Forbidden: /api/metadata_types/
2022-05-04 15:03:00,030 WARNING Forbidden: /api/metadata_types/
2022-05-04 15:03:00,030 WARNING "GET /api/metadata_types/?sort_by=name HTTP/1.1" 403 96
2022-05-04 15:03:00,030 WARNING "GET /api/metadata_types/?sort_by=name HTTP/1.1" 403 96
2022-05-04 15:03:00,068 INFO "GET /accounts/google/login/ HTTP/1.1" 302 0
2022-05-04 15:03:00,068 INFO "GET /accounts/google/login/ HTTP/1.1" 302 0
2022-05-04 15:04:21,649 INFO "GET /accounts/google/login/callback/?state=tdeNHqsXprW8&code=4%2F0AX4XfWhUrx0-_tMPPe6Wf2ClMs3gdubXGc0uq1kV1bWLwjbHsn2_-rAR_P3_I-3E2KV8ZA&scope=email+profile+https%3A%2F%2Fwww.googleapis.com%2Fauth%2Fuserinfo.profile+https%3A%2F%2Fwww.googleapis.com%2Fauth%2Fuserinfo.email+openid&authuser=0&hd=asu.edu&prompt=consent HTTP/1.1" 302 0
2022-05-04 15:04:21,649 INFO "GET /accounts/google/login/callback/?state=tdeNHqsXprW8&code=4%2F0AX4XfWhUrx0-_tMPPe6Wf2ClMs3gdubXGc0uq1kV1bWLwjbHsn2_-rAR_P3_I-3E2KV8ZA&scope=email+profile+https%3A%2F%2Fwww.googleapis.com%2Fauth%2Fuserinfo.profile+https%3A%2F%2Fwww.googleapis.com%2Fauth%2Fuserinfo.email+openid&authuser=0&hd=asu.edu&prompt=consent HTTP/1.1" 302 0
2022-05-04 15:04:21,651 INFO "GET /static/index.html HTTP/1.1" 200 1055
2022-05-04 15:04:21,651 INFO "GET /static/index.html HTTP/1.1" 200 1055
2022-05-04 15:04:21,707 INFO "GET /static/js/main.94466a5b7d243e53e4f4.bundle.js HTTP/1.1" 200 3212110
2022-05-04 15:04:21,707 INFO "GET /static/js/main.94466a5b7d243e53e4f4.bundle.js HTTP/1.1" 200 3212110
2022-05-04 15:04:21,865 INFO "GET /static/js/src_js_pages_profile_index_tsx.94466a5b7d243e53e4f4.bundle.js HTTP/1.1" 200 8391
2022-05-04 15:04:21,865 INFO "GET /static/js/src_js_pages_profile_index_tsx.94466a5b7d243e53e4f4.bundle.js HTTP/1.1" 200 8391
2022-05-04 15:04:21,865 INFO "GET /static/js/vendors-node_modules_material-ui_core_esm_Grid_Grid_js.94466a5b7d243e53e4f4.bundle.js HTTP/1.1" 200 16641
2022-05-04 15:04:21,865 INFO "GET /static/js/vendors-node_modules_material-ui_core_esm_Grid_Grid_js.94466a5b7d243e53e4f4.bundle.js HTTP/1.1" 200 16641
2022-05-04 15:04:21,865 INFO "GET /static/js/vendors-node_modules_material-ui_core_esm_Button_Button_js-node_modules_material-ui_core_esm_-3149be.94466a5b7d243e53e4f4.bundle.js HTTP/1.1" 200 42253
2022-05-04 15:04:21,865 INFO "GET /static/js/vendors-node_modules_material-ui_core_esm_Button_Button_js-node_modules_material-ui_core_esm_-3149be.94466a5b7d243e53e4f4.bundle.js HTTP/1.1" 200 42253
2022-05-04 15:04:21,877 INFO "GET /static/8cd71d44194c35dfd6d0c817692c94ca.png HTTP/1.1" 200 35245
2022-05-04 15:04:21,877 INFO "GET /static/8cd71d44194c35dfd6d0c817692c94ca.png HTTP/1.1" 200 35245
2022-05-04 15:04:21,891 INFO "GET /static/js/main.94466a5b7d243e53e4f4.bundle.js.map HTTP/1.1" 200 3316431
2022-05-04 15:04:21,891 INFO "GET /static/js/main.94466a5b7d243e53e4f4.bundle.js.map HTTP/1.1" 200 3316431
2022-05-04 15:04:21,931 INFO "GET /static/js/vendors-node_modules_material-ui_core_esm_Grid_Grid_js.94466a5b7d243e53e4f4.bundle.js.map HTTP/1.1" 200 16646
2022-05-04 15:04:21,931 INFO "GET /static/js/vendors-node_modules_material-ui_core_esm_Grid_Grid_js.94466a5b7d243e53e4f4.bundle.js.map HTTP/1.1" 200 16646
2022-05-04 15:04:21,935 WARNING {'token_key': 'ya29.A0ARrdaM8uzbVHUJRreGvrQTsWEzf8eWHBdWwO34DI91_g_8d_yf1s6psEUsBRaC1fI04mwFektKN-vcmOqsuNosp5zjEN4wEhnY9TUkB7WK3uxxruZN-dmz9hIAcrmDs5hRSKH5lw1OZ5iNz_ae39qmFwxwdE', 'username': 'pavithra_devi', 'email': 'prajkuma@asu.edu', 'groups': ['Student'], 'user_id': 2, 'profile': {'num_content': 17}}
2022-05-04 15:04:21,935 INFO "GET /api/get_user/ HTTP/1.1" 200 332
2022-05-04 15:04:21,935 INFO "GET /api/get_user/ HTTP/1.1" 200 332
2022-05-04 15:04:21,940 INFO "GET /static/4011ac771b4fbe16eca04c4a0f6b0614.jpg HTTP/1.1" 200 478089
2022-05-04 15:04:21,940 INFO "GET /static/4011ac771b4fbe16eca04c4a0f6b0614.jpg HTTP/1.1" 200 478089
2022-05-04 15:04:21,941 INFO "GET /static/js/src_js_pages_profile_index_tsx.94466a5b7d243e53e4f4.bundle.js.map HTTP/1.1" 200 4771
2022-05-04 15:04:21,941 INFO "GET /static/js/src_js_pages_profile_index_tsx.94466a5b7d243e53e4f4.bundle.js.map HTTP/1.1" 200 4771
2022-05-04 15:04:21,944 INFO "GET /static/js/vendors-node_modules_material-ui_core_esm_Button_Button_js-node_modules_material-ui_core_esm_-3149be.94466a5b7d243e53e4f4.bundle.js.map HTTP/1.1" 200 40025
2022-05-04 15:04:21,944 INFO "GET /static/js/vendors-node_modules_material-ui_core_esm_Button_Button_js-node_modules_material-ui_core_esm_-3149be.94466a5b7d243e53e4f4.bundle.js.map HTTP/1.1" 200 40025
2022-05-04 15:04:21,985 INFO "GET /static/51a420f3640009330671d8b229bf5323.otf HTTP/1.1" 200 45760
2022-05-04 15:04:21,985 INFO "GET /static/51a420f3640009330671d8b229bf5323.otf HTTP/1.1" 200 45760
2022-05-04 15:19:51,609 INFO "GET /static/js/vendors-node_modules_solarspell-react-lib_dist_index_js.94466a5b7d243e53e4f4.bundle.js HTTP/1.1" 200 1430506
2022-05-04 15:19:51,609 INFO "GET /static/js/vendors-node_modules_solarspell-react-lib_dist_index_js.94466a5b7d243e53e4f4.bundle.js HTTP/1.1" 200 1430506
2022-05-04 15:19:51,611 INFO "GET /static/js/src_js_pages_copyright_index_tsx.94466a5b7d243e53e4f4.bundle.js HTTP/1.1" 200 27020
2022-05-04 15:19:51,611 INFO "GET /static/js/src_js_pages_copyright_index_tsx.94466a5b7d243e53e4f4.bundle.js HTTP/1.1" 200 27020
2022-05-04 15:19:51,649 INFO "GET /static/js/vendors-node_modules_solarspell-react-lib_dist_index_js.94466a5b7d243e53e4f4.bundle.js.map HTTP/1.1" 200 1304043
2022-05-04 15:19:51,649 INFO "GET /static/js/vendors-node_modules_solarspell-react-lib_dist_index_js.94466a5b7d243e53e4f4.bundle.js.map HTTP/1.1" 200 1304043
2022-05-04 15:19:51,687 INFO "GET /static/js/src_js_pages_copyright_index_tsx.94466a5b7d243e53e4f4.bundle.js.map HTTP/1.1" 200 20882
2022-05-04 15:19:51,687 INFO "GET /static/js/src_js_pages_copyright_index_tsx.94466a5b7d243e53e4f4.bundle.js.map HTTP/1.1" 200 20882
2022-05-04 15:19:51,903 WARNING {'total': 4, 'items': [OrderedDict([('name', 'canopée'), ('email', 'canopée@blah.com'), ('website', 'canopee.com'), ('id', 2)]), OrderedDict([('name', 'yahoo'), ('email', 'yahoo.com'), ('website', 'yahoo.com'), ('id', 4)]), OrderedDict([('name', 'Google_upda'), ('email', 'google@google.com'), ('website', 'google.com'), ('id', 3)]), OrderedDict([('name', 'Kids Book'), ('email', 'freekidsbook@org.com'), ('website', 'https://freekidsbooks.org/'), ('id', 1)])]}
2022-05-04 15:19:51,904 INFO "GET /api/organization/ HTTP/1.1" 200 382
2022-05-04 15:19:51,904 INFO "GET /api/organization/ HTTP/1.1" 200 382
2022-05-04 15:19:51,914 WARNING {'total': 9, 'items': [OrderedDict([('organization', 2), ('description', 'Crepe'), ('date_contacted', '2022-02-05'), ('granted', False), ('date_of_response', '2022-02-19'), ('user', 2), ('id', 35), ('organization_info', {'name': 'canopée', 'email': 'canopée@blah.com', 'website': 'canopee.com'}), ('user_name', 'pavithra_devi')]), OrderedDict([('organization', 3), ('description', 'Some'), ('date_contacted', '2022-03-01'), ('granted', True), ('date_of_response', '2022-03-08'), ('user', 2), ('id', 44), ('organization_info', {'name': 'Google_upda', 'email': 'google@google.com', 'website': 'google.com'}), ('user_name', 'pavithra_devi')]), OrderedDict([('organization', 3), ('description', 'goo'), ('date_contacted', '2022-03-01'), ('granted', True), ('date_of_response', '2022-03-09'), ('user', 2), ('id', 45), ('organization_info', {'name': 'Google_upda', 'email': 'google@google.com', 'website': 'google.com'}), ('user_name', 'pavithra_devi')]), OrderedDict([('organization', 3), ('description', 'Google'), ('date_contacted', '2022-03-05'), ('granted', True), ('date_of_response', '2022-03-06'), ('user', 2), ('id', 46), ('organization_info', {'name': 'Google_upda', 'email': 'google@google.com', 'website': 'google.com'}), ('user_name', 'pavithra_devi')]), OrderedDict([('organization', 3), ('description', 'Add'), ('date_contacted', '2022-03-01'), ('granted', True), ('date_of_response', '2022-03-09'), ('user', 2), ('id', 47), ('organization_info', {'name': 'Google_upda', 'email': 'google@google.com', 'website': 'google.com'}), ('user_name', 'pavithra_devi')]), OrderedDict([('organization', 3), ('description', 'add3'), ('date_contacted', '2022-03-02'), ('granted', True), ('date_of_response', '2022-03-05'), ('user', 2), ('id', 49), ('organization_info', {'name': 'Google_upda', 'email': 'google@google.com', 'website': 'google.com'}), ('user_name', 'pavithra_devi')]), OrderedDict([('organization', 1), ('description', 'KidsBook'), ('date_contacted', '2022-03-06'), ('granted', True), ('date_of_response', '2022-03-09'), ('user', 2), ('id', 50), ('organization_info', {'name': 'Kids Book', 'email': 'freekidsbook@org.com', 'website': 'https://freekidsbooks.org/'}), ('user_name', 'pavithra_devi')]), OrderedDict([('organization', 1), ('description', 'SomeMoreKids'), ('date_contacted', '2022-03-06'), ('granted', True), ('date_of_response', '2022-03-09'), ('user', 2), ('id', 51), ('organization_info', {'name': 'Kids Book', 'email': 'freekidsbook@org.com', 'website': 'https://freekidsbooks.org/'}), ('user_name', 'pavithra_devi')]), OrderedDict([('organization', 4), ('description', 'add2_yahoo'), ('date_contacted', '2022-03-02'), ('granted', True), ('date_of_response', '2022-03-16'), ('user', 2), ('id', 48), ('organization_info', {'name': 'yahoo', 'email': 'yahoo.com', 'website': 'yahoo.com'}), ('user_name', 'pavithra_devi')])]}
2022-05-04 15:19:51,914 INFO "GET /api/copyright/ HTTP/1.1" 200 2399
2022-05-04 15:19:51,914 INFO "GET /api/copyright/ HTTP/1.1" 200 2399
2022-05-04 15:19:53,315 INFO "GET /static/js/vendors-node_modules_material-ui_icons_esm_Delete_js-node_modules_material-ui_icons_esm_Edit_-c45b31.94466a5b7d243e53e4f4.bundle.js HTTP/1.1" 200 18333
2022-05-04 15:19:53,315 INFO "GET /static/js/vendors-node_modules_material-ui_icons_esm_Delete_js-node_modules_material-ui_icons_esm_Edit_-c45b31.94466a5b7d243e53e4f4.bundle.js HTTP/1.1" 200 18333
2022-05-04 15:19:53,316 INFO "GET /static/js/src_js_pages_content_index_tsx.94466a5b7d243e53e4f4.bundle.js HTTP/1.1" 200 80654
2022-05-04 15:19:53,316 INFO "GET /static/js/src_js_pages_content_index_tsx.94466a5b7d243e53e4f4.bundle.js HTTP/1.1" 200 80654
2022-05-04 15:19:53,324 INFO "GET /static/js/vendors-node_modules_material-ui_icons_esm_Delete_js-node_modules_material-ui_icons_esm_Edit_-c45b31.94466a5b7d243e53e4f4.bundle.js.map HTTP/1.1" 200 16843
2022-05-04 15:19:53,324 INFO "GET /static/js/vendors-node_modules_material-ui_icons_esm_Delete_js-node_modules_material-ui_icons_esm_Edit_-c45b31.94466a5b7d243e53e4f4.bundle.js.map HTTP/1.1" 200 16843
2022-05-04 15:19:53,363 INFO "GET /static/js/src_js_pages_content_index_tsx.94466a5b7d243e53e4f4.bundle.js.map HTTP/1.1" 200 58900
2022-05-04 15:19:53,363 INFO "GET /static/js/src_js_pages_content_index_tsx.94466a5b7d243e53e4f4.bundle.js.map HTTP/1.1" 200 58900
2022-05-04 15:19:53,444 WARNING {'total': 4, 'items': [OrderedDict([('name', 'canopée'), ('email', 'canopée@blah.com'), ('website', 'canopee.com'), ('id', 2)]), OrderedDict([('name', 'yahoo'), ('email', 'yahoo.com'), ('website', 'yahoo.com'), ('id', 4)]), OrderedDict([('name', 'Google_upda'), ('email', 'google@google.com'), ('website', 'google.com'), ('id', 3)]), OrderedDict([('name', 'Kids Book'), ('email', 'freekidsbook@org.com'), ('website', 'https://freekidsbooks.org/'), ('id', 1)])]}
2022-05-04 15:19:53,445 WARNING {'total': 6, 'items': [OrderedDict([('id', 2), ('name', 'Authors')]), OrderedDict([('id', 3), ('name', 'Copyright Permissions')]), OrderedDict([('id', 4), ('name', 'Copyrights')]), OrderedDict([('id', 18), ('name', 'new')]), OrderedDict([('id', 19), ('name', 'newonw')]), OrderedDict([('id', 1), ('name', 'Resources')])]}
2022-05-04 15:19:53,447 INFO "GET /api/organization/ HTTP/1.1" 200 382
2022-05-04 15:19:53,447 INFO "GET /api/metadata_types/?sort_by=name HTTP/1.1" 200 230
2022-05-04 15:19:53,447 INFO "GET /api/organization/ HTTP/1.1" 200 382
2022-05-04 15:19:53,447 INFO "GET /api/metadata_types/?sort_by=name HTTP/1.1" 200 230
2022-05-04 15:19:53,454 WARNING {'total': 9, 'items': [OrderedDict([('organization', 2), ('description', 'Crepe'), ('date_contacted', '2022-02-05'), ('granted', False), ('date_of_response', '2022-02-19'), ('user', 2), ('id', 35), ('organization_info', {'name': 'canopée', 'email': 'canopée@blah.com', 'website': 'canopee.com'}), ('user_name', 'pavithra_devi')]), OrderedDict([('organization', 3), ('description', 'Some'), ('date_contacted', '2022-03-01'), ('granted', True), ('date_of_response', '2022-03-08'), ('user', 2), ('id', 44), ('organization_info', {'name': 'Google_upda', 'email': 'google@google.com', 'website': 'google.com'}), ('user_name', 'pavithra_devi')]), OrderedDict([('organization', 3), ('description', 'goo'), ('date_contacted', '2022-03-01'), ('granted', True), ('date_of_response', '2022-03-09'), ('user', 2), ('id', 45), ('organization_info', {'name': 'Google_upda', 'email': 'google@google.com', 'website': 'google.com'}), ('user_name', 'pavithra_devi')]), OrderedDict([('organization', 3), ('description', 'Google'), ('date_contacted', '2022-03-05'), ('granted', True), ('date_of_response', '2022-03-06'), ('user', 2), ('id', 46), ('organization_info', {'name': 'Google_upda', 'email': 'google@google.com', 'website': 'google.com'}), ('user_name', 'pavithra_devi')]), OrderedDict([('organization', 3), ('description', 'Add'), ('date_contacted', '2022-03-01'), ('granted', True), ('date_of_response', '2022-03-09'), ('user', 2), ('id', 47), ('organization_info', {'name': 'Google_upda', 'email': 'google@google.com', 'website': 'google.com'}), ('user_name', 'pavithra_devi')]), OrderedDict([('organization', 3), ('description', 'add3'), ('date_contacted', '2022-03-02'), ('granted', True), ('date_of_response', '2022-03-05'), ('user', 2), ('id', 49), ('organization_info', {'name': 'Google_upda', 'email': 'google@google.com', 'website': 'google.com'}), ('user_name', 'pavithra_devi')]), OrderedDict([('organization', 1), ('description', 'KidsBook'), ('date_contacted', '2022-03-06'), ('granted', True), ('date_of_response', '2022-03-09'), ('user', 2), ('id', 50), ('organization_info', {'name': 'Kids Book', 'email': 'freekidsbook@org.com', 'website': 'https://freekidsbooks.org/'}), ('user_name', 'pavithra_devi')]), OrderedDict([('organization', 1), ('description', 'SomeMoreKids'), ('date_contacted', '2022-03-06'), ('granted', True), ('date_of_response', '2022-03-09'), ('user', 2), ('id', 51), ('organization_info', {'name': 'Kids Book', 'email': 'freekidsbook@org.com', 'website': 'https://freekidsbooks.org/'}), ('user_name', 'pavithra_devi')]), OrderedDict([('organization', 4), ('description', 'add2_yahoo'), ('date_contacted', '2022-03-02'), ('granted', True), ('date_of_response', '2022-03-16'), ('user', 2), ('id', 48), ('organization_info', {'name': 'yahoo', 'email': 'yahoo.com', 'website': 'yahoo.com'}), ('user_name', 'pavithra_devi')])]}
2022-05-04 15:19:53,455 INFO "GET /api/copyright/ HTTP/1.1" 200 2399
2022-05-04 15:19:53,455 INFO "GET /api/copyright/ HTTP/1.1" 200 2399
2022-05-04 15:19:53,622 WARNING {'total': 1, 'items': [OrderedDict([('id', 37), ('name', 'cxc'), ('type', 4), ('metadataType', {'id': 4, 'name': 'Copyrights'})])]}
2022-05-04 15:19:53,626 INFO "GET /api/metadata_types/4/metadata/ HTTP/1.1" 200 134
2022-05-04 15:19:53,626 INFO "GET /api/metadata_types/4/metadata/ HTTP/1.1" 200 134
2022-05-04 15:19:53,631 WARNING {'total': 8, 'items': [OrderedDict([('id', 16), ('name', 'CP1'), ('type', 3), ('metadataType', {'id': 3, 'name': 'Copyright Permissions'})]), OrderedDict([('id', 17), ('name', 'CP2'), ('type', 3), ('metadataType', {'id': 3, 'name': 'Copyright Permissions'})]), OrderedDict([('id', 18), ('name', 'CP3'), ('type', 3), ('metadataType', {'id': 3, 'name': 'Copyright Permissions'})]), OrderedDict([('id', 19), ('name', 'CP4'), ('type', 3), ('metadataType', {'id': 3, 'name': 'Copyright Permissions'})]), OrderedDict([('id', 20), ('name', 'CP5'), ('type', 3), ('metadataType', {'id': 3, 'name': 'Copyright Permissions'})]), OrderedDict([('id', 21), ('name', 'CP6'), ('type', 3), ('metadataType', {'id': 3, 'name': 'Copyright Permissions'})]), OrderedDict([('id', 22), ('name', 'CP7'), ('type', 3), ('metadataType', {'id': 3, 'name': 'Copyright Permissions'})]), OrderedDict([('id', 23), ('name', 'CP8'), ('type', 3), ('metadataType', {'id': 3, 'name': 'Copyright Permissions'})])]}
2022-05-04 15:19:53,637 INFO "GET /api/metadata_types/3/metadata/ HTTP/1.1" 200 754
2022-05-04 15:19:53,637 INFO "GET /api/metadata_types/3/metadata/ HTTP/1.1" 200 754
2022-05-04 15:19:53,642 WARNING {'total': 2, 'items': [OrderedDict([('id', 38), ('name', '123'), ('type', 18), ('metadataType', {'id': 18, 'name': 'new'})]), OrderedDict([('id', 39), ('name', '142'), ('type', 18), ('metadataType', {'id': 18, 'name': 'new'})])]}
2022-05-04 15:19:53,646 WARNING {'total': 0, 'items': []}
2022-05-04 15:19:53,648 INFO "GET /api/metadata_types/18/metadata/ HTTP/1.1" 200 200
2022-05-04 15:19:53,649 INFO "GET /api/metadata_types/19/metadata/ HTTP/1.1" 200 59
2022-05-04 15:19:53,648 INFO "GET /api/metadata_types/18/metadata/ HTTP/1.1" 200 200
2022-05-04 15:19:53,649 WARNING {'total': 21, 'items': [OrderedDict([('id', 24), ('name', 'A1'), ('type', 2), ('metadataType', {'id': 2, 'name': 'Authors'})]), OrderedDict([('id', 25), ('name', 'A2'), ('type', 2), ('metadataType', {'id': 2, 'name': 'Authors'})]), OrderedDict([('id', 26), ('name', 'A3'), ('type', 2), ('metadataType', {'id': 2, 'name': 'Authors'})]), OrderedDict([('id', 27), ('name', 'A4'), ('type', 2), ('metadataType', {'id': 2, 'name': 'Authors'})]), OrderedDict([('id', 30), ('name', 'A6'), ('type', 2), ('metadataType', {'id': 2, 'name': 'Authors'})]), OrderedDict([('id', 31), ('name', 'A7'), ('type', 2), ('metadataType', {'id': 2, 'name': 'Authors'})]), OrderedDict([('id', 29), ('name', 'A8'), ('type', 2), ('metadataType', {'id': 2, 'name': 'Authors'})]), OrderedDict([('id', 6), ('name', 'Author_dff'), ('type', 2), ('metadataType', {'id': 2, 'name': 'Authors'})]), OrderedDict([('id', 8), ('name', 'Authors124'), ('type', 2), ('metadataType', {'id': 2, 'name': 'Authors'})]), OrderedDict([('id', 7), ('name', 'Authors3'), ('type', 2), ('metadataType', {'id': 2, 'name': 'Authors'})]), OrderedDict([('id', 9), ('name', 'Authors32'), ('type', 2), ('metadataType', {'id': 2, 'name': 'Authors'})]), OrderedDict([('id', 10), ('name', 'Authors5'), ('type', 2), ('metadataType', {'id': 2, 'name': 'Authors'})]), OrderedDict([('id', 11), ('name', 'Authors65'), ('type', 2), ('metadataType', {'id': 2, 'name': 'Authors'})]), OrderedDict([('id', 14), ('name', 'Authors67'), ('type', 2), ('metadataType', {'id': 2, 'name': 'Authors'})]), OrderedDict([('id', 12), ('name', 'Authors68'), ('type', 2), ('metadataType', {'id': 2, 'name': 'Authors'})]), OrderedDict([('id', 13), ('name', 'Authors69'), ('type', 2), ('metadataType', {'id': 2, 'name': 'Authors'})]), OrderedDict([('id', 15), ('name', 'Authors76'), ('type', 2), ('metadataType', {'id': 2, 'name': 'Authors'})]), OrderedDict([('id', 32), ('name', 'B21'), ('type', 2), ('metadataType', {'id': 2, 'name': 'Authors'})]), OrderedDict([('id', 1), ('name', 'J K Rowling'), ('type', 2), ('metadataType', {'id': 2, 'name': 'Authors'})]), OrderedDict([('id', 4), ('name', 'Kahani Goyal'), ('type', 2), ('metadataType', {'id': 2, 'name': 'Authors'})]), OrderedDict([('id', 2), ('name', 'Liane Moriarty'), ('type', 2), ('metadataType', {'id': 2, 'name': 'Authors'})])]}
2022-05-04 15:19:53,649 INFO "GET /api/metadata_types/19/metadata/ HTTP/1.1" 200 59
2022-05-04 15:19:53,653 INFO "GET /api/metadata_types/2/metadata/ HTTP/1.1" 200 1666
2022-05-04 15:19:53,653 INFO "GET /api/metadata_types/2/metadata/ HTTP/1.1" 200 1666
2022-05-04 15:19:53,654 WARNING {'total': 5, 'items': [OrderedDict([('id', 34), ('name', 'Audio'), ('type', 1), ('metadataType', {'id': 1, 'name': 'Resources'})]), OrderedDict([('id', 35), ('name', 'Document'), ('type', 1), ('metadataType', {'id': 1, 'name': 'Resources'})]), OrderedDict([('id', 36), ('name', 'File'), ('type', 1), ('metadataType', {'id': 1, 'name': 'Resources'})]), OrderedDict([('id', 3), ('name', 'PDF'), ('type', 1), ('metadataType', {'id': 1, 'name': 'Resources'})]), OrderedDict([('id', 5), ('name', 'Video'), ('type', 1), ('metadataType', {'id': 1, 'name': 'Resources'})])]}
2022-05-04 15:19:53,654 INFO "GET /api/metadata_types/1/metadata/ HTTP/1.1" 200 441
2022-05-04 15:19:53,654 INFO "GET /api/metadata_types/1/metadata/ HTTP/1.1" 200 441
2022-05-04 15:19:53,741 WARNING {'total': 17, 'items': [OrderedDict([('id', 6), ('file_name', '004-ABE-THE-SERVICE-DOG-Free-Childrens-Book-By-Monkey-Pen.pdf'), ('title', 'Abe service dog'), ('content_file', 'https://127.0.0.1:8000/media/004-ABE-THE-SERVICE-DOG-Free-Childrens-Book-By-Monkey-Pen.pdf'), ('description', None), ('metadata_info', [{'id': 5, 'name': 'Video', 'type_name': 'Resources', 'type': 1}, {'id': 6, 'name': 'Author_dff', 'type_name': 'Authors', 'type': 2}, {'id': 24, 'name': 'A1', 'type_name': 'Authors', 'type': 2}, {'id': 27, 'name': 'A4', 'type_name': 'Authors', 'type': 2}, {'id': 35, 'name': 'Document', 'type_name': 'Resources', 'type': 1}]), ('display_title', None), ('metadata', [5, 6, 24, 27, 35]), ('active', False), ('copyright_notes', None), ('additional_notes', None), ('published_date', None), ('created_by', 2), ('created_on', '2022-02-28'), ('reviewed_by', None), ('reviewed_on', None), ('copyright_approved', False), ('copyright_by', None), ('published_year', None), ('hash', '2e07d96e43140b071c320b6d31a38b41454175528614713510fd278d89a3c385'), ('original_source', None), ('copyright_site', None), ('status', 'Review'), ('filesize', 9588885.0), ('created_by_name', 'pavithra_devi'), ('copyright', None), ('reviewed_by_name', '')]), OrderedDict([('id', 14), ('file_name', 'Baby_Bear_Bday_Bedtime_Story-628257.mp4'), ('title', 'Baby Bear Bed time stories'), ('content_file', 'https://127.0.0.1:8000/media/Baby_Bear_Bday_Bedtime_Story-628257.mp4'), ('description', None), ('metadata_info', []), ('display_title', None), ('metadata', []), ('active', False), ('copyright_notes', None), ('additional_notes', None), ('published_date', None), ('created_by', 2), ('created_on', '2022-02-28'), ('reviewed_by', None), ('reviewed_on', None), ('copyright_approved', False), ('copyright_by', None), ('published_year', None), ('hash', '8f61b2ebb4d991575b6d84e2311ae8c5e8ed32797653d8350bcd01a1b06a8e8b'), ('original_source', None), ('copyright_site', None), ('status', 'Review'), ('filesize', 6242294.0), ('created_by_name', 'pavithra_devi'), ('copyright', None), ('reviewed_by_name', '')]), OrderedDict([('id', 12), ('file_name', '010-CAPTAIN-FANTASTIC-Free-Childrens-Book-By-Monkey-Pen.pdf'), ('title', 'Captain Fantastic'), ('content_file', 'https://127.0.0.1:8000/media/010-CAPTAIN-FANTASTIC-Free-Childrens-Book-By-Monkey-Pen.pdf'), ('description', None), ('metadata_info', []), ('display_title', None), ('metadata', []), ('active', False), ('copyright_notes', None), ('additional_notes', None), ('published_date', None), ('created_by', 2), ('created_on', '2022-02-28'), ('reviewed_by', None), ('reviewed_on', None), ('copyright_approved', False), ('copyright_by', None), ('published_year', None), ('hash', '395545100bcf94fb751a2e850518f4b9e542faf6c65f5a3112ad1ecd589bb8fa'), ('original_source', None), ('copyright_site', None), ('status', 'Review'), ('filesize', 2567150.0), ('created_by_name', 'pavithra_devi'), ('copyright', None), ('reviewed_by_name', '')]), OrderedDict([('id', 13), ('file_name', 'A-Cool-Kid--Like-Me.pdf'), ('title', 'Cool kid like me'), ('content_file', 'https://127.0.0.1:8000/media/A-Cool-Kid--Like-Me.pdf'), ('description', None), ('metadata_info', []), ('display_title', None), ('metadata', []), ('active', False), ('copyright_notes', None), ('additional_notes', None), ('published_date', None), ('created_by', 2), ('created_on', '2022-02-28'), ('reviewed_by', None), ('reviewed_on', None), ('copyright_approved', False), ('copyright_by', None), ('published_year', None), ('hash', '863e4f2b66ed2e51fcc2307c3907d613f0177e0ab693d3e20a83fe7179af618b'), ('original_source', None), ('copyright_site', None), ('status', 'Review'), ('filesize', 2280201.0), ('created_by_name', 'pavithra_devi'), ('copyright', None), ('reviewed_by_name', '')]), OrderedDict([('id', 15), ('file_name', 'Big_Book_of_the_Cosmos_for_Kids._Childrens_Books_and_Bedtime_Stories_For_Kids_Ages_3-8_for_Good_Morals__PDFDrive_.epub'), ('title', 'Cosmos for kids'), ('content_file', 'https://127.0.0.1:8000/media/Big_Book_of_the_Cosmos_for_Kids._Childrens_Books_and_Bedtime_Stories_For_Kids_Ages_3-8_for_Good_Morals__PDFDrive_.epub'), ('description', None), ('metadata_info', []), ('display_title', None), ('metadata', []), ('active', False), ('copyright_notes', None), ('additional_notes', None), ('published_date', None), ('created_by', 2), ('created_on', '2022-02-28'), ('reviewed_by', None), ('reviewed_on', None), ('copyright_approved', False), ('copyright_by', None), ('published_year', None), ('hash', '6071419a610fca96c543c26e1004e33fff0f01a29d279d85c91bedb184bd9c90'), ('original_source', None), ('copyright_site', None), ('status', 'Review'), ('filesize', 4970046.0), ('created_by_name', 'pavithra_devi'), ('copyright', None), ('reviewed_by_name', '')]), OrderedDict([('id', 5), ('file_name', '003-DOING_MY_CHORES-Free-Childrens-Book-By-Monkey-Pen.pdf'), ('title', 'Doing my chores'), ('content_file', 'https://127.0.0.1:8000/media/003-DOING_MY_CHORES-Free-Childrens-Book-By-Monkey-Pen.pdf'), ('description', None), ('metadata_info', [{'id': 7, 'name': 'Authors3', 'type_name': 'Authors', 'type': 2}, {'id': 18, 'name': 'CP3', 'type_name': 'Copyright Permissions', 'type': 3}, {'id': 37, 'name': 'cxc', 'type_name': 'Copyrights', 'type': 4}, {'id': 38, 'name': '123', 'type_name': 'new', 'type': 18}, {'id': 39, 'name': '142', 'type_name': 'new', 'type': 18}]), ('display_title', None), ('metadata', [7, 18, 37, 38, 39]), ('active', False), ('copyright_notes', None), ('additional_notes', None), ('published_date', None), ('created_by', 2), ('created_on', '2022-02-28'), ('reviewed_by', None), ('reviewed_on', None), ('copyright_approved', False), ('copyright_by', None), ('published_year', None), ('hash', '19abb2cd67a5e38962230fa8ae6601e9924bf2fde8a94f4872847a344a12f41a'), ('original_source', None), ('copyright_site', None), ('status', 'Review'), ('filesize', 4329322.0), ('created_by_name', 'pavithra_devi'), ('copyright', None), ('reviewed_by_name', '')]), OrderedDict([('id', 4), ('file_name', '002-GINGER-THE-GIRAFFE-Free-Childrens-Book-By-Monkey-Pen.pdf'), ('title', 'Ginger and Giraffee'), ('content_file', 'https://127.0.0.1:8000/media/002-GINGER-THE-GIRAFFE-Free-Childrens-Book-By-Monkey-Pen.pdf'), ('description', None), ('metadata_info', []), ('display_title', None), ('metadata', []), ('active', False), ('copyright_notes', None), ('additional_notes', None), ('published_date', None), ('created_by', 2), ('created_on', '2022-02-28'), ('reviewed_by', None), ('reviewed_on', None), ('copyright_approved', False), ('copyright_by', None), ('published_year', None), ('hash', 'd06b68316dbb68dde0db4be371e8043a7ca1dfb33bd500c8f617dcb7f8f9f2db'), ('original_source', None), ('copyright_site', None), ('status', 'Review'), ('filesize', 3201426.0), ('created_by_name', 'pavithra_devi'), ('copyright', None), ('reviewed_by_name', '')]), OrderedDict([('id', 9), ('file_name', '007-HAMMY-THE-HAMSTER-Free-Childrens-Book-By-Monkey-Pen.pdf'), ('title', 'Hamster'), ('content_file', 'https://127.0.0.1:8000/media/007-HAMMY-THE-HAMSTER-Free-Childrens-Book-By-Monkey-Pen.pdf'), ('description', None), ('metadata_info', []), ('display_title', None), ('metadata', []), ('active', False), ('copyright_notes', None), ('additional_notes', None), ('published_date', None), ('created_by', 2), ('created_on', '2022-02-28'), ('reviewed_by', None), ('reviewed_on', None), ('copyright_approved', False), ('copyright_by', None), ('published_year', None), ('hash', '5c3e212d853d5a67db9955a42dc0a145b552bd586d0e5af3aa94b5348a85b0ba'), ('original_source', None), ('copyright_site', None), ('status', 'Review'), ('filesize', 5374142.0), ('created_by_name', 'pavithra_devi'), ('copyright', None), ('reviewed_by_name', '')]), OrderedDict([('id', 1), ('file_name', 'Diagnostic_and_statistical_manual_of_mental_disorders___DSM-5__PDFDrive.com_.pdf'), ('title', 'Health manual'), ('content_file', 'https://127.0.0.1:8000/media/Diagnostic_and_statistical_manual_of_mental_disorders___DSM-5__PDFDrive.com_.pdf'), ('description', None), ('metadata_info', [{'id': 3, 'name': 'PDF', 'type_name': 'Resources', 'type': 1}]), ('display_title', None), ('metadata', [3]), ('active', False), ('copyright_notes', None), ('additional_notes', None), ('published_date', None), ('created_by', 2), ('created_on', '2022-02-14'), ('reviewed_by', None), ('reviewed_on', None), ('copyright_approved', False), ('copyright_by', None), ('published_year', None), ('hash', '971176ce7eedbdf7e74df6f555eab5c7cec2ed14fd5a2a8acd7f8f52734eba98'), ('original_source', None), ('copyright_site', None), ('status', 'Review'), ('filesize', 7518145.0), ('created_by_name', 'pavithra_devi'), ('copyright', None), ('reviewed_by_name', '')]), OrderedDict([('id', 17), ('file_name', 'HEALTH_MANUAL_VOL_2.pdf'), ('title', 'Health Manual'), ('content_file', 'https://127.0.0.1:8000/media/HEALTH_MANUAL_VOL_2.pdf'), ('description', None), ('metadata_info', []), ('display_title', None), ('metadata', []), ('active', False), ('copyright_notes', None), ('additional_notes', None), ('published_date', None), ('created_by', 2), ('created_on', '2022-02-28'), ('reviewed_by', None), ('reviewed_on', None), ('copyright_approved', False), ('copyright_by', None), ('published_year', None), ('hash', '89e2b384da2ebe9171d469935b3acdc036b76e8f4cff37c0636f87e16d810ccc'), ('original_source', None), ('copyright_site', None), ('status', 'Review'), ('filesize', 10418871.0), ('created_by_name', 'pavithra_devi'), ('copyright', None), ('reviewed_by_name', '')])]}
2022-05-04 15:19:53,742 INFO "GET /api/content/?page_size=10&page=1&sort_by=title&created_by=2&copyright_status=all HTTP/1.1" 200 8206
2022-05-04 15:19:53,742 INFO "GET /api/content/?page_size=10&page=1&sort_by=title&created_by=2&copyright_status=all HTTP/1.1" 200 8206
