2022-02-15 09:29:12,037 INFO Watching for file changes with StatReloader
2022-02-15 09:40:16,780 INFO "GET /static/index.html HTTP/1.1" 200 1055
2022-02-15 09:40:16,808 INFO "GET /static/js/main.11c363d1552be2a15320.bundle.js HTTP/1.1" 200 3212203
2022-02-15 09:40:16,937 INFO "GET /static/js/vendors-node_modules_material-ui_core_esm_Grid_Grid_js.11c363d1552be2a15320.bundle.js HTTP/1.1" 200 16641
2022-02-15 09:40:16,939 INFO "GET /static/js/src_js_pages_home_index_tsx.11c363d1552be2a15320.bundle.js HTTP/1.1" 200 4855
2022-02-15 09:40:16,948 INFO "GET /static/8cd71d44194c35dfd6d0c817692c94ca.png HTTP/1.1" 200 35245
2022-02-15 09:40:16,976 INFO "GET /api/get_user/ HTTP/1.1" 200 118
2022-02-15 09:40:16,983 INFO "GET /static/2212291feacabc6ddf6ab4479028b0ff.png HTTP/1.1" 200 18149
2022-02-15 09:40:16,985 INFO "GET /static/29fc02d65f2e0f17338b1ee254f01e5d.png HTTP/1.1" 200 26391
2022-02-15 09:40:16,995 INFO "GET /static/dbbbfa6028ef921712550680585aadb8.png HTTP/1.1" 200 12788
2022-02-15 09:40:16,997 INFO "GET /static/c27a388023a41d4d334001825f43d507.png HTTP/1.1" 200 8321
2022-02-15 09:40:19,272 INFO "GET /static/js/src_js_pages_profile_index_tsx.11c363d1552be2a15320.bundle.js HTTP/1.1" 200 8391
2022-02-15 09:40:19,273 INFO "GET /static/js/vendors-node_modules_material-ui_core_esm_Button_Button_js-node_modules_material-ui_core_esm_-3149be.11c363d1552be2a15320.bundle.js HTTP/1.1" 200 42253
2022-02-15 09:40:19,336 INFO "GET /static/51a420f3640009330671d8b229bf5323.otf HTTP/1.1" 200 45760
2022-02-15 09:40:19,336 INFO "GET /static/4011ac771b4fbe16eca04c4a0f6b0614.jpg HTTP/1.1" 200 478089
2022-02-15 09:40:20,558 INFO "GET /static/js/src_js_pages_copyright_index_tsx.11c363d1552be2a15320.bundle.js HTTP/1.1" 200 27020
2022-02-15 09:40:20,562 INFO "GET /static/js/vendors-node_modules_solarspell-react-lib_dist_index_js.11c363d1552be2a15320.bundle.js HTTP/1.1" 200 1430163
2022-02-15 09:40:20,750 WARNING "GET /static/127.0.0.1:8000/api/copyright/ HTTP/1.1" 404 1693
2022-02-15 09:40:20,757 INFO "GET /api/organization/ HTTP/1.1" 200 59
2022-02-15 09:40:21,240 INFO "GET /static/js/src_js_pages_content_index_tsx.11c363d1552be2a15320.bundle.js HTTP/1.1" 200 78791
2022-02-15 09:40:21,240 INFO "GET /static/js/vendors-node_modules_material-ui_icons_esm_Delete_js-node_modules_material-ui_icons_esm_Edit_-c45b31.11c363d1552be2a15320.bundle.js HTTP/1.1" 200 18333
2022-02-15 09:40:21,330 WARNING Forbidden: /api/metadata_types/
2022-02-15 09:40:21,331 WARNING "GET /api/metadata_types/?sort_by=name HTTP/1.1" 403 58
2022-02-15 09:40:21,334 WARNING "GET /static/127.0.0.1:8000/api/copyright/ HTTP/1.1" 404 1693
2022-02-15 09:40:21,339 INFO "GET /api/organization/ HTTP/1.1" 200 59
2022-02-15 09:40:21,371 WARNING "GET /static/127.0.0.1:3000/accounts/google/login/ HTTP/1.1" 404 1709
2022-02-15 09:40:21,455 WARNING Not Found: /favicon.ico
2022-02-15 09:40:21,455 WARNING "GET /favicon.ico HTTP/1.1" 404 2438
2022-02-15 09:40:24,436 INFO "GET /static/index.html HTTP/1.1" 200 1055
2022-02-15 09:40:24,452 INFO "GET /static/js/main.11c363d1552be2a15320.bundle.js HTTP/1.1" 200 3212203
2022-02-15 09:40:24,600 INFO "GET /static/js/vendors-node_modules_material-ui_core_esm_Grid_Grid_js.11c363d1552be2a15320.bundle.js HTTP/1.1" 200 16641
2022-02-15 09:40:24,601 INFO "GET /static/js/vendors-node_modules_material-ui_core_esm_Button_Button_js-node_modules_material-ui_core_esm_-3149be.11c363d1552be2a15320.bundle.js HTTP/1.1" 200 42253
2022-02-15 09:40:24,603 INFO "GET /static/js/src_js_pages_content_index_tsx.11c363d1552be2a15320.bundle.js HTTP/1.1" 200 78791
2022-02-15 09:40:24,607 INFO "GET /static/js/vendors-node_modules_solarspell-react-lib_dist_index_js.11c363d1552be2a15320.bundle.js HTTP/1.1" 200 1430163
2022-02-15 09:40:24,610 INFO "GET /static/js/vendors-node_modules_material-ui_icons_esm_Delete_js-node_modules_material-ui_icons_esm_Edit_-c45b31.11c363d1552be2a15320.bundle.js HTTP/1.1" 200 18333
2022-02-15 09:40:24,611 INFO "GET /static/8cd71d44194c35dfd6d0c817692c94ca.png HTTP/1.1" 200 35245
2022-02-15 09:40:24,629 INFO "GET /api/get_user/ HTTP/1.1" 200 118
2022-02-15 09:40:24,749 WARNING Forbidden: /api/metadata_types/
2022-02-15 09:40:24,751 WARNING "GET /api/metadata_types/?sort_by=name HTTP/1.1" 403 58
2022-02-15 09:40:24,753 WARNING "GET /static/127.0.0.1:8000/api/copyright/ HTTP/1.1" 404 1693
2022-02-15 09:40:24,758 INFO "GET /api/organization/ HTTP/1.1" 200 59
2022-02-15 09:40:24,790 WARNING "GET /static/127.0.0.1:3000/accounts/google/login/ HTTP/1.1" 404 1709
2022-02-15 09:40:26,188 WARNING "GET /static/127.0.0.1:3000/accounts/google/login/ HTTP/1.1" 404 1709
2022-02-15 09:40:32,125 INFO "GET /static/index.html HTTP/1.1" 200 1055
2022-02-15 09:40:32,146 INFO "GET /static/js/main.11c363d1552be2a15320.bundle.js HTTP/1.1" 200 3212203
2022-02-15 09:40:32,278 INFO "GET /static/js/src_js_pages_home_index_tsx.11c363d1552be2a15320.bundle.js HTTP/1.1" 200 4855
2022-02-15 09:40:32,278 INFO "GET /static/js/vendors-node_modules_material-ui_core_esm_Grid_Grid_js.11c363d1552be2a15320.bundle.js HTTP/1.1" 200 16641
2022-02-15 09:40:32,289 INFO "GET /static/8cd71d44194c35dfd6d0c817692c94ca.png HTTP/1.1" 200 35245
2022-02-15 09:40:32,313 INFO "GET /api/get_user/ HTTP/1.1" 200 118
2022-02-15 09:40:32,335 INFO "GET /static/2212291feacabc6ddf6ab4479028b0ff.png HTTP/1.1" 200 18149
2022-02-15 09:40:32,335 INFO "GET /static/c27a388023a41d4d334001825f43d507.png HTTP/1.1" 200 8321
2022-02-15 09:40:32,336 INFO "GET /static/29fc02d65f2e0f17338b1ee254f01e5d.png HTTP/1.1" 200 26391
2022-02-15 09:40:32,339 INFO "GET /static/dbbbfa6028ef921712550680585aadb8.png HTTP/1.1" 200 12788
2022-02-15 09:40:35,233 INFO "GET /static/js/src_js_pages_home_index_tsx.11c363d1552be2a15320.bundle.js.map HTTP/1.1" 200 2367
2022-02-15 09:40:35,233 INFO "GET /static/js/vendors-node_modules_material-ui_core_esm_Grid_Grid_js.11c363d1552be2a15320.bundle.js.map HTTP/1.1" 200 16646
2022-02-15 09:40:35,242 INFO "GET /static/js/main.11c363d1552be2a15320.bundle.js.map HTTP/1.1" 200 3316478
2022-02-15 09:40:38,224 INFO "GET /static/js/vendors-node_modules_material-ui_core_esm_Button_Button_js-node_modules_material-ui_core_esm_-3149be.11c363d1552be2a15320.bundle.js HTTP/1.1" 200 42253
2022-02-15 09:40:38,224 INFO "GET /static/js/src_js_pages_copyright_index_tsx.11c363d1552be2a15320.bundle.js HTTP/1.1" 200 27020
2022-02-15 09:40:38,227 INFO "GET /static/js/vendors-node_modules_solarspell-react-lib_dist_index_js.11c363d1552be2a15320.bundle.js HTTP/1.1" 200 1430163
2022-02-15 09:40:38,229 INFO "GET /static/js/vendors-node_modules_material-ui_core_esm_Button_Button_js-node_modules_material-ui_core_esm_-3149be.11c363d1552be2a15320.bundle.js.map HTTP/1.1" 200 40025
2022-02-15 09:40:38,271 INFO "GET /static/js/src_js_pages_copyright_index_tsx.11c363d1552be2a15320.bundle.js.map HTTP/1.1" 200 20882
2022-02-15 09:40:38,329 INFO "GET /static/js/vendors-node_modules_solarspell-react-lib_dist_index_js.11c363d1552be2a15320.bundle.js.map HTTP/1.1" 200 1303657
2022-02-15 09:40:38,510 WARNING "GET /static/127.0.0.1:8000/api/copyright/ HTTP/1.1" 404 1693
2022-02-15 09:40:38,516 INFO "GET /api/organization/ HTTP/1.1" 200 59
2022-02-15 10:20:26,291 INFO Watching for file changes with StatReloader
2022-02-15 10:24:59,132 INFO "GET /static/index.html HTTP/1.1" 200 1055
2022-02-15 10:24:59,136 WARNING "GET /static/127.0.0.1:3000/accounts/google/login/ HTTP/1.1" 404 1709
2022-02-15 10:24:59,151 INFO "GET /static/js/main.11c363d1552be2a15320.bundle.js HTTP/1.1" 200 3212203
2022-02-15 10:24:59,162 WARNING Not Found: /favicon.ico
2022-02-15 10:24:59,163 WARNING "GET /favicon.ico HTTP/1.1" 404 2438
2022-02-15 10:24:59,281 INFO "GET /static/js/vendors-node_modules_material-ui_core_esm_Grid_Grid_js.11c363d1552be2a15320.bundle.js HTTP/1.1" 200 16641
2022-02-15 10:24:59,283 INFO "GET /static/js/vendors-node_modules_material-ui_core_esm_Button_Button_js-node_modules_material-ui_core_esm_-3149be.11c363d1552be2a15320.bundle.js HTTP/1.1" 200 42253
2022-02-15 10:24:59,288 INFO "GET /static/js/vendors-node_modules_solarspell-react-lib_dist_index_js.11c363d1552be2a15320.bundle.js HTTP/1.1" 200 1430163
2022-02-15 10:24:59,317 INFO "GET /api/get_user/ HTTP/1.1" 200 118
2022-02-15 10:24:59,320 INFO "GET /static/js/src_js_pages_copyright_index_tsx.11c363d1552be2a15320.bundle.js HTTP/1.1" 200 27020
2022-02-15 10:24:59,320 INFO "GET /static/8cd71d44194c35dfd6d0c817692c94ca.png HTTP/1.1" 200 35245
2022-02-15 10:24:59,540 WARNING "GET /static/127.0.0.1:8000/api/copyright/ HTTP/1.1" 404 1693
2022-02-15 10:24:59,548 INFO "GET /api/organization/ HTTP/1.1" 200 59
2022-02-15 23:27:01,704 INFO Watching for file changes with StatReloader
2022-02-15 23:28:09,021 INFO "GET / HTTP/1.1" 200 80
2022-02-15 23:28:09,043 WARNING Not Found: /favicon.ico
2022-02-15 23:28:09,043 WARNING "GET /favicon.ico HTTP/1.1" 404 2438
2022-02-15 23:28:14,233 INFO "GET /static/index.html HTTP/1.1" 200 1055
2022-02-15 23:28:14,248 INFO "GET /static/js/main.11c363d1552be2a15320.bundle.js HTTP/1.1" 200 3212203
2022-02-15 23:28:14,533 INFO "GET /static/index.html HTTP/1.1" 200 1055
2022-02-15 23:28:14,549 INFO "GET /static/js/main.11c363d1552be2a15320.bundle.js HTTP/1.1" 200 3212203
2022-02-15 23:28:14,683 INFO "GET /static/js/vendors-node_modules_material-ui_core_esm_Grid_Grid_js.11c363d1552be2a15320.bundle.js HTTP/1.1" 200 16641
2022-02-15 23:28:14,685 INFO "GET /static/js/src_js_pages_home_index_tsx.11c363d1552be2a15320.bundle.js HTTP/1.1" 200 4855
2022-02-15 23:28:14,695 INFO "GET /static/8cd71d44194c35dfd6d0c817692c94ca.png HTTP/1.1" 200 35245
2022-02-15 23:28:14,721 INFO "GET /api/get_user/ HTTP/1.1" 200 118
2022-02-15 23:28:14,749 INFO "GET /static/2212291feacabc6ddf6ab4479028b0ff.png HTTP/1.1" 200 18149
2022-02-15 23:28:14,751 INFO "GET /static/c27a388023a41d4d334001825f43d507.png HTTP/1.1" 200 8321
2022-02-15 23:28:14,753 INFO "GET /static/29fc02d65f2e0f17338b1ee254f01e5d.png HTTP/1.1" 200 26391
2022-02-15 23:28:14,757 INFO "GET /static/dbbbfa6028ef921712550680585aadb8.png HTTP/1.1" 200 12788
2022-02-15 23:28:16,052 INFO "GET /static/js/vendors-node_modules_material-ui_core_esm_Button_Button_js-node_modules_material-ui_core_esm_-3149be.11c363d1552be2a15320.bundle.js HTTP/1.1" 200 42253
2022-02-15 23:28:16,053 INFO "GET /static/js/vendors-node_modules_material-ui_icons_esm_Delete_js-node_modules_material-ui_icons_esm_Edit_-c45b31.11c363d1552be2a15320.bundle.js HTTP/1.1" 200 18333
2022-02-15 23:28:16,053 INFO "GET /static/js/src_js_pages_content_index_tsx.11c363d1552be2a15320.bundle.js HTTP/1.1" 200 78791
2022-02-15 23:28:16,057 INFO "GET /static/js/vendors-node_modules_solarspell-react-lib_dist_index_js.11c363d1552be2a15320.bundle.js HTTP/1.1" 200 1430163
2022-02-15 23:28:16,181 WARNING Forbidden: /api/metadata_types/
2022-02-15 23:28:16,182 WARNING "GET /api/metadata_types/?sort_by=name HTTP/1.1" 403 58
2022-02-15 23:28:16,185 WARNING "GET /static/127.0.0.1:8000/api/copyright/ HTTP/1.1" 404 1693
2022-02-15 23:28:16,192 INFO "GET /api/organization/ HTTP/1.1" 200 59
2022-02-15 23:28:16,233 WARNING "GET /static/127.0.0.1:3000/accounts/google/login/ HTTP/1.1" 404 1709
2022-02-15 23:29:29,714 WARNING "GET /static/127.0.0.1:3000/accounts/google/login/ HTTP/1.1" 404 1709
2022-02-15 23:29:37,286 INFO "GET /static/index.html HTTP/1.1" 200 1055
2022-02-15 23:29:37,303 INFO "GET /static/js/main.11c363d1552be2a15320.bundle.js HTTP/1.1" 200 3212203
2022-02-15 23:29:37,398 INFO "GET /static/js/main.11c363d1552be2a15320.bundle.js.map HTTP/1.1" 200 3316478
2022-02-15 23:29:37,453 INFO "GET /static/js/vendors-node_modules_material-ui_core_esm_Grid_Grid_js.11c363d1552be2a15320.bundle.js HTTP/1.1" 200 16641
2022-02-15 23:29:37,459 INFO "GET /static/js/vendors-node_modules_solarspell-react-lib_dist_index_js.11c363d1552be2a15320.bundle.js HTTP/1.1" 200 1430163
2022-02-15 23:29:37,460 INFO "GET /static/js/src_js_pages_content_index_tsx.11c363d1552be2a15320.bundle.js HTTP/1.1" 200 78791
2022-02-15 23:29:37,462 INFO "GET /static/js/vendors-node_modules_material-ui_core_esm_Button_Button_js-node_modules_material-ui_core_esm_-3149be.11c363d1552be2a15320.bundle.js HTTP/1.1" 200 42253
2022-02-15 23:29:37,464 INFO "GET /static/js/vendors-node_modules_material-ui_icons_esm_Delete_js-node_modules_material-ui_icons_esm_Edit_-c45b31.11c363d1552be2a15320.bundle.js HTTP/1.1" 200 18333
2022-02-15 23:29:37,472 INFO "GET /static/8cd71d44194c35dfd6d0c817692c94ca.png HTTP/1.1" 200 35245
2022-02-15 23:29:37,494 INFO "GET /api/get_user/ HTTP/1.1" 200 118
2022-02-15 23:29:37,546 INFO "GET /static/js/vendors-node_modules_material-ui_core_esm_Grid_Grid_js.11c363d1552be2a15320.bundle.js.map HTTP/1.1" 200 16646
2022-02-15 23:29:37,555 INFO "GET /static/js/vendors-node_modules_material-ui_core_esm_Button_Button_js-node_modules_material-ui_core_esm_-3149be.11c363d1552be2a15320.bundle.js.map HTTP/1.1" 200 40025
2022-02-15 23:29:37,555 INFO "GET /static/js/src_js_pages_content_index_tsx.11c363d1552be2a15320.bundle.js.map HTTP/1.1" 200 57814
2022-02-15 23:29:37,577 INFO "GET /static/js/vendors-node_modules_solarspell-react-lib_dist_index_js.11c363d1552be2a15320.bundle.js.map HTTP/1.1" 200 1303657
2022-02-15 23:29:37,601 INFO "GET /static/js/vendors-node_modules_material-ui_icons_esm_Delete_js-node_modules_material-ui_icons_esm_Edit_-c45b31.11c363d1552be2a15320.bundle.js.map HTTP/1.1" 200 16843
2022-02-15 23:29:37,673 WARNING Forbidden: /api/metadata_types/
2022-02-15 23:29:37,675 WARNING "GET /api/metadata_types/?sort_by=name HTTP/1.1" 403 58
2022-02-15 23:29:37,677 WARNING "GET /static/127.0.0.1:8000/api/copyright/ HTTP/1.1" 404 1693
2022-02-15 23:29:37,684 INFO "GET /api/organization/ HTTP/1.1" 200 59
2022-02-15 23:29:37,727 WARNING "GET /static/127.0.0.1:3000/accounts/google/login/ HTTP/1.1" 404 1709
2022-02-15 23:30:57,921 INFO Watching for file changes with StatReloader
2022-02-15 23:37:33,669 INFO Watching for file changes with StatReloader
2022-02-15 23:37:40,237 WARNING "GET /static/index.html HTTP/1.1" 404 1657
2022-02-15 23:38:14,969 INFO "GET / HTTP/1.1" 200 80
2022-02-15 23:38:19,788 WARNING "GET /static/index.html HTTP/1.1" 404 1657
2022-02-15 23:39:27,378 INFO Watching for file changes with StatReloader
2022-02-15 23:46:01,053 INFO Watching for file changes with StatReloader
2022-02-15 23:46:09,666 INFO "GET /static/index.html HTTP/1.1" 200 1055
2022-02-15 23:46:09,686 INFO "GET /static/js/main.161a9d4a8f424dab5ea2.bundle.js HTTP/1.1" 200 3212183
2022-02-15 23:46:09,836 INFO "GET /static/js/vendors-node_modules_material-ui_core_esm_Grid_Grid_js.161a9d4a8f424dab5ea2.bundle.js HTTP/1.1" 200 16641
2022-02-15 23:46:09,837 INFO "GET /static/js/src_js_pages_home_index_tsx.161a9d4a8f424dab5ea2.bundle.js HTTP/1.1" 200 4855
2022-02-15 23:46:09,847 INFO "GET /static/8cd71d44194c35dfd6d0c817692c94ca.png HTTP/1.1" 200 35245
2022-02-15 23:46:09,880 INFO "GET /api/get_user/ HTTP/1.1" 200 118
2022-02-15 23:46:09,915 INFO "GET /static/c27a388023a41d4d334001825f43d507.png HTTP/1.1" 200 8321
2022-02-15 23:46:09,915 INFO "GET /static/2212291feacabc6ddf6ab4479028b0ff.png HTTP/1.1" 200 18149
2022-02-15 23:46:09,915 INFO "GET /static/29fc02d65f2e0f17338b1ee254f01e5d.png HTTP/1.1" 200 26391
2022-02-15 23:46:09,917 INFO "GET /static/dbbbfa6028ef921712550680585aadb8.png HTTP/1.1" 200 12788
2022-02-15 23:46:09,923 INFO "GET /static/favicon.ico HTTP/1.1" 200 169662
2022-02-15 23:46:11,001 INFO "GET /static/js/src_js_pages_copyright_index_tsx.161a9d4a8f424dab5ea2.bundle.js HTTP/1.1" 200 27020
2022-02-15 23:46:11,002 INFO "GET /static/js/vendors-node_modules_material-ui_core_esm_Button_Button_js-node_modules_material-ui_core_esm_-3149be.161a9d4a8f424dab5ea2.bundle.js HTTP/1.1" 200 42253
2022-02-15 23:46:11,004 INFO "GET /static/js/vendors-node_modules_solarspell-react-lib_dist_index_js.161a9d4a8f424dab5ea2.bundle.js HTTP/1.1" 200 1430163
2022-02-15 23:46:11,225 INFO "GET /api/organization/ HTTP/1.1" 200 59
2022-02-15 23:46:11,225 INFO "GET /api/copyright/ HTTP/1.1" 200 59
2022-02-15 23:46:11,934 INFO "GET /static/js/src_js_pages_profile_index_tsx.161a9d4a8f424dab5ea2.bundle.js HTTP/1.1" 200 8391
2022-02-15 23:46:11,950 INFO "GET /static/4011ac771b4fbe16eca04c4a0f6b0614.jpg HTTP/1.1" 200 478089
2022-02-15 23:46:11,951 INFO "GET /static/51a420f3640009330671d8b229bf5323.otf HTTP/1.1" 200 45760
2022-02-15 23:46:33,173 INFO "GET /static/index.html HTTP/1.1" 200 1055
2022-02-15 23:46:33,187 INFO "GET /static/js/main.161a9d4a8f424dab5ea2.bundle.js HTTP/1.1" 304 0
2022-02-15 23:46:33,296 INFO "GET /static/8cd71d44194c35dfd6d0c817692c94ca.png HTTP/1.1" 304 0
2022-02-15 23:46:33,303 INFO "GET /static/js/src_js_pages_profile_index_tsx.161a9d4a8f424dab5ea2.bundle.js HTTP/1.1" 200 8391
2022-02-15 23:46:33,303 INFO "GET /static/js/vendors-node_modules_material-ui_core_esm_Grid_Grid_js.161a9d4a8f424dab5ea2.bundle.js HTTP/1.1" 200 16641
2022-02-15 23:46:33,304 INFO "GET /static/js/vendors-node_modules_material-ui_core_esm_Button_Button_js-node_modules_material-ui_core_esm_-3149be.161a9d4a8f424dab5ea2.bundle.js HTTP/1.1" 200 42253
2022-02-15 23:46:33,332 INFO "GET /api/get_user/ HTTP/1.1" 200 118
2022-02-15 23:46:33,373 INFO "GET /static/4011ac771b4fbe16eca04c4a0f6b0614.jpg HTTP/1.1" 304 0
2022-02-15 23:46:33,380 INFO "GET /static/51a420f3640009330671d8b229bf5323.otf HTTP/1.1" 304 0
2022-02-15 23:46:33,386 INFO "GET /static/favicon.ico HTTP/1.1" 200 169662
2022-02-15 23:46:34,766 INFO "GET /static/index.html HTTP/1.1" 200 1055
2022-02-15 23:46:34,782 INFO "GET /static/js/main.1cee8a0e26e08107117a.bundle.js HTTP/1.1" 200 3212183
2022-02-15 23:46:34,913 INFO "GET /static/js/vendors-node_modules_material-ui_core_esm_Grid_Grid_js.1cee8a0e26e08107117a.bundle.js HTTP/1.1" 200 16641
2022-02-15 23:46:34,913 INFO "GET /static/js/src_js_pages_profile_index_tsx.1cee8a0e26e08107117a.bundle.js HTTP/1.1" 200 8407
2022-02-15 23:46:34,913 INFO "GET /static/js/vendors-node_modules_material-ui_core_esm_Button_Button_js-node_modules_material-ui_core_esm_-3149be.1cee8a0e26e08107117a.bundle.js HTTP/1.1" 200 42253
2022-02-15 23:46:34,941 INFO "GET /api/get_user/ HTTP/1.1" 200 118
2022-02-15 23:46:34,979 INFO "GET /static/favicon.ico HTTP/1.1" 200 169662
