2022-02-22 08:21:56,563 INFO Watching for file changes with StatReloader
2022-02-22 08:22:13,107 WARNING "GET /static/index.html HTTP/1.1" 404 1657
2022-02-22 08:22:14,008 WARNING "GET /static/index.html HTTP/1.1" 404 1657
2022-02-22 08:22:14,038 WARNING Not Found: /favicon.ico
2022-02-22 08:22:14,038 WARNING "GET /favicon.ico HTTP/1.1" 404 2438
2022-02-22 08:22:30,382 INFO "GET / HTTP/1.1" 200 67
2022-02-22 08:22:36,314 WARNING "GET /static/index.html HTTP/1.1" 404 1657
2022-02-22 08:24:41,873 INFO Watching for file changes with StatReloader
2022-02-22 08:24:44,385 INFO "GET / HTTP/1.1" 200 67
2022-02-22 08:24:52,997 INFO "GET /static/index.html HTTP/1.1" 200 1055
2022-02-22 08:24:53,017 INFO "GET /static/js/main.8c9e24429be1ae09e384.bundle.js HTTP/1.1" 200 3212143
2022-02-22 08:24:53,153 INFO "GET /static/js/vendors-node_modules_material-ui_core_esm_Grid_Grid_js.8c9e24429be1ae09e384.bundle.js HTTP/1.1" 200 16641
2022-02-22 08:24:53,154 INFO "GET /static/js/src_js_pages_home_index_tsx.8c9e24429be1ae09e384.bundle.js HTTP/1.1" 200 4855
2022-02-22 08:24:53,165 INFO "GET /static/8cd71d44194c35dfd6d0c817692c94ca.png HTTP/1.1" 200 35245
2022-02-22 08:24:53,210 INFO "GET /static/dbbbfa6028ef921712550680585aadb8.png HTTP/1.1" 200 12788
2022-02-22 08:24:53,212 INFO "GET /static/2212291feacabc6ddf6ab4479028b0ff.png HTTP/1.1" 200 18149
2022-02-22 08:24:53,213 INFO "GET /static/c27a388023a41d4d334001825f43d507.png HTTP/1.1" 200 8321
2022-02-22 08:24:53,217 INFO "GET /static/29fc02d65f2e0f17338b1ee254f01e5d.png HTTP/1.1" 200 26391
2022-02-22 08:24:53,224 INFO "GET /api/get_user/ HTTP/1.1" 200 333
2022-02-22 08:24:54,725 INFO "GET /static/js/vendors-node_modules_material-ui_core_esm_Button_Button_js-node_modules_material-ui_core_esm_-3149be.8c9e24429be1ae09e384.bundle.js HTTP/1.1" 200 42253
2022-02-22 08:24:54,728 INFO "GET /static/js/vendors-node_modules_material-ui_icons_esm_Delete_js-node_modules_material-ui_icons_esm_Edit_-c45b31.8c9e24429be1ae09e384.bundle.js HTTP/1.1" 200 18333
2022-02-22 08:24:54,729 INFO "GET /static/js/src_js_pages_content_index_tsx.8c9e24429be1ae09e384.bundle.js HTTP/1.1" 200 78791
2022-02-22 08:24:54,731 INFO "GET /static/js/vendors-node_modules_solarspell-react-lib_dist_index_js.8c9e24429be1ae09e384.bundle.js HTTP/1.1" 200 1430163
2022-02-22 08:24:54,883 INFO "GET /api/organization/ HTTP/1.1" 200 156
2022-02-22 08:24:54,883 INFO "GET /api/copyright/ HTTP/1.1" 200 336
2022-02-22 08:24:54,885 INFO "GET /api/metadata_types/?sort_by=name HTTP/1.1" 200 181
2022-02-22 08:24:55,009 INFO "GET /api/metadata_types/3/metadata/ HTTP/1.1" 200 59
2022-02-22 08:24:55,012 INFO "GET /api/metadata_types/4/metadata/ HTTP/1.1" 200 59
2022-02-22 08:24:55,014 INFO "GET /api/metadata_types/1/metadata/ HTTP/1.1" 200 208
2022-02-22 08:24:55,017 INFO "GET /api/metadata_types/2/metadata/ HTTP/1.1" 200 928
2022-02-22 08:24:55,047 INFO "GET /api/content/?page_size=10&page=1&sort_by=title&created_by=2&copyright=all HTTP/1.1" 200 1628
2022-02-22 08:24:55,928 INFO "GET /static/js/src_js_pages_metadata_index_tsx.8c9e24429be1ae09e384.bundle.js HTTP/1.1" 200 23482
2022-02-22 08:24:55,967 INFO "GET /api/metadata_types/?sort_by=name HTTP/1.1" 200 181
2022-02-22 08:24:56,006 INFO "GET /api/metadata_types/4/metadata/?page_size=5&page=1 HTTP/1.1" 200 59
2022-02-22 08:24:56,006 INFO "GET /api/metadata_types/3/metadata/?page_size=5&page=1 HTTP/1.1" 200 59
2022-02-22 08:24:56,010 INFO "GET /api/metadata_types/1/metadata/?page_size=5&page=1 HTTP/1.1" 200 208
2022-02-22 08:24:56,010 INFO "GET /api/metadata_types/2/metadata/?page_size=5&page=1 HTTP/1.1" 200 447
2022-02-22 08:25:04,908 INFO "GET /static/js/src_js_pages_home_index_tsx.8c9e24429be1ae09e384.bundle.js.map HTTP/1.1" 200 2367
2022-02-22 08:25:04,909 INFO "GET /static/js/vendors-node_modules_material-ui_core_esm_Grid_Grid_js.8c9e24429be1ae09e384.bundle.js.map HTTP/1.1" 200 16646
2022-02-22 08:25:04,909 INFO "GET /static/js/vendors-node_modules_material-ui_core_esm_Button_Button_js-node_modules_material-ui_core_esm_-3149be.8c9e24429be1ae09e384.bundle.js.map HTTP/1.1" 200 40025
2022-02-22 08:25:04,913 INFO "GET /static/js/src_js_pages_metadata_index_tsx.8c9e24429be1ae09e384.bundle.js.map HTTP/1.1" 200 13398
2022-02-22 08:25:04,913 INFO "GET /static/js/vendors-node_modules_material-ui_icons_esm_Delete_js-node_modules_material-ui_icons_esm_Edit_-c45b31.8c9e24429be1ae09e384.bundle.js.map HTTP/1.1" 200 16843
2022-02-22 08:25:04,914 INFO "GET /static/js/src_js_pages_content_index_tsx.8c9e24429be1ae09e384.bundle.js.map HTTP/1.1" 200 57814
2022-02-22 08:25:04,921 INFO "GET /static/js/vendors-node_modules_solarspell-react-lib_dist_index_js.8c9e24429be1ae09e384.bundle.js.map HTTP/1.1" 200 1303657
2022-02-22 08:25:04,923 INFO "GET /static/js/main.8c9e24429be1ae09e384.bundle.js.map HTTP/1.1" 200 3316418
2022-02-22 09:44:30,526 INFO "GET /static/index.html HTTP/1.1" 200 1055
2022-02-22 09:44:30,549 INFO "GET /static/js/main.7e6f201401bc5bb3e0ff.bundle.js HTTP/1.1" 200 3212143
2022-02-22 09:44:30,636 INFO "GET /static/js/main.7e6f201401bc5bb3e0ff.bundle.js.map HTTP/1.1" 200 3316418
2022-02-22 09:44:30,698 INFO "GET /static/js/vendors-node_modules_material-ui_core_esm_Grid_Grid_js.7e6f201401bc5bb3e0ff.bundle.js HTTP/1.1" 200 16641
2022-02-22 09:44:30,701 INFO "GET /static/js/src_js_pages_metadata_index_tsx.7e6f201401bc5bb3e0ff.bundle.js HTTP/1.1" 200 23482
2022-02-22 09:44:30,703 INFO "GET /static/js/vendors-node_modules_material-ui_core_esm_Button_Button_js-node_modules_material-ui_core_esm_-3149be.7e6f201401bc5bb3e0ff.bundle.js HTTP/1.1" 200 42253
2022-02-22 09:44:30,708 INFO "GET /static/js/vendors-node_modules_solarspell-react-lib_dist_index_js.7e6f201401bc5bb3e0ff.bundle.js HTTP/1.1" 200 1430163
2022-02-22 09:44:30,713 INFO "GET /static/8cd71d44194c35dfd6d0c817692c94ca.png HTTP/1.1" 200 35245
2022-02-22 09:44:30,749 INFO "GET /api/get_user/ HTTP/1.1" 200 333
2022-02-22 09:44:30,777 INFO "GET /static/js/vendors-node_modules_material-ui_core_esm_Grid_Grid_js.7e6f201401bc5bb3e0ff.bundle.js.map HTTP/1.1" 200 16655
2022-02-22 09:44:30,778 INFO "GET /static/js/vendors-node_modules_material-ui_core_esm_Button_Button_js-node_modules_material-ui_core_esm_-3149be.7e6f201401bc5bb3e0ff.bundle.js.map HTTP/1.1" 200 40052
2022-02-22 09:44:30,779 INFO "GET /static/js/src_js_pages_metadata_index_tsx.7e6f201401bc5bb3e0ff.bundle.js.map HTTP/1.1" 200 13488
2022-02-22 09:44:30,815 INFO "GET /static/js/vendors-node_modules_solarspell-react-lib_dist_index_js.7e6f201401bc5bb3e0ff.bundle.js.map HTTP/1.1" 200 1304827
2022-02-22 09:44:30,846 INFO "GET /api/metadata_types/?sort_by=name HTTP/1.1" 200 181
2022-02-22 09:44:30,914 INFO "GET /api/metadata_types/3/metadata/ HTTP/1.1" 200 59
2022-02-22 09:44:30,915 INFO "GET /api/metadata_types/4/metadata/ HTTP/1.1" 200 59
2022-02-22 09:44:30,919 INFO "GET /api/metadata_types/1/metadata/ HTTP/1.1" 200 208
2022-02-22 09:44:30,922 INFO "GET /api/metadata_types/2/metadata/ HTTP/1.1" 200 928
2022-02-22 09:44:30,973 INFO "GET /static/favicon.ico HTTP/1.1" 200 169662
2022-02-22 09:44:32,173 INFO "GET /static/js/src_js_pages_copyright_index_tsx.7e6f201401bc5bb3e0ff.bundle.js HTTP/1.1" 200 27020
2022-02-22 09:44:32,181 INFO "GET /static/js/src_js_pages_copyright_index_tsx.7e6f201401bc5bb3e0ff.bundle.js.map HTTP/1.1" 200 20936
2022-02-22 09:44:32,352 INFO "GET /api/copyright/ HTTP/1.1" 200 336
2022-02-22 09:44:32,352 INFO "GET /api/organization/ HTTP/1.1" 200 156
2022-02-22 09:44:33,973 INFO "GET /static/js/src_js_pages_profile_index_tsx.7e6f201401bc5bb3e0ff.bundle.js HTTP/1.1" 200 8391
2022-02-22 09:44:33,982 INFO "GET /static/js/src_js_pages_profile_index_tsx.7e6f201401bc5bb3e0ff.bundle.js.map HTTP/1.1" 200 4798
2022-02-22 09:44:33,985 INFO "GET /static/4011ac771b4fbe16eca04c4a0f6b0614.jpg HTTP/1.1" 200 478089
2022-02-22 09:44:34,003 INFO "GET /static/51a420f3640009330671d8b229bf5323.otf HTTP/1.1" 200 45760
2022-02-22 09:44:34,610 INFO "GET /api/metadata_types/?sort_by=name HTTP/1.1" 200 181
2022-02-22 09:44:34,661 INFO "GET /api/metadata_types/3/metadata/?page_size=5&page=1 HTTP/1.1" 200 59
2022-02-22 09:44:34,666 INFO "GET /api/metadata_types/4/metadata/?page_size=5&page=1 HTTP/1.1" 200 59
2022-02-22 09:44:34,667 INFO "GET /api/metadata_types/2/metadata/?page_size=5&page=1 HTTP/1.1" 200 447
2022-02-22 09:44:34,667 INFO "GET /api/metadata_types/1/metadata/?page_size=5&page=1 HTTP/1.1" 200 208
2022-02-22 09:44:41,838 INFO "GET /static/js/vendors-node_modules_material-ui_icons_esm_Delete_js-node_modules_material-ui_icons_esm_Edit_-c45b31.7e6f201401bc5bb3e0ff.bundle.js HTTP/1.1" 200 18333
2022-02-22 09:44:41,838 INFO "GET /static/js/src_js_pages_content_index_tsx.7e6f201401bc5bb3e0ff.bundle.js HTTP/1.1" 200 78791
2022-02-22 09:44:41,845 INFO "GET /static/js/vendors-node_modules_material-ui_icons_esm_Delete_js-node_modules_material-ui_icons_esm_Edit_-c45b31.7e6f201401bc5bb3e0ff.bundle.js.map HTTP/1.1" 200 16897
2022-02-22 09:44:41,884 INFO "GET /static/js/src_js_pages_content_index_tsx.7e6f201401bc5bb3e0ff.bundle.js.map HTTP/1.1" 200 57985
2022-02-22 09:44:41,954 INFO "GET /api/metadata_types/?sort_by=name HTTP/1.1" 200 181
2022-02-22 09:44:41,955 INFO "GET /api/organization/ HTTP/1.1" 200 156
2022-02-22 09:44:41,955 INFO "GET /api/copyright/ HTTP/1.1" 200 336
2022-02-22 09:44:42,117 INFO "GET /api/metadata_types/3/metadata/?page_size=5&page=1 HTTP/1.1" 200 59
2022-02-22 09:44:42,120 INFO "GET /api/metadata_types/4/metadata/?page_size=5&page=1 HTTP/1.1" 200 59
2022-02-22 09:44:42,122 INFO "GET /api/metadata_types/1/metadata/?page_size=5&page=1 HTTP/1.1" 200 208
2022-02-22 09:44:42,123 INFO "GET /api/metadata_types/2/metadata/?page_size=10&page=1 HTTP/1.1" 200 845
2022-02-22 09:44:42,162 INFO "GET /api/content/?page_size=10&page=1&sort_by=title&created_by=2&copyright=all HTTP/1.1" 200 1628
2022-02-22 09:44:42,275 INFO "GET /api/metadata_types/?sort_by=name HTTP/1.1" 200 181
2022-02-22 09:44:42,325 INFO "GET /api/metadata_types/3/metadata/?page_size=5&page=1 HTTP/1.1" 200 59
2022-02-22 09:44:42,329 INFO "GET /api/metadata_types/4/metadata/?page_size=5&page=1 HTTP/1.1" 200 59
2022-02-22 09:44:42,332 INFO "GET /api/metadata_types/1/metadata/?page_size=5&page=1 HTTP/1.1" 200 208
2022-02-22 09:44:42,332 INFO "GET /api/metadata_types/2/metadata/?page_size=5&page=1 HTTP/1.1" 200 447
2022-02-22 09:46:34,577 INFO Watching for file changes with StatReloader
2022-02-22 09:46:52,744 INFO "GET /static/index.html HTTP/1.1" 200 1055
2022-02-22 09:46:52,768 INFO "GET /static/js/main.8c9e24429be1ae09e384.bundle.js HTTP/1.1" 200 3212143
2022-02-22 09:46:52,882 INFO "GET /static/js/main.8c9e24429be1ae09e384.bundle.js.map HTTP/1.1" 200 3316418
2022-02-22 09:46:52,941 INFO "GET /static/js/vendors-node_modules_material-ui_core_esm_Grid_Grid_js.8c9e24429be1ae09e384.bundle.js HTTP/1.1" 200 16641
2022-02-22 09:46:52,950 INFO "GET /static/js/vendors-node_modules_material-ui_core_esm_Button_Button_js-node_modules_material-ui_core_esm_-3149be.8c9e24429be1ae09e384.bundle.js HTTP/1.1" 200 42253
2022-02-22 09:46:52,957 INFO "GET /static/js/vendors-node_modules_solarspell-react-lib_dist_index_js.8c9e24429be1ae09e384.bundle.js HTTP/1.1" 200 1430163
2022-02-22 09:46:52,958 INFO "GET /static/js/src_js_pages_metadata_index_tsx.8c9e24429be1ae09e384.bundle.js HTTP/1.1" 200 23482
2022-02-22 09:46:52,996 INFO "GET /api/get_user/ HTTP/1.1" 200 333
2022-02-22 09:46:53,069 INFO "GET /static/js/vendors-node_modules_material-ui_core_esm_Grid_Grid_js.8c9e24429be1ae09e384.bundle.js.map HTTP/1.1" 200 16646
2022-02-22 09:46:53,069 INFO "GET /static/js/vendors-node_modules_material-ui_core_esm_Button_Button_js-node_modules_material-ui_core_esm_-3149be.8c9e24429be1ae09e384.bundle.js.map HTTP/1.1" 200 40025
2022-02-22 09:46:53,071 INFO "GET /static/js/vendors-node_modules_solarspell-react-lib_dist_index_js.8c9e24429be1ae09e384.bundle.js.map HTTP/1.1" 200 1303657
2022-02-22 09:46:53,077 INFO "GET /static/js/src_js_pages_metadata_index_tsx.8c9e24429be1ae09e384.bundle.js.map HTTP/1.1" 200 13398
2022-02-22 09:46:53,100 INFO "GET /static/favicon.ico HTTP/1.1" 200 169662
2022-02-22 09:46:53,109 INFO "GET /api/metadata_types/?sort_by=name HTTP/1.1" 200 181
2022-02-22 09:46:53,173 INFO "GET /api/metadata_types/3/metadata/ HTTP/1.1" 200 59
2022-02-22 09:46:53,176 INFO "GET /api/metadata_types/4/metadata/ HTTP/1.1" 200 59
2022-02-22 09:46:53,180 INFO "GET /api/metadata_types/1/metadata/ HTTP/1.1" 200 208
2022-02-22 09:46:53,183 INFO "GET /api/metadata_types/2/metadata/ HTTP/1.1" 200 928
2022-02-22 09:46:55,514 INFO "GET /static/js/src_js_pages_profile_index_tsx.8c9e24429be1ae09e384.bundle.js HTTP/1.1" 200 8391
2022-02-22 09:46:55,523 INFO "GET /static/js/src_js_pages_profile_index_tsx.8c9e24429be1ae09e384.bundle.js.map HTTP/1.1" 200 4771
2022-02-22 09:46:55,529 INFO "GET /static/4011ac771b4fbe16eca04c4a0f6b0614.jpg HTTP/1.1" 200 478089
2022-02-22 09:52:01,300 INFO Watching for file changes with StatReloader
2022-02-22 09:52:27,916 INFO code 400, message Bad request version ('\x86\x8aµ¹V\x99\x8d\x9dM´º\x13H+VÍ5¢Ûf|4l[{ð×þ²;\x9aÊ\x00')
2022-02-22 09:52:27,916 INFO code 400, message Bad request version ('\x9a\x9a\x13\x01\x13\x02\x13\x03À+À/À,À0Ì©Ì¨À\x13À\x14\x00\x9c\x00\x9d\x00/\x005\x01\x00\x01\x93ÊÊ\x00\x00\x00\x17\x00\x00ÿ\x01\x00\x01\x00\x00')
2022-02-22 09:52:27,916 ERROR You're accessing the development server over HTTPS, but it only supports HTTP.

2022-02-22 09:52:27,916 ERROR You're accessing the development server over HTTPS, but it only supports HTTP.

2022-02-22 09:52:27,916 INFO code 400, message Bad request version ('Kñ\x94\x9cÝQÌp²\x08>¿øõ\x9d»\x91ø')
2022-02-22 09:52:27,917 ERROR You're accessing the development server over HTTPS, but it only supports HTTP.

2022-02-22 09:52:27,917 INFO code 400, message Bad request version ('ÊÊ\x13\x01\x13\x02\x13\x03À+À/À,À0Ì©Ì¨À\x13À\x14\x00\x9c\x00\x9d\x00/\x005\x01\x00\x01\x93\x9a\x9a\x00\x00\x00\x17\x00\x00ÿ\x01\x00\x01\x00\x00')
2022-02-22 09:52:27,917 ERROR You're accessing the development server over HTTPS, but it only supports HTTP.

2022-02-22 09:52:36,204 INFO code 400, message Bad request version ('êê\x13\x01\x13\x02\x13\x03À+À/À,À0Ì©Ì¨À\x13À\x14\x00\x9c\x00\x9d\x00/\x005\x01\x00\x01\x93jj\x00\x00\x00\x17\x00\x00ÿ\x01\x00\x01\x00\x00')
2022-02-22 09:52:36,204 ERROR You're accessing the development server over HTTPS, but it only supports HTTP.

2022-02-22 09:52:36,205 INFO code 400, message Bad request version ('**\x13\x01\x13\x02\x13\x03À+À/À,À0Ì©Ì¨À\x13À\x14\x00\x9c\x00\x9d\x00/\x005\x01\x00\x01\x93ZZ\x00\x00\x00\x17\x00\x00ÿ\x01\x00\x01\x00\x00')
2022-02-22 09:52:36,205 ERROR You're accessing the development server over HTTPS, but it only supports HTTP.

2022-02-22 09:52:36,206 INFO "GET /static/index.html HTTP/1.1" 200 1055
2022-02-22 09:52:36,372 INFO "GET /static/js/main.8c9e24429be1ae09e384.bundle.js HTTP/1.1" 200 3212143
2022-02-22 09:52:36,458 INFO "GET /static/js/main.8c9e24429be1ae09e384.bundle.js.map HTTP/1.1" 200 3316418
2022-02-22 09:52:36,527 INFO "GET /static/js/src_js_pages_profile_index_tsx.8c9e24429be1ae09e384.bundle.js HTTP/1.1" 200 8391
2022-02-22 09:52:36,528 INFO "GET /static/js/vendors-node_modules_material-ui_core_esm_Grid_Grid_js.8c9e24429be1ae09e384.bundle.js HTTP/1.1" 200 16641
2022-02-22 09:52:36,528 INFO "GET /static/js/vendors-node_modules_material-ui_core_esm_Button_Button_js-node_modules_material-ui_core_esm_-3149be.8c9e24429be1ae09e384.bundle.js HTTP/1.1" 200 42253
2022-02-22 09:52:36,538 INFO "GET /static/8cd71d44194c35dfd6d0c817692c94ca.png HTTP/1.1" 200 35245
2022-02-22 09:52:36,581 INFO "GET /api/get_user/ HTTP/1.1" 200 333
2022-02-22 09:52:36,582 INFO "GET /static/4011ac771b4fbe16eca04c4a0f6b0614.jpg HTTP/1.1" 200 478089
2022-02-22 09:52:36,613 INFO "GET /static/js/src_js_pages_profile_index_tsx.8c9e24429be1ae09e384.bundle.js.map HTTP/1.1" 200 4771
2022-02-22 09:52:36,614 INFO "GET /static/js/vendors-node_modules_material-ui_core_esm_Button_Button_js-node_modules_material-ui_core_esm_-3149be.8c9e24429be1ae09e384.bundle.js.map HTTP/1.1" 200 40025
2022-02-22 09:52:36,614 INFO "GET /static/js/vendors-node_modules_material-ui_core_esm_Grid_Grid_js.8c9e24429be1ae09e384.bundle.js.map HTTP/1.1" 200 16646
2022-02-22 09:52:36,623 INFO "GET /static/51a420f3640009330671d8b229bf5323.otf HTTP/1.1" 200 45760
2022-02-22 09:54:47,583 INFO Watching for file changes with StatReloader
2022-02-22 09:56:40,166 INFO "GET /static/index.html HTTP/1.1" 200 1055
2022-02-22 09:56:40,194 INFO "GET /static/js/main.8c9e24429be1ae09e384.bundle.js HTTP/1.1" 200 3212143
2022-02-22 09:56:40,288 INFO "GET /static/js/main.8c9e24429be1ae09e384.bundle.js.map HTTP/1.1" 200 3316418
2022-02-22 09:56:40,360 INFO "GET /static/js/vendors-node_modules_material-ui_core_esm_Grid_Grid_js.8c9e24429be1ae09e384.bundle.js HTTP/1.1" 200 16641
2022-02-22 09:56:40,362 INFO "GET /static/js/src_js_pages_profile_index_tsx.8c9e24429be1ae09e384.bundle.js HTTP/1.1" 200 8391
2022-02-22 09:56:40,364 INFO "GET /static/js/vendors-node_modules_material-ui_core_esm_Button_Button_js-node_modules_material-ui_core_esm_-3149be.8c9e24429be1ae09e384.bundle.js HTTP/1.1" 200 42253
2022-02-22 09:56:40,374 INFO "GET /static/8cd71d44194c35dfd6d0c817692c94ca.png HTTP/1.1" 200 35245
2022-02-22 09:56:40,425 INFO "GET /api/get_user/ HTTP/1.1" 200 333
2022-02-22 09:56:40,426 INFO "GET /static/4011ac771b4fbe16eca04c4a0f6b0614.jpg HTTP/1.1" 200 478089
2022-02-22 09:56:40,431 INFO "GET /static/js/vendors-node_modules_material-ui_core_esm_Grid_Grid_js.8c9e24429be1ae09e384.bundle.js.map HTTP/1.1" 200 16646
2022-02-22 09:56:40,431 INFO "GET /static/js/src_js_pages_profile_index_tsx.8c9e24429be1ae09e384.bundle.js.map HTTP/1.1" 200 4771
2022-02-22 09:56:40,432 INFO "GET /static/js/vendors-node_modules_material-ui_core_esm_Button_Button_js-node_modules_material-ui_core_esm_-3149be.8c9e24429be1ae09e384.bundle.js.map HTTP/1.1" 200 40025
2022-02-22 09:56:40,439 INFO "GET /static/51a420f3640009330671d8b229bf5323.otf HTTP/1.1" 200 45760
2022-02-22 09:56:40,502 INFO "GET /static/favicon.ico HTTP/1.1" 200 169662
2022-02-22 10:39:57,342 INFO Watching for file changes with StatReloader
2022-02-22 10:40:14,280 INFO Watching for file changes with StatReloader
2022-02-22 10:41:45,726 INFO "GET /static/js/vendors-node_modules_solarspell-react-lib_dist_index_js.8c9e24429be1ae09e384.bundle.js HTTP/1.1" 200 1430163
2022-02-22 10:41:45,727 INFO "GET /static/js/src_js_pages_metadata_index_tsx.8c9e24429be1ae09e384.bundle.js HTTP/1.1" 200 23482
2022-02-22 10:41:45,771 INFO "GET /static/js/src_js_pages_metadata_index_tsx.8c9e24429be1ae09e384.bundle.js.map HTTP/1.1" 200 13398
2022-02-22 10:41:45,823 INFO "GET /static/js/vendors-node_modules_solarspell-react-lib_dist_index_js.8c9e24429be1ae09e384.bundle.js.map HTTP/1.1" 200 1303657
2022-02-22 10:41:45,858 INFO "GET /api/metadata_types/?sort_by=name HTTP/1.1" 200 181
2022-02-22 10:41:45,947 INFO "GET /api/metadata_types/3/metadata/ HTTP/1.1" 200 59
2022-02-22 10:41:45,952 INFO "GET /api/metadata_types/4/metadata/ HTTP/1.1" 200 59
2022-02-22 10:41:45,955 INFO "GET /api/metadata_types/2/metadata/ HTTP/1.1" 200 928
2022-02-22 10:41:45,956 INFO "GET /api/metadata_types/1/metadata/ HTTP/1.1" 200 208
2022-02-22 10:41:55,691 INFO "GET /static/js/vendors-node_modules_material-ui_icons_esm_Delete_js-node_modules_material-ui_icons_esm_Edit_-c45b31.8c9e24429be1ae09e384.bundle.js HTTP/1.1" 200 18333
2022-02-22 10:41:55,691 INFO "GET /static/js/src_js_pages_content_index_tsx.8c9e24429be1ae09e384.bundle.js HTTP/1.1" 200 78791
2022-02-22 10:41:55,699 INFO "GET /static/js/vendors-node_modules_material-ui_icons_esm_Delete_js-node_modules_material-ui_icons_esm_Edit_-c45b31.8c9e24429be1ae09e384.bundle.js.map HTTP/1.1" 200 16843
2022-02-22 10:41:55,700 INFO "GET /static/js/src_js_pages_content_index_tsx.8c9e24429be1ae09e384.bundle.js.map HTTP/1.1" 200 57814
2022-02-22 10:41:55,781 INFO "GET /api/organization/ HTTP/1.1" 200 156
2022-02-22 10:41:55,781 INFO "GET /api/copyright/ HTTP/1.1" 200 336
2022-02-22 10:41:55,781 INFO "GET /api/metadata_types/?sort_by=name HTTP/1.1" 200 181
2022-02-22 10:41:55,917 INFO "GET /api/metadata_types/3/metadata/?page_size=5&page=1 HTTP/1.1" 200 59
2022-02-22 10:41:55,917 INFO "GET /api/metadata_types/4/metadata/?page_size=5&page=1 HTTP/1.1" 200 59
2022-02-22 10:41:55,921 INFO "GET /api/metadata_types/2/metadata/?page_size=5&page=2 HTTP/1.1" 200 457
2022-02-22 10:41:55,923 INFO "GET /api/metadata_types/1/metadata/?page_size=5&page=1 HTTP/1.1" 200 208
2022-02-22 10:41:56,017 INFO "GET /api/content/?page_size=10&page=1&sort_by=title&created_by=2&copyright=all HTTP/1.1" 200 1628
2022-02-22 10:42:05,054 INFO "GET /api/metadata_types/?sort_by=name HTTP/1.1" 200 181
2022-02-22 10:42:05,104 INFO "GET /api/metadata_types/4/metadata/?page_size=5&page=1 HTTP/1.1" 200 59
2022-02-22 10:42:05,105 INFO "GET /api/metadata_types/3/metadata/?page_size=5&page=1 HTTP/1.1" 200 59
2022-02-22 10:42:05,106 INFO "GET /api/metadata_types/1/metadata/?page_size=5&page=1 HTTP/1.1" 200 208
2022-02-22 10:42:05,106 INFO "GET /api/metadata_types/2/metadata/?page_size=5&page=1 HTTP/1.1" 200 447
2022-02-22 10:48:30,254 INFO "GET /static/4011ac771b4fbe16eca04c4a0f6b0614.jpg HTTP/1.1" 200 478089
2022-02-22 10:48:31,919 INFO "POST /accounts/logout/ HTTP/1.1" 302 0
2022-02-22 10:48:31,921 INFO "GET / HTTP/1.1" 200 80
2022-02-22 10:48:31,937 INFO "GET /api/get_user/ HTTP/1.1" 200 118
2022-02-22 10:48:34,576 INFO "GET /static/index.html HTTP/1.1" 200 1055
2022-02-22 10:48:34,596 INFO "GET /static/js/main.d2a0d4245aaa8c399a7a.bundle.js HTTP/1.1" 200 3212143
2022-02-22 10:48:34,717 INFO "GET /static/js/main.d2a0d4245aaa8c399a7a.bundle.js.map HTTP/1.1" 200 3316418
2022-02-22 10:48:34,748 INFO "GET /static/8cd71d44194c35dfd6d0c817692c94ca.png HTTP/1.1" 200 35245
2022-02-22 10:48:34,758 INFO "GET /static/js/vendors-node_modules_material-ui_core_esm_Grid_Grid_js.d2a0d4245aaa8c399a7a.bundle.js HTTP/1.1" 200 16641
2022-02-22 10:48:34,770 INFO "GET /static/js/vendors-node_modules_material-ui_core_esm_Button_Button_js-node_modules_material-ui_core_esm_-3149be.d2a0d4245aaa8c399a7a.bundle.js HTTP/1.1" 200 42253
2022-02-22 10:48:34,776 INFO "GET /static/js/src_js_pages_profile_index_tsx.d2a0d4245aaa8c399a7a.bundle.js HTTP/1.1" 200 8407
2022-02-22 10:48:34,806 INFO "GET /api/get_user/ HTTP/1.1" 200 118
2022-02-22 10:48:34,855 INFO "GET /static/51a420f3640009330671d8b229bf5323.otf HTTP/1.1" 200 45760
2022-02-22 10:48:34,863 INFO "GET /static/js/vendors-node_modules_material-ui_core_esm_Grid_Grid_js.d2a0d4245aaa8c399a7a.bundle.js.map HTTP/1.1" 200 16655
2022-02-22 10:48:34,866 INFO "GET /static/js/src_js_pages_profile_index_tsx.d2a0d4245aaa8c399a7a.bundle.js.map HTTP/1.1" 200 4787
2022-02-22 10:48:34,870 INFO "GET /static/js/vendors-node_modules_material-ui_core_esm_Button_Button_js-node_modules_material-ui_core_esm_-3149be.d2a0d4245aaa8c399a7a.bundle.js.map HTTP/1.1" 200 40052
2022-02-22 10:48:34,876 INFO "GET /static/favicon.ico HTTP/1.1" 200 169662
2022-02-22 11:13:13,503 INFO Watching for file changes with StatReloader
2022-02-22 11:50:42,509 INFO Watching for file changes with StatReloader
2022-02-22 11:50:46,263 INFO "GET /static/index.html HTTP/1.1" 200 1055
2022-02-22 11:50:46,292 INFO "GET /static/js/main.e48d3799c3c65be98712.bundle.js HTTP/1.1" 200 3212285
2022-02-22 11:50:46,392 INFO "GET /static/js/main.e48d3799c3c65be98712.bundle.js.map HTTP/1.1" 200 3316578
2022-02-22 11:50:46,439 INFO "GET /static/8cd71d44194c35dfd6d0c817692c94ca.png HTTP/1.1" 200 35245
2022-02-22 11:50:46,454 INFO "GET /static/js/vendors-node_modules_material-ui_core_esm_Grid_Grid_js.e48d3799c3c65be98712.bundle.js HTTP/1.1" 200 16641
2022-02-22 11:50:46,455 INFO "GET /static/js/vendors-node_modules_material-ui_core_esm_Button_Button_js-node_modules_material-ui_core_esm_-3149be.e48d3799c3c65be98712.bundle.js HTTP/1.1" 200 42253
2022-02-22 11:50:46,456 INFO "GET /static/js/src_js_pages_profile_index_tsx.e48d3799c3c65be98712.bundle.js HTTP/1.1" 200 8391
2022-02-22 11:50:46,487 INFO "GET /api/get_user/ HTTP/1.1" 200 118
2022-02-22 11:50:46,523 INFO "GET /static/4011ac771b4fbe16eca04c4a0f6b0614.jpg HTTP/1.1" 200 478089
2022-02-22 11:50:46,525 INFO "GET /static/js/vendors-node_modules_material-ui_core_esm_Grid_Grid_js.e48d3799c3c65be98712.bundle.js.map HTTP/1.1" 200 16853
2022-02-22 11:50:46,527 INFO "GET /static/js/src_js_pages_profile_index_tsx.e48d3799c3c65be98712.bundle.js.map HTTP/1.1" 200 5392
2022-02-22 11:50:46,528 INFO "GET /static/51a420f3640009330671d8b229bf5323.otf HTTP/1.1" 200 45760
2022-02-22 11:50:46,530 INFO "GET /static/js/vendors-node_modules_material-ui_core_esm_Button_Button_js-node_modules_material-ui_core_esm_-3149be.e48d3799c3c65be98712.bundle.js.map HTTP/1.1" 200 40646
2022-02-22 11:50:46,584 INFO "GET /static/favicon.ico HTTP/1.1" 200 169662
2022-02-22 11:50:47,590 INFO "GET /accounts/google/login/ HTTP/1.1" 302 0
2022-02-22 11:50:48,609 INFO "GET /accounts/google/login/callback/?state=NxGNv8NtQOnq&code=4%2F0AX4XfWgCq35vS2f2hN1PsfVk7kzjqFvIYMus7nnO1e131q-mKhPse8A6ZcLi00I6fJYcag&scope=email+profile+https%3A%2F%2Fwww.googleapis.com%2Fauth%2Fuserinfo.profile+https%3A%2F%2Fwww.googleapis.com%2Fauth%2Fuserinfo.email+openid&authuser=0&hd=asu.edu&prompt=none HTTP/1.1" 302 0
2022-02-22 11:50:48,610 INFO "GET /static/index.html HTTP/1.1" 200 1055
2022-02-22 11:50:48,624 INFO "GET /static/js/main.e48d3799c3c65be98712.bundle.js HTTP/1.1" 304 0
2022-02-22 11:50:48,699 INFO "GET /static/js/main.e48d3799c3c65be98712.bundle.js.map HTTP/1.1" 200 3316578
2022-02-22 11:50:48,758 INFO "GET /static/js/vendors-node_modules_material-ui_core_esm_Grid_Grid_js.e48d3799c3c65be98712.bundle.js HTTP/1.1" 200 16641
2022-02-22 11:50:48,758 INFO "GET /static/js/vendors-node_modules_material-ui_core_esm_Button_Button_js-node_modules_material-ui_core_esm_-3149be.e48d3799c3c65be98712.bundle.js HTTP/1.1" 200 42253
2022-02-22 11:50:48,758 INFO "GET /static/js/src_js_pages_profile_index_tsx.e48d3799c3c65be98712.bundle.js HTTP/1.1" 200 8391
2022-02-22 11:50:48,839 INFO "GET /api/get_user/ HTTP/1.1" 200 333
2022-02-22 11:50:48,918 INFO "GET /static/js/src_js_pages_profile_index_tsx.e48d3799c3c65be98712.bundle.js.map HTTP/1.1" 200 5392
2022-02-22 11:50:48,918 INFO "GET /static/js/vendors-node_modules_material-ui_core_esm_Grid_Grid_js.e48d3799c3c65be98712.bundle.js.map HTTP/1.1" 200 16853
2022-02-22 11:50:48,919 INFO "GET /static/js/vendors-node_modules_material-ui_core_esm_Button_Button_js-node_modules_material-ui_core_esm_-3149be.e48d3799c3c65be98712.bundle.js.map HTTP/1.1" 200 40646
2022-02-22 11:50:52,845 INFO "GET /static/js/src_js_pages_metadata_index_tsx.e48d3799c3c65be98712.bundle.js HTTP/1.1" 200 23482
2022-02-22 11:50:52,848 INFO "GET /static/js/vendors-node_modules_solarspell-react-lib_dist_index_js.e48d3799c3c65be98712.bundle.js HTTP/1.1" 200 1430397
2022-02-22 11:50:52,860 INFO "GET /static/js/src_js_pages_metadata_index_tsx.e48d3799c3c65be98712.bundle.js.map HTTP/1.1" 200 13398
2022-02-22 11:50:52,916 INFO "GET /static/js/vendors-node_modules_solarspell-react-lib_dist_index_js.e48d3799c3c65be98712.bundle.js.map HTTP/1.1" 200 1330819
2022-02-22 11:50:52,944 INFO "GET /api/metadata_types/?sort_by=name HTTP/1.1" 200 181
2022-02-22 11:51:00,625 INFO "GET /static/index.html HTTP/1.1" 200 1055
2022-02-22 11:51:00,644 INFO "GET /static/js/main.e48d3799c3c65be98712.bundle.js HTTP/1.1" 304 0
2022-02-22 11:51:00,708 INFO "GET /static/js/vendors-node_modules_material-ui_core_esm_Grid_Grid_js.e48d3799c3c65be98712.bundle.js HTTP/1.1" 200 16641
2022-02-22 11:51:00,708 INFO "GET /static/js/vendors-node_modules_material-ui_core_esm_Button_Button_js-node_modules_material-ui_core_esm_-3149be.e48d3799c3c65be98712.bundle.js HTTP/1.1" 200 42253
2022-02-22 11:51:00,711 INFO "GET /static/js/src_js_pages_metadata_index_tsx.e48d3799c3c65be98712.bundle.js HTTP/1.1" 200 23482
2022-02-22 11:51:00,716 INFO "GET /static/js/main.e48d3799c3c65be98712.bundle.js.map HTTP/1.1" 200 3316578
2022-02-22 11:51:00,717 INFO "GET /static/js/vendors-node_modules_solarspell-react-lib_dist_index_js.e48d3799c3c65be98712.bundle.js HTTP/1.1" 200 1430397
2022-02-22 11:51:00,760 INFO "GET /api/get_user/ HTTP/1.1" 200 333
2022-02-22 11:51:00,802 INFO "GET /static/js/vendors-node_modules_material-ui_core_esm_Grid_Grid_js.e48d3799c3c65be98712.bundle.js.map HTTP/1.1" 200 16853
2022-02-22 11:51:00,806 INFO "GET /static/js/src_js_pages_metadata_index_tsx.e48d3799c3c65be98712.bundle.js.map HTTP/1.1" 200 13398
2022-02-22 11:51:00,806 INFO "GET /static/js/vendors-node_modules_material-ui_core_esm_Button_Button_js-node_modules_material-ui_core_esm_-3149be.e48d3799c3c65be98712.bundle.js.map HTTP/1.1" 200 40646
2022-02-22 11:51:00,868 INFO "GET /api/metadata_types/?sort_by=name HTTP/1.1" 200 181
2022-02-22 11:51:00,882 INFO "GET /static/favicon.ico HTTP/1.1" 200 169662
2022-02-22 11:51:00,885 INFO "GET /static/js/vendors-node_modules_solarspell-react-lib_dist_index_js.e48d3799c3c65be98712.bundle.js.map HTTP/1.1" 200 1330819
2022-02-22 11:51:51,751 INFO "GET /static/index.html HTTP/1.1" 200 1055
2022-02-22 11:51:51,772 INFO "GET /static/js/main.e48d3799c3c65be98712.bundle.js HTTP/1.1" 304 0
2022-02-22 11:51:51,829 INFO "GET /static/js/main.e48d3799c3c65be98712.bundle.js.map HTTP/1.1" 200 3316578
2022-02-22 11:51:51,841 INFO "GET /static/js/vendors-node_modules_material-ui_core_esm_Button_Button_js-node_modules_material-ui_core_esm_-3149be.e48d3799c3c65be98712.bundle.js HTTP/1.1" 304 0
2022-02-22 11:51:51,841 INFO "GET /static/js/src_js_pages_metadata_index_tsx.e48d3799c3c65be98712.bundle.js HTTP/1.1" 304 0
2022-02-22 11:51:51,841 INFO "GET /static/js/vendors-node_modules_solarspell-react-lib_dist_index_js.e48d3799c3c65be98712.bundle.js HTTP/1.1" 304 0
2022-02-22 11:51:51,841 INFO "GET /static/js/vendors-node_modules_material-ui_core_esm_Grid_Grid_js.e48d3799c3c65be98712.bundle.js HTTP/1.1" 304 0
2022-02-22 11:51:51,887 INFO "GET /api/get_user/ HTTP/1.1" 200 333
2022-02-22 11:51:51,896 INFO "GET /static/js/vendors-node_modules_material-ui_core_esm_Grid_Grid_js.e48d3799c3c65be98712.bundle.js.map HTTP/1.1" 200 16853
2022-02-22 11:51:51,927 INFO "GET /static/js/vendors-node_modules_material-ui_core_esm_Button_Button_js-node_modules_material-ui_core_esm_-3149be.e48d3799c3c65be98712.bundle.js.map HTTP/1.1" 200 40646
2022-02-22 11:51:51,939 INFO "GET /static/js/vendors-node_modules_solarspell-react-lib_dist_index_js.e48d3799c3c65be98712.bundle.js.map HTTP/1.1" 200 1330819
2022-02-22 11:51:51,997 INFO "GET /static/favicon.ico HTTP/1.1" 200 169662
2022-02-22 11:51:52,002 INFO "GET /api/metadata_types/?sort_by=name HTTP/1.1" 200 181
2022-02-22 11:51:52,037 INFO "GET /static/js/src_js_pages_metadata_index_tsx.e48d3799c3c65be98712.bundle.js.map HTTP/1.1" 200 13398
2022-02-22 11:52:28,690 INFO Watching for file changes with StatReloader
2022-02-22 11:52:48,587 INFO "GET /static/index.html HTTP/1.1" 200 1055
2022-02-22 11:52:48,613 INFO "GET /static/js/main.8b3e4b04b9eb0f39210a.bundle.js HTTP/1.1" 200 3212285
2022-02-22 11:52:48,723 INFO "GET /static/js/main.8b3e4b04b9eb0f39210a.bundle.js.map HTTP/1.1" 200 3316578
2022-02-22 11:52:48,781 INFO "GET /static/js/vendors-node_modules_material-ui_core_esm_Grid_Grid_js.8b3e4b04b9eb0f39210a.bundle.js HTTP/1.1" 200 16641
2022-02-22 11:52:48,783 INFO "GET /static/js/src_js_pages_home_index_tsx.8b3e4b04b9eb0f39210a.bundle.js HTTP/1.1" 200 4855
2022-02-22 11:52:48,833 INFO "GET /api/get_user/ HTTP/1.1" 200 333
2022-02-22 11:52:48,855 INFO "GET /static/2212291feacabc6ddf6ab4479028b0ff.png HTTP/1.1" 200 18149
2022-02-22 11:52:48,855 INFO "GET /static/c27a388023a41d4d334001825f43d507.png HTTP/1.1" 200 8321
2022-02-22 11:52:48,857 INFO "GET /static/dbbbfa6028ef921712550680585aadb8.png HTTP/1.1" 200 12788
2022-02-22 11:52:48,863 INFO "GET /static/29fc02d65f2e0f17338b1ee254f01e5d.png HTTP/1.1" 200 26391
2022-02-22 11:52:48,911 INFO "GET /static/favicon.ico HTTP/1.1" 200 169662
2022-02-22 11:52:48,918 INFO "GET /static/js/src_js_pages_home_index_tsx.8b3e4b04b9eb0f39210a.bundle.js.map HTTP/1.1" 200 2394
2022-02-22 11:52:48,918 INFO "GET /static/js/vendors-node_modules_material-ui_core_esm_Grid_Grid_js.8b3e4b04b9eb0f39210a.bundle.js.map HTTP/1.1" 200 16655
2022-02-22 11:52:50,225 INFO "GET /static/js/src_js_pages_profile_index_tsx.8b3e4b04b9eb0f39210a.bundle.js HTTP/1.1" 200 8391
2022-02-22 11:52:50,225 INFO "GET /static/js/vendors-node_modules_material-ui_core_esm_Button_Button_js-node_modules_material-ui_core_esm_-3149be.8b3e4b04b9eb0f39210a.bundle.js HTTP/1.1" 200 42253
2022-02-22 11:52:50,229 INFO "GET /static/js/src_js_pages_profile_index_tsx.8b3e4b04b9eb0f39210a.bundle.js.map HTTP/1.1" 200 4798
2022-02-22 11:52:50,230 INFO "GET /static/js/vendors-node_modules_material-ui_core_esm_Button_Button_js-node_modules_material-ui_core_esm_-3149be.8b3e4b04b9eb0f39210a.bundle.js.map HTTP/1.1" 200 40052
2022-02-22 11:52:50,239 INFO "GET /static/4011ac771b4fbe16eca04c4a0f6b0614.jpg HTTP/1.1" 200 478089
2022-02-22 11:52:51,226 INFO "GET /static/js/src_js_pages_copyright_index_tsx.8b3e4b04b9eb0f39210a.bundle.js HTTP/1.1" 200 27020
2022-02-22 11:52:51,229 INFO "GET /static/js/vendors-node_modules_solarspell-react-lib_dist_index_js.8b3e4b04b9eb0f39210a.bundle.js HTTP/1.1" 200 1430399
2022-02-22 11:52:51,230 INFO "GET /static/js/src_js_pages_copyright_index_tsx.8b3e4b04b9eb0f39210a.bundle.js.map HTTP/1.1" 200 20936
2022-02-22 11:52:51,292 INFO "GET /static/js/vendors-node_modules_solarspell-react-lib_dist_index_js.8b3e4b04b9eb0f39210a.bundle.js.map HTTP/1.1" 200 1305081
2022-02-22 11:52:51,503 INFO "GET /api/copyright/ HTTP/1.1" 200 336
2022-02-22 11:52:51,503 INFO "GET /api/organization/ HTTP/1.1" 200 156
2022-02-22 11:52:52,407 INFO "GET /static/js/vendors-node_modules_material-ui_icons_esm_Delete_js-node_modules_material-ui_icons_esm_Edit_-c45b31.8b3e4b04b9eb0f39210a.bundle.js HTTP/1.1" 200 18333
2022-02-22 11:52:52,407 INFO "GET /static/js/src_js_pages_content_index_tsx.8b3e4b04b9eb0f39210a.bundle.js HTTP/1.1" 200 78791
2022-02-22 11:52:52,413 INFO "GET /static/js/vendors-node_modules_material-ui_icons_esm_Delete_js-node_modules_material-ui_icons_esm_Edit_-c45b31.8b3e4b04b9eb0f39210a.bundle.js.map HTTP/1.1" 200 16897
2022-02-22 11:52:52,456 INFO "GET /static/js/src_js_pages_content_index_tsx.8b3e4b04b9eb0f39210a.bundle.js.map HTTP/1.1" 200 57985
2022-02-22 11:52:52,528 INFO "GET /api/organization/ HTTP/1.1" 200 156
2022-02-22 11:52:52,528 INFO "GET /api/copyright/ HTTP/1.1" 200 336
2022-02-22 11:52:52,529 INFO "GET /api/metadata_types/?sort_by=name HTTP/1.1" 200 181
2022-02-22 11:52:52,699 INFO "GET /api/metadata_types/3/metadata/ HTTP/1.1" 200 59
2022-02-22 11:52:52,700 INFO "GET /api/metadata_types/4/metadata/ HTTP/1.1" 200 59
2022-02-22 11:52:52,702 INFO "GET /api/metadata_types/1/metadata/ HTTP/1.1" 200 208
2022-02-22 11:52:52,703 INFO "GET /api/metadata_types/2/metadata/ HTTP/1.1" 200 928
2022-02-22 11:52:52,776 INFO "GET /api/content/?page_size=10&page=1&sort_by=title&created_by=2&copyright=all HTTP/1.1" 200 1628
2022-02-22 11:52:54,206 INFO "GET /static/js/src_js_pages_metadata_index_tsx.8b3e4b04b9eb0f39210a.bundle.js HTTP/1.1" 200 23482
2022-02-22 11:52:54,210 INFO "GET /static/js/src_js_pages_metadata_index_tsx.8b3e4b04b9eb0f39210a.bundle.js.map HTTP/1.1" 200 13488
2022-02-22 11:52:54,251 INFO "GET /api/metadata_types/?sort_by=name HTTP/1.1" 200 181
2022-02-22 11:52:54,294 INFO "GET /api/metadata_types/3/metadata/?page_size=5&page=1 HTTP/1.1" 200 59
2022-02-22 11:52:54,297 INFO "GET /api/metadata_types/2/metadata/?page_size=5&page=1 HTTP/1.1" 200 447
2022-02-22 11:52:54,297 INFO "GET /api/metadata_types/4/metadata/?page_size=5&page=1 HTTP/1.1" 200 59
2022-02-22 11:52:54,298 INFO "GET /api/metadata_types/1/metadata/?page_size=5&page=1 HTTP/1.1" 200 208
2022-02-22 11:54:31,858 INFO "GET /static/8cd71d44194c35dfd6d0c817692c94ca.png HTTP/1.1" 200 35245
2022-02-22 11:54:51,869 INFO "GET /api/organization/ HTTP/1.1" 200 156
2022-02-22 11:54:51,870 INFO "GET /api/copyright/ HTTP/1.1" 200 336
2022-02-22 11:54:51,871 INFO "GET /api/metadata_types/?sort_by=name HTTP/1.1" 200 181
2022-02-22 11:54:51,976 INFO "GET /api/metadata_types/3/metadata/?page_size=5&page=1 HTTP/1.1" 200 59
2022-02-22 11:54:51,978 INFO "GET /api/metadata_types/4/metadata/?page_size=5&page=1 HTTP/1.1" 200 59
2022-02-22 11:54:51,979 INFO "GET /api/metadata_types/1/metadata/?page_size=5&page=1 HTTP/1.1" 200 208
2022-02-22 11:54:51,982 INFO "GET /api/metadata_types/2/metadata/?page_size=10&page=1 HTTP/1.1" 200 845
2022-02-22 11:54:52,018 INFO "GET /api/content/?page_size=10&page=1&sort_by=title&created_by=2&copyright=all HTTP/1.1" 200 1628
2022-02-22 11:54:52,792 INFO "GET /api/metadata_types/?sort_by=name HTTP/1.1" 200 181
2022-02-22 11:54:52,841 INFO "GET /api/metadata_types/4/metadata/?page_size=5&page=1 HTTP/1.1" 200 59
2022-02-22 11:54:52,844 INFO "GET /api/metadata_types/3/metadata/?page_size=5&page=1 HTTP/1.1" 200 59
2022-02-22 11:54:52,844 INFO "GET /api/metadata_types/1/metadata/?page_size=5&page=1 HTTP/1.1" 200 208
2022-02-22 11:54:52,844 INFO "GET /api/metadata_types/2/metadata/?page_size=5&page=1 HTTP/1.1" 200 447
2022-02-22 11:55:11,859 INFO "PATCH /api/metadata/6/ HTTP/1.1" 200 78
2022-02-22 11:55:12,012 INFO "GET /api/metadata_types/2/metadata/?page_size=10&page=1 HTTP/1.1" 200 847
2022-02-22 11:56:14,150 INFO "GET /api/organization/ HTTP/1.1" 200 156
2022-02-22 11:56:14,150 INFO "GET /api/metadata_types/?sort_by=name HTTP/1.1" 200 181
2022-02-22 11:56:14,150 INFO "GET /api/copyright/ HTTP/1.1" 200 336
2022-02-22 11:56:14,245 INFO "GET /api/metadata_types/4/metadata/?page_size=5&page=1 HTTP/1.1" 200 59
2022-02-22 11:56:14,246 INFO "GET /api/metadata_types/3/metadata/?page_size=5&page=1 HTTP/1.1" 200 59
2022-02-22 11:56:14,249 INFO "GET /api/metadata_types/2/metadata/?page_size=5&page=1 HTTP/1.1" 200 449
2022-02-22 11:56:14,249 INFO "GET /api/metadata_types/1/metadata/?page_size=5&page=1 HTTP/1.1" 200 208
2022-02-22 11:56:14,286 INFO "GET /api/content/?page_size=10&page=1&sort_by=title&created_by=2&copyright=all HTTP/1.1" 200 1628
2022-02-22 11:56:14,930 INFO "GET /api/metadata_types/?sort_by=name HTTP/1.1" 200 181
2022-02-22 11:56:14,973 INFO "GET /api/metadata_types/3/metadata/?page_size=5&page=1 HTTP/1.1" 200 59
2022-02-22 11:56:14,974 INFO "GET /api/metadata_types/4/metadata/?page_size=5&page=1 HTTP/1.1" 200 59
2022-02-22 11:56:14,977 INFO "GET /api/metadata_types/2/metadata/?page_size=5&page=1 HTTP/1.1" 200 449
2022-02-22 11:56:14,977 INFO "GET /api/metadata_types/1/metadata/?page_size=5&page=1 HTTP/1.1" 200 208
2022-02-22 11:56:23,850 INFO "GET /api/metadata_types/2/metadata/?page_size=5&page=1 HTTP/1.1" 200 8241
2022-02-22 11:56:23,859 INFO "GET /static/rest_framework/css/bootstrap.min.css HTTP/1.1" 200 121457
2022-02-22 11:56:23,862 INFO "GET /static/rest_framework/css/default.css HTTP/1.1" 200 1131
2022-02-22 11:56:23,862 INFO "GET /static/rest_framework/css/bootstrap-tweaks.css HTTP/1.1" 200 3385
2022-02-22 11:56:23,862 INFO "GET /static/rest_framework/css/prettify.css HTTP/1.1" 200 817
2022-02-22 11:56:23,863 INFO "GET /static/rest_framework/js/csrf.js HTTP/1.1" 200 1719
2022-02-22 11:56:23,866 INFO "GET /static/rest_framework/js/default.js HTTP/1.1" 200 1268
2022-02-22 11:56:23,866 INFO "GET /static/rest_framework/js/prettify-min.js HTTP/1.1" 200 13632
2022-02-22 11:56:23,867 INFO "GET /static/rest_framework/js/bootstrap.min.js HTTP/1.1" 200 39680
2022-02-22 11:56:23,867 INFO "GET /static/rest_framework/js/jquery-3.4.1.min.js HTTP/1.1" 200 88145
2022-02-22 11:56:23,869 INFO "GET /static/rest_framework/js/ajax-form.js HTTP/1.1" 200 3597
2022-02-22 11:56:23,870 INFO "GET /static/rest_framework/img/grid.png HTTP/1.1" 200 1458
2022-02-22 13:33:51,616 INFO Watching for file changes with StatReloader
2022-02-22 13:33:54,081 INFO "GET / HTTP/1.1" 200 67
2022-02-22 13:33:54,120 WARNING Not Found: /favicon.ico
2022-02-22 13:33:54,120 WARNING "GET /favicon.ico HTTP/1.1" 404 2438
2022-02-22 13:33:58,149 WARNING "GET /static/index.html HTTP/1.1" 404 1657
2022-02-22 13:33:59,215 WARNING "GET /static/index.html HTTP/1.1" 404 1657
2022-02-22 13:35:18,094 INFO Watching for file changes with StatReloader
2022-02-22 13:35:23,674 INFO "GET /static/index.html HTTP/1.1" 200 1055
2022-02-22 13:35:23,695 INFO "GET /static/js/main.576cabc54983032bfa53.bundle.js HTTP/1.1" 200 3212336
2022-02-22 13:35:23,844 INFO "GET /static/js/vendors-node_modules_material-ui_core_esm_Grid_Grid_js.576cabc54983032bfa53.bundle.js HTTP/1.1" 200 16641
2022-02-22 13:35:23,847 INFO "GET /static/js/src_js_pages_home_index_tsx.576cabc54983032bfa53.bundle.js HTTP/1.1" 200 4855
2022-02-22 13:35:23,856 INFO "GET /static/8cd71d44194c35dfd6d0c817692c94ca.png HTTP/1.1" 200 35245
2022-02-22 13:35:23,900 INFO "GET /static/29fc02d65f2e0f17338b1ee254f01e5d.png HTTP/1.1" 200 26391
2022-02-22 13:35:23,902 INFO "GET /static/dbbbfa6028ef921712550680585aadb8.png HTTP/1.1" 200 12788
2022-02-22 13:35:23,905 INFO "GET /static/c27a388023a41d4d334001825f43d507.png HTTP/1.1" 200 8321
2022-02-22 13:35:23,908 INFO "GET /static/2212291feacabc6ddf6ab4479028b0ff.png HTTP/1.1" 200 18149
2022-02-22 13:35:23,912 INFO "GET /api/get_user/ HTTP/1.1" 200 333
2022-02-22 13:35:25,114 INFO "GET /static/js/src_js_pages_metadata_index_tsx.576cabc54983032bfa53.bundle.js HTTP/1.1" 200 23642
2022-02-22 13:35:25,115 INFO "GET /static/js/vendors-node_modules_material-ui_core_esm_Button_Button_js-node_modules_material-ui_core_esm_-3149be.576cabc54983032bfa53.bundle.js HTTP/1.1" 200 42253
2022-02-22 13:35:25,118 INFO "GET /static/js/vendors-node_modules_solarspell-react-lib_dist_index_js.576cabc54983032bfa53.bundle.js HTTP/1.1" 200 1430399
2022-02-22 13:35:25,234 INFO "GET /api/metadata_types/?sort_by=name HTTP/1.1" 200 181
2022-02-22 13:35:25,299 INFO "GET /api/metadata_types/3/metadata/ HTTP/1.1" 200 59
2022-02-22 13:35:25,300 INFO "GET /api/metadata_types/4/metadata/ HTTP/1.1" 200 59
2022-02-22 13:35:25,302 INFO "GET /api/metadata_types/1/metadata/ HTTP/1.1" 200 208
2022-02-22 13:35:25,304 INFO "GET /api/metadata_types/2/metadata/ HTTP/1.1" 200 930
2022-02-22 13:35:26,667 INFO "GET /static/js/src_js_pages_profile_index_tsx.576cabc54983032bfa53.bundle.js HTTP/1.1" 200 8391
2022-02-22 13:35:26,678 INFO "GET /static/4011ac771b4fbe16eca04c4a0f6b0614.jpg HTTP/1.1" 200 478089
2022-02-22 13:35:26,695 INFO "GET /static/51a420f3640009330671d8b229bf5323.otf HTTP/1.1" 200 45760
2022-02-22 13:35:28,411 INFO "GET /api/metadata_types/?sort_by=name HTTP/1.1" 200 181
2022-02-22 13:35:28,456 INFO "GET /api/metadata_types/4/metadata/?page_size=5&page=1 HTTP/1.1" 200 59
2022-02-22 13:35:28,457 INFO "GET /api/metadata_types/3/metadata/?page_size=5&page=1 HTTP/1.1" 200 59
2022-02-22 13:35:28,459 INFO "GET /api/metadata_types/2/metadata/?page_size=5&page=1 HTTP/1.1" 200 449
2022-02-22 13:35:28,462 INFO "GET /api/metadata_types/1/metadata/?page_size=5&page=1 HTTP/1.1" 200 208
2022-02-22 13:35:30,965 INFO "GET /static/js/vendors-node_modules_material-ui_core_esm_Grid_Grid_js.576cabc54983032bfa53.bundle.js.map HTTP/1.1" 200 16646
2022-02-22 13:35:30,970 INFO "GET /static/js/src_js_pages_home_index_tsx.576cabc54983032bfa53.bundle.js.map HTTP/1.1" 200 2367
2022-02-22 13:35:30,971 INFO "GET /static/js/src_js_pages_metadata_index_tsx.576cabc54983032bfa53.bundle.js.map HTTP/1.1" 200 13544
2022-02-22 13:35:30,972 INFO "GET /static/js/vendors-node_modules_material-ui_core_esm_Button_Button_js-node_modules_material-ui_core_esm_-3149be.576cabc54983032bfa53.bundle.js.map HTTP/1.1" 200 40025
2022-02-22 13:35:30,975 INFO "GET /static/js/src_js_pages_profile_index_tsx.576cabc54983032bfa53.bundle.js.map HTTP/1.1" 200 4771
2022-02-22 13:35:30,979 INFO "GET /static/js/vendors-node_modules_solarspell-react-lib_dist_index_js.576cabc54983032bfa53.bundle.js.map HTTP/1.1" 200 1303911
2022-02-22 13:35:30,981 INFO "GET /static/js/main.576cabc54983032bfa53.bundle.js.map HTTP/1.1" 200 3316635
2022-02-22 13:35:35,080 INFO "GET /static/js/vendors-node_modules_material-ui_icons_esm_Delete_js-node_modules_material-ui_icons_esm_Edit_-c45b31.576cabc54983032bfa53.bundle.js HTTP/1.1" 200 18333
2022-02-22 13:35:35,080 INFO "GET /static/js/src_js_pages_content_index_tsx.576cabc54983032bfa53.bundle.js HTTP/1.1" 200 78791
2022-02-22 13:35:35,098 INFO "GET /static/js/vendors-node_modules_material-ui_icons_esm_Delete_js-node_modules_material-ui_icons_esm_Edit_-c45b31.576cabc54983032bfa53.bundle.js.map HTTP/1.1" 200 16843
2022-02-22 13:35:35,132 INFO "GET /static/js/src_js_pages_content_index_tsx.576cabc54983032bfa53.bundle.js.map HTTP/1.1" 200 57814
2022-02-22 13:35:35,231 INFO "GET /api/metadata_types/?sort_by=name HTTP/1.1" 200 181
2022-02-22 13:35:35,231 INFO "GET /api/organization/ HTTP/1.1" 200 156
2022-02-22 13:35:35,231 INFO "GET /api/copyright/ HTTP/1.1" 200 336
2022-02-22 13:35:35,379 INFO "GET /api/metadata_types/4/metadata/?page_size=5&page=1 HTTP/1.1" 200 59
2022-02-22 13:35:35,380 INFO "GET /api/metadata_types/3/metadata/?page_size=5&page=1 HTTP/1.1" 200 59
2022-02-22 13:35:35,382 INFO "GET /api/metadata_types/2/metadata/?page_size=5&page=1 HTTP/1.1" 200 449
2022-02-22 13:35:35,383 INFO "GET /api/metadata_types/1/metadata/?page_size=5&page=1 HTTP/1.1" 200 208
2022-02-22 13:35:35,509 INFO "GET /api/content/?page_size=10&page=1&sort_by=title&created_by=2&copyright=all HTTP/1.1" 200 1628
2022-02-22 13:35:37,049 INFO "GET /api/metadata_types/?sort_by=name HTTP/1.1" 200 181
2022-02-22 13:35:37,100 INFO "GET /api/metadata_types/3/metadata/?page_size=5&page=1 HTTP/1.1" 200 59
2022-02-22 13:35:37,104 INFO "GET /api/metadata_types/4/metadata/?page_size=5&page=1 HTTP/1.1" 200 59
2022-02-22 13:35:37,106 INFO "GET /api/metadata_types/2/metadata/?page_size=5&page=1 HTTP/1.1" 200 449
2022-02-22 13:35:37,106 INFO "GET /api/metadata_types/1/metadata/?page_size=5&page=1 HTTP/1.1" 200 208
2022-02-22 13:35:49,517 INFO "GET /api/organization/ HTTP/1.1" 200 156
2022-02-22 13:35:49,517 INFO "GET /api/copyright/ HTTP/1.1" 200 336
2022-02-22 13:35:49,517 INFO "GET /api/metadata_types/?sort_by=name HTTP/1.1" 200 181
2022-02-22 13:35:49,632 INFO "GET /api/metadata_types/4/metadata/?page_size=5&page=1 HTTP/1.1" 200 59
2022-02-22 13:35:49,632 INFO "GET /api/metadata_types/3/metadata/?page_size=5&page=1 HTTP/1.1" 200 59
2022-02-22 13:35:49,633 INFO "GET /api/metadata_types/1/metadata/?page_size=5&page=1 HTTP/1.1" 200 208
2022-02-22 13:35:49,635 INFO "GET /api/metadata_types/2/metadata/?page_size=10&page=1 HTTP/1.1" 200 847
2022-02-22 13:35:49,675 INFO "GET /api/content/?page_size=10&page=1&sort_by=title&created_by=2&copyright=all HTTP/1.1" 200 1628
2022-02-22 13:35:49,988 INFO "GET /api/metadata_types/?sort_by=name HTTP/1.1" 200 181
2022-02-22 13:35:50,039 INFO "GET /api/metadata_types/3/metadata/?page_size=5&page=1 HTTP/1.1" 200 59
2022-02-22 13:35:50,042 INFO "GET /api/metadata_types/4/metadata/?page_size=5&page=1 HTTP/1.1" 200 59
2022-02-22 13:35:50,043 INFO "GET /api/metadata_types/2/metadata/?page_size=5&page=1 HTTP/1.1" 200 449
2022-02-22 13:35:50,045 INFO "GET /api/metadata_types/1/metadata/?page_size=5&page=1 HTTP/1.1" 200 208
2022-02-22 13:36:01,014 INFO "PATCH /api/metadata/8/ HTTP/1.1" 200 78
2022-02-22 13:36:01,176 INFO "GET /api/metadata_types/2/metadata/?page_size=10&page=1 HTTP/1.1" 200 848
2022-02-22 13:36:06,481 INFO "GET /api/metadata_types/?sort_by=name HTTP/1.1" 200 181
2022-02-22 13:36:06,482 INFO "GET /api/organization/ HTTP/1.1" 200 156
2022-02-22 13:36:06,483 INFO "GET /api/copyright/ HTTP/1.1" 200 336
2022-02-22 13:36:06,608 INFO "GET /api/metadata_types/4/metadata/?page_size=5&page=1 HTTP/1.1" 200 59
2022-02-22 13:36:06,611 INFO "GET /api/metadata_types/3/metadata/?page_size=5&page=1 HTTP/1.1" 200 59
2022-02-22 13:36:06,614 INFO "GET /api/metadata_types/2/metadata/?page_size=5&page=1 HTTP/1.1" 200 450
2022-02-22 13:36:06,615 INFO "GET /api/metadata_types/1/metadata/?page_size=5&page=1 HTTP/1.1" 200 208
2022-02-22 13:36:06,668 INFO "GET /api/content/?page_size=10&page=1&sort_by=title&created_by=2&copyright=all HTTP/1.1" 200 1628
2022-02-22 13:36:07,724 INFO "GET /api/metadata_types/?sort_by=name HTTP/1.1" 200 181
2022-02-22 13:36:07,777 INFO "GET /api/metadata_types/3/metadata/?page_size=5&page=1 HTTP/1.1" 200 59
2022-02-22 13:36:07,781 INFO "GET /api/metadata_types/4/metadata/?page_size=5&page=1 HTTP/1.1" 200 59
2022-02-22 13:36:07,781 INFO "GET /api/metadata_types/2/metadata/?page_size=5&page=1 HTTP/1.1" 200 450
2022-02-22 13:36:07,782 INFO "GET /api/metadata_types/1/metadata/?page_size=5&page=1 HTTP/1.1" 200 208
2022-02-22 13:54:06,510 WARNING "GET /static/index.html HTTP/1.1" 404 1657
2022-02-22 13:54:09,410 WARNING "GET /static/index.html HTTP/1.1" 404 1657
2022-02-22 13:54:21,890 INFO "GET /static/index.html HTTP/1.1" 200 1055
2022-02-22 13:54:21,912 INFO "GET /static/js/main.b448453a6ea869dd5342.bundle.js HTTP/1.1" 200 3212143
2022-02-22 13:54:22,054 INFO "GET /static/js/main.b448453a6ea869dd5342.bundle.js.map HTTP/1.1" 200 3316418
2022-02-22 13:54:22,079 INFO "GET /static/8cd71d44194c35dfd6d0c817692c94ca.png HTTP/1.1" 200 35245
2022-02-22 13:54:22,084 INFO "GET /static/js/vendors-node_modules_material-ui_core_esm_Grid_Grid_js.b448453a6ea869dd5342.bundle.js HTTP/1.1" 200 16641
2022-02-22 13:54:22,090 INFO "GET /static/js/vendors-node_modules_solarspell-react-lib_dist_index_js.b448453a6ea869dd5342.bundle.js HTTP/1.1" 200 1430399
2022-02-22 13:54:22,091 INFO "GET /static/js/vendors-node_modules_material-ui_core_esm_Button_Button_js-node_modules_material-ui_core_esm_-3149be.b448453a6ea869dd5342.bundle.js HTTP/1.1" 200 42253
2022-02-22 13:54:22,092 INFO "GET /static/js/src_js_pages_metadata_index_tsx.b448453a6ea869dd5342.bundle.js HTTP/1.1" 200 23731
2022-02-22 13:54:22,144 INFO "GET /api/get_user/ HTTP/1.1" 200 333
2022-02-22 13:54:22,176 INFO "GET /static/js/vendors-node_modules_material-ui_core_esm_Grid_Grid_js.b448453a6ea869dd5342.bundle.js.map HTTP/1.1" 200 16646
2022-02-22 13:54:22,262 INFO "GET /static/js/vendors-node_modules_material-ui_core_esm_Button_Button_js-node_modules_material-ui_core_esm_-3149be.b448453a6ea869dd5342.bundle.js.map HTTP/1.1" 200 40025
2022-02-22 13:54:22,266 INFO "GET /static/js/src_js_pages_metadata_index_tsx.b448453a6ea869dd5342.bundle.js.map HTTP/1.1" 200 13647
2022-02-22 13:54:22,275 INFO "GET /api/metadata_types/?sort_by=name HTTP/1.1" 200 181
2022-02-22 13:54:22,280 INFO "GET /static/js/vendors-node_modules_solarspell-react-lib_dist_index_js.b448453a6ea869dd5342.bundle.js.map HTTP/1.1" 200 1303911
2022-02-22 13:54:22,356 INFO "GET /api/metadata_types/3/metadata/ HTTP/1.1" 200 59
2022-02-22 13:54:22,358 INFO "GET /api/metadata_types/4/metadata/ HTTP/1.1" 200 59
2022-02-22 13:54:22,361 INFO "GET /api/metadata_types/1/metadata/ HTTP/1.1" 200 208
2022-02-22 13:54:22,365 INFO "GET /api/metadata_types/2/metadata/ HTTP/1.1" 200 931
2022-02-22 13:54:30,711 INFO "GET /static/js/vendors-node_modules_material-ui_icons_esm_Delete_js-node_modules_material-ui_icons_esm_Edit_-c45b31.b448453a6ea869dd5342.bundle.js HTTP/1.1" 200 18333
2022-02-22 13:54:30,712 INFO "GET /static/js/src_js_pages_content_index_tsx.b448453a6ea869dd5342.bundle.js HTTP/1.1" 200 78791
2022-02-22 13:54:30,726 INFO "GET /static/js/vendors-node_modules_material-ui_icons_esm_Delete_js-node_modules_material-ui_icons_esm_Edit_-c45b31.b448453a6ea869dd5342.bundle.js.map HTTP/1.1" 200 16843
2022-02-22 13:54:30,726 INFO "GET /static/js/src_js_pages_content_index_tsx.b448453a6ea869dd5342.bundle.js.map HTTP/1.1" 200 57814
2022-02-22 13:54:30,799 INFO "GET /api/organization/ HTTP/1.1" 200 156
2022-02-22 13:54:30,799 INFO "GET /api/copyright/ HTTP/1.1" 200 336
2022-02-22 13:54:30,801 INFO "GET /api/metadata_types/?sort_by=name HTTP/1.1" 200 181
2022-02-22 13:54:31,030 INFO "GET /api/metadata_types/3/metadata/?page_size=5&page=1 HTTP/1.1" 200 59
2022-02-22 13:54:31,033 INFO "GET /api/metadata_types/4/metadata/?page_size=5&page=1 HTTP/1.1" 200 59
2022-02-22 13:54:31,037 INFO "GET /api/metadata_types/1/metadata/?page_size=5&page=1 HTTP/1.1" 200 208
2022-02-22 13:54:31,037 INFO "GET /api/metadata_types/2/metadata/?page_size=5&page=2 HTTP/1.1" 200 457
2022-02-22 13:54:31,060 INFO "GET /api/content/?page_size=10&page=1&sort_by=title&created_by=2&copyright=all HTTP/1.1" 200 1628
2022-02-22 13:54:32,670 INFO "GET /api/metadata_types/?sort_by=name HTTP/1.1" 200 181
2022-02-22 13:54:32,725 INFO "GET /api/metadata_types/4/metadata/?page_size=5&page=1 HTTP/1.1" 200 59
2022-02-22 13:54:32,726 INFO "GET /api/metadata_types/3/metadata/?page_size=5&page=1 HTTP/1.1" 200 59
2022-02-22 13:54:32,727 INFO "GET /api/metadata_types/1/metadata/?page_size=5&page=1 HTTP/1.1" 200 208
2022-02-22 13:54:32,728 INFO "GET /api/metadata_types/2/metadata/?page_size=5&page=1 HTTP/1.1" 200 450
2022-02-22 13:57:42,162 INFO "GET /api/organization/ HTTP/1.1" 200 156
2022-02-22 13:57:42,163 INFO "GET /api/metadata_types/?sort_by=name HTTP/1.1" 200 181
2022-02-22 13:57:42,164 INFO "GET /api/copyright/ HTTP/1.1" 200 336
2022-02-22 13:57:42,276 INFO "GET /api/metadata_types/3/metadata/?page_size=5&page=1 HTTP/1.1" 200 59
2022-02-22 13:57:42,278 INFO "GET /api/metadata_types/4/metadata/?page_size=5&page=1 HTTP/1.1" 200 59
2022-02-22 13:57:42,278 INFO "GET /api/metadata_types/2/metadata/?page_size=5&page=1 HTTP/1.1" 200 450
2022-02-22 13:57:42,279 INFO "GET /api/metadata_types/1/metadata/?page_size=5&page=1 HTTP/1.1" 200 208
2022-02-22 13:57:42,336 INFO "GET /api/content/?page_size=10&page=1&sort_by=title&created_by=2&copyright=all HTTP/1.1" 200 1628
2022-02-22 13:59:57,616 INFO "GET /api/metadata_types/?sort_by=name HTTP/1.1" 200 181
2022-02-22 14:00:34,461 INFO "GET /api/metadata_types/3/metadata/?page_size=5&page=1 HTTP/1.1" 200 59
2022-02-22 14:00:34,461 INFO "GET /api/metadata_types/4/metadata/?page_size=5&page=1 HTTP/1.1" 200 59
2022-02-22 14:00:34,467 INFO "GET /api/metadata_types/2/metadata/?page_size=5&page=1 HTTP/1.1" 200 450
2022-02-22 14:00:34,467 INFO "GET /api/metadata_types/1/metadata/?page_size=5&page=1 HTTP/1.1" 200 208
2022-02-22 14:01:55,286 INFO "GET /api/organization/ HTTP/1.1" 200 156
2022-02-22 14:01:55,286 INFO "GET /api/metadata_types/?sort_by=name HTTP/1.1" 200 181
2022-02-22 14:01:55,287 INFO "GET /api/copyright/ HTTP/1.1" 200 336
2022-02-22 14:01:55,402 INFO "GET /api/metadata_types/3/metadata/?page_size=5&page=1 HTTP/1.1" 200 59
2022-02-22 14:01:55,403 INFO "GET /api/metadata_types/4/metadata/?page_size=5&page=1 HTTP/1.1" 200 59
2022-02-22 14:01:55,404 INFO "GET /api/metadata_types/1/metadata/?page_size=5&page=1 HTTP/1.1" 200 208
2022-02-22 14:01:55,406 INFO "GET /api/metadata_types/2/metadata/?page_size=10&page=1 HTTP/1.1" 200 848
2022-02-22 14:01:55,444 INFO "GET /api/content/?page_size=10&page=1&sort_by=title&created_by=2&copyright=all HTTP/1.1" 200 1628
2022-02-22 14:01:55,938 INFO "GET /api/metadata_types/?sort_by=name HTTP/1.1" 200 181
2022-02-22 14:01:55,986 INFO "GET /api/metadata_types/4/metadata/?page_size=5&page=1 HTTP/1.1" 200 59
2022-02-22 14:01:55,987 INFO "GET /api/metadata_types/3/metadata/?page_size=5&page=1 HTTP/1.1" 200 59
2022-02-22 14:01:55,989 INFO "GET /api/metadata_types/2/metadata/?page_size=5&page=1 HTTP/1.1" 200 450
2022-02-22 14:01:55,990 INFO "GET /api/metadata_types/1/metadata/?page_size=5&page=1 HTTP/1.1" 200 208
2022-02-22 14:27:37,149 INFO Watching for file changes with StatReloader
2022-02-22 14:29:40,784 INFO "GET /static/index.html HTTP/1.1" 200 1055
2022-02-22 14:29:40,811 INFO "GET /static/js/main.7201c8febdb7352a25dd.bundle.js HTTP/1.1" 200 3212143
2022-02-22 14:29:40,944 INFO "GET /static/js/vendors-node_modules_material-ui_core_esm_Grid_Grid_js.7201c8febdb7352a25dd.bundle.js HTTP/1.1" 200 16641
2022-02-22 14:29:40,946 INFO "GET /static/js/src_js_pages_home_index_tsx.7201c8febdb7352a25dd.bundle.js HTTP/1.1" 200 4855
2022-02-22 14:29:40,955 INFO "GET /static/8cd71d44194c35dfd6d0c817692c94ca.png HTTP/1.1" 200 35245
2022-02-22 14:29:40,995 INFO "GET /api/get_user/ HTTP/1.1" 200 333
2022-02-22 14:29:40,997 INFO "GET /static/c27a388023a41d4d334001825f43d507.png HTTP/1.1" 200 8321
2022-02-22 14:29:41,008 INFO "GET /static/29fc02d65f2e0f17338b1ee254f01e5d.png HTTP/1.1" 200 26391
2022-02-22 14:29:41,014 INFO "GET /static/dbbbfa6028ef921712550680585aadb8.png HTTP/1.1" 200 12788
2022-02-22 14:29:41,015 INFO "GET /static/2212291feacabc6ddf6ab4479028b0ff.png HTTP/1.1" 200 18149
2022-02-22 14:29:42,394 INFO "GET /static/js/src_js_pages_metadata_index_tsx.7201c8febdb7352a25dd.bundle.js HTTP/1.1" 200 23686
2022-02-22 14:29:42,394 INFO "GET /static/js/vendors-node_modules_material-ui_core_esm_Button_Button_js-node_modules_material-ui_core_esm_-3149be.7201c8febdb7352a25dd.bundle.js HTTP/1.1" 200 42253
2022-02-22 14:29:42,397 INFO "GET /static/js/vendors-node_modules_solarspell-react-lib_dist_index_js.7201c8febdb7352a25dd.bundle.js HTTP/1.1" 200 1430399
2022-02-22 14:29:45,016 INFO "GET /static/js/src_js_pages_home_index_tsx.7201c8febdb7352a25dd.bundle.js.map HTTP/1.1" 200 2394
2022-02-22 14:29:45,017 INFO "GET /static/js/vendors-node_modules_material-ui_core_esm_Grid_Grid_js.7201c8febdb7352a25dd.bundle.js.map HTTP/1.1" 200 16655
2022-02-22 14:29:45,017 INFO "GET /static/js/src_js_pages_metadata_index_tsx.7201c8febdb7352a25dd.bundle.js.map HTTP/1.1" 200 13594
2022-02-22 14:29:45,020 INFO "GET /static/js/vendors-node_modules_material-ui_core_esm_Button_Button_js-node_modules_material-ui_core_esm_-3149be.7201c8febdb7352a25dd.bundle.js.map HTTP/1.1" 200 40052
2022-02-22 14:29:45,025 INFO "GET /static/js/vendors-node_modules_solarspell-react-lib_dist_index_js.7201c8febdb7352a25dd.bundle.js.map HTTP/1.1" 200 1305081
2022-02-22 14:29:45,031 INFO "GET /static/js/main.7201c8febdb7352a25dd.bundle.js.map HTTP/1.1" 200 3316418
2022-02-22 14:30:17,404 INFO "GET /static/index.html HTTP/1.1" 200 1055
2022-02-22 14:30:17,428 INFO "GET /static/js/main.5df3ae2353bc00ce5963.bundle.js HTTP/1.1" 200 3212143
2022-02-22 14:30:17,517 INFO "GET /static/js/main.5df3ae2353bc00ce5963.bundle.js.map HTTP/1.1" 200 3316418
2022-02-22 14:30:17,575 INFO "GET /static/8cd71d44194c35dfd6d0c817692c94ca.png HTTP/1.1" 304 0
2022-02-22 14:30:17,581 INFO "GET /static/js/src_js_pages_home_index_tsx.5df3ae2353bc00ce5963.bundle.js HTTP/1.1" 200 4855
2022-02-22 14:30:17,582 INFO "GET /static/js/vendors-node_modules_material-ui_core_esm_Grid_Grid_js.5df3ae2353bc00ce5963.bundle.js HTTP/1.1" 200 16641
2022-02-22 14:30:17,630 INFO "GET /api/get_user/ HTTP/1.1" 200 333
2022-02-22 14:30:17,657 INFO "GET /static/c27a388023a41d4d334001825f43d507.png HTTP/1.1" 200 8321
2022-02-22 14:30:17,657 INFO "GET /static/2212291feacabc6ddf6ab4479028b0ff.png HTTP/1.1" 200 18149
2022-02-22 14:30:17,657 INFO "GET /static/dbbbfa6028ef921712550680585aadb8.png HTTP/1.1" 200 12788
2022-02-22 14:30:17,657 INFO "GET /static/29fc02d65f2e0f17338b1ee254f01e5d.png HTTP/1.1" 200 26391
2022-02-22 14:30:17,703 INFO "GET /static/favicon.ico HTTP/1.1" 200 169662
2022-02-22 14:30:17,732 INFO "GET /static/js/src_js_pages_home_index_tsx.5df3ae2353bc00ce5963.bundle.js.map HTTP/1.1" 200 2448
2022-02-22 14:30:17,733 INFO "GET /static/js/vendors-node_modules_material-ui_core_esm_Grid_Grid_js.5df3ae2353bc00ce5963.bundle.js.map HTTP/1.1" 200 16673
2022-02-22 14:30:18,637 INFO "GET /static/js/src_js_pages_metadata_index_tsx.5df3ae2353bc00ce5963.bundle.js HTTP/1.1" 200 23642
2022-02-22 14:30:18,637 INFO "GET /static/js/vendors-node_modules_material-ui_core_esm_Button_Button_js-node_modules_material-ui_core_esm_-3149be.5df3ae2353bc00ce5963.bundle.js HTTP/1.1" 200 42253
2022-02-22 14:30:18,640 INFO "GET /static/js/vendors-node_modules_solarspell-react-lib_dist_index_js.5df3ae2353bc00ce5963.bundle.js HTTP/1.1" 200 1430399
2022-02-22 14:30:18,642 INFO "GET /static/js/src_js_pages_metadata_index_tsx.5df3ae2353bc00ce5963.bundle.js.map HTTP/1.1" 200 13634
2022-02-22 14:30:18,642 INFO "GET /static/js/vendors-node_modules_material-ui_core_esm_Button_Button_js-node_modules_material-ui_core_esm_-3149be.5df3ae2353bc00ce5963.bundle.js.map HTTP/1.1" 200 40106
2022-02-22 14:30:18,706 INFO "GET /static/js/vendors-node_modules_solarspell-react-lib_dist_index_js.5df3ae2353bc00ce5963.bundle.js.map HTTP/1.1" 200 1307421
2022-02-22 14:30:18,738 INFO "GET /api/metadata_types/?sort_by=name HTTP/1.1" 200 181
2022-02-22 14:30:18,817 INFO "GET /api/metadata_types/3/metadata/ HTTP/1.1" 200 59
2022-02-22 14:30:18,820 INFO "GET /api/metadata_types/4/metadata/ HTTP/1.1" 200 59
2022-02-22 14:30:18,821 INFO "GET /api/metadata_types/1/metadata/ HTTP/1.1" 200 208
2022-02-22 14:30:18,822 INFO "GET /api/metadata_types/2/metadata/ HTTP/1.1" 200 931
2022-02-22 14:31:39,503 INFO "GET /static/index.html HTTP/1.1" 200 1055
2022-02-22 14:31:39,536 INFO "GET /static/js/main.5df3ae2353bc00ce5963.bundle.js HTTP/1.1" 304 0
2022-02-22 14:31:39,640 INFO "GET /static/js/main.5df3ae2353bc00ce5963.bundle.js.map HTTP/1.1" 200 3316418
2022-02-22 14:31:39,664 INFO "GET /static/8cd71d44194c35dfd6d0c817692c94ca.png HTTP/1.1" 304 0
2022-02-22 14:31:39,671 INFO "GET /static/js/vendors-node_modules_material-ui_core_esm_Grid_Grid_js.5df3ae2353bc00ce5963.bundle.js HTTP/1.1" 200 16641
2022-02-22 14:31:39,671 INFO "GET /static/js/src_js_pages_metadata_index_tsx.5df3ae2353bc00ce5963.bundle.js HTTP/1.1" 200 23642
2022-02-22 14:31:39,672 INFO "GET /static/js/vendors-node_modules_material-ui_core_esm_Button_Button_js-node_modules_material-ui_core_esm_-3149be.5df3ae2353bc00ce5963.bundle.js HTTP/1.1" 200 42253
2022-02-22 14:31:39,674 INFO "GET /static/js/vendors-node_modules_solarspell-react-lib_dist_index_js.5df3ae2353bc00ce5963.bundle.js HTTP/1.1" 200 1430399
2022-02-22 14:31:39,731 INFO "GET /api/get_user/ HTTP/1.1" 200 333
2022-02-22 14:31:39,810 INFO "GET /static/js/src_js_pages_metadata_index_tsx.5df3ae2353bc00ce5963.bundle.js.map HTTP/1.1" 200 13634
2022-02-22 14:31:39,810 INFO "GET /static/js/vendors-node_modules_material-ui_core_esm_Grid_Grid_js.5df3ae2353bc00ce5963.bundle.js.map HTTP/1.1" 200 16673
2022-02-22 14:31:39,810 INFO "GET /static/js/vendors-node_modules_material-ui_core_esm_Button_Button_js-node_modules_material-ui_core_esm_-3149be.5df3ae2353bc00ce5963.bundle.js.map HTTP/1.1" 200 40106
2022-02-22 14:31:39,835 INFO "GET /static/js/vendors-node_modules_solarspell-react-lib_dist_index_js.5df3ae2353bc00ce5963.bundle.js.map HTTP/1.1" 200 1307421
2022-02-22 14:31:39,839 INFO "GET /static/favicon.ico HTTP/1.1" 200 169662
2022-02-22 14:31:39,851 INFO "GET /api/metadata_types/?sort_by=name HTTP/1.1" 200 181
2022-02-22 14:31:39,920 INFO "GET /api/metadata_types/3/metadata/ HTTP/1.1" 200 59
2022-02-22 14:31:39,922 INFO "GET /api/metadata_types/4/metadata/ HTTP/1.1" 200 59
2022-02-22 14:31:39,926 INFO "GET /api/metadata_types/1/metadata/ HTTP/1.1" 200 208
2022-02-22 14:31:39,931 INFO "GET /api/metadata_types/2/metadata/ HTTP/1.1" 200 931
2022-02-22 14:32:02,598 INFO "GET /static/index.html HTTP/1.1" 200 1055
2022-02-22 14:32:02,625 INFO "GET /static/js/main.5df3ae2353bc00ce5963.bundle.js HTTP/1.1" 304 0
2022-02-22 14:32:02,738 INFO "GET /static/js/main.5df3ae2353bc00ce5963.bundle.js.map HTTP/1.1" 200 3316418
2022-02-22 14:32:02,757 INFO "GET /static/8cd71d44194c35dfd6d0c817692c94ca.png HTTP/1.1" 304 0
2022-02-22 14:32:02,764 INFO "GET /static/js/vendors-node_modules_material-ui_core_esm_Grid_Grid_js.5df3ae2353bc00ce5963.bundle.js HTTP/1.1" 200 16641
2022-02-22 14:32:02,764 INFO "GET /static/js/vendors-node_modules_material-ui_core_esm_Button_Button_js-node_modules_material-ui_core_esm_-3149be.5df3ae2353bc00ce5963.bundle.js HTTP/1.1" 200 42253
2022-02-22 14:32:02,767 INFO "GET /static/js/src_js_pages_metadata_index_tsx.5df3ae2353bc00ce5963.bundle.js HTTP/1.1" 200 23642
2022-02-22 14:32:02,768 INFO "GET /static/js/vendors-node_modules_solarspell-react-lib_dist_index_js.5df3ae2353bc00ce5963.bundle.js HTTP/1.1" 200 1430399
2022-02-22 14:32:02,818 INFO "GET /api/get_user/ HTTP/1.1" 200 333
2022-02-22 14:32:02,890 INFO "GET /static/js/vendors-node_modules_material-ui_core_esm_Grid_Grid_js.5df3ae2353bc00ce5963.bundle.js.map HTTP/1.1" 200 16673
2022-02-22 14:32:02,890 INFO "GET /static/js/src_js_pages_metadata_index_tsx.5df3ae2353bc00ce5963.bundle.js.map HTTP/1.1" 200 13634
2022-02-22 14:32:02,891 INFO "GET /static/js/vendors-node_modules_material-ui_core_esm_Button_Button_js-node_modules_material-ui_core_esm_-3149be.5df3ae2353bc00ce5963.bundle.js.map HTTP/1.1" 200 40106
2022-02-22 14:32:02,954 INFO "GET /api/metadata_types/?sort_by=name HTTP/1.1" 200 181
2022-02-22 14:32:02,958 INFO "GET /static/favicon.ico HTTP/1.1" 200 169662
2022-02-22 14:32:02,992 INFO "GET /static/js/vendors-node_modules_solarspell-react-lib_dist_index_js.5df3ae2353bc00ce5963.bundle.js.map HTTP/1.1" 200 1307421
2022-02-22 14:32:03,033 INFO "GET /api/metadata_types/3/metadata/ HTTP/1.1" 200 59
2022-02-22 14:32:03,038 INFO "GET /api/metadata_types/4/metadata/ HTTP/1.1" 200 59
2022-02-22 14:32:03,044 INFO "GET /api/metadata_types/1/metadata/ HTTP/1.1" 200 208
2022-02-22 14:32:03,044 INFO "GET /api/metadata_types/2/metadata/ HTTP/1.1" 200 931
2022-02-22 14:34:09,907 INFO "GET /static/index.html HTTP/1.1" 200 1055
2022-02-22 14:34:10,466 INFO "GET /static/js/main.5df3ae2353bc00ce5963.bundle.js HTTP/1.1" 200 3212143
2022-02-22 14:34:10,590 INFO "GET /static/js/src_js_pages_home_index_tsx.5df3ae2353bc00ce5963.bundle.js HTTP/1.1" 200 4855
2022-02-22 14:34:10,590 INFO "GET /static/js/vendors-node_modules_material-ui_core_esm_Grid_Grid_js.5df3ae2353bc00ce5963.bundle.js HTTP/1.1" 200 16641
2022-02-22 14:34:10,601 INFO "GET /static/8cd71d44194c35dfd6d0c817692c94ca.png HTTP/1.1" 200 35245
2022-02-22 14:34:10,642 INFO "GET /static/c27a388023a41d4d334001825f43d507.png HTTP/1.1" 200 8321
2022-02-22 14:34:10,644 INFO "GET /static/2212291feacabc6ddf6ab4479028b0ff.png HTTP/1.1" 200 18149
2022-02-22 14:34:10,645 INFO "GET /static/29fc02d65f2e0f17338b1ee254f01e5d.png HTTP/1.1" 200 26391
2022-02-22 14:34:10,645 INFO "GET /static/dbbbfa6028ef921712550680585aadb8.png HTTP/1.1" 200 12788
2022-02-22 14:34:10,645 INFO "GET /api/get_user/ HTTP/1.1" 200 333
2022-02-22 14:34:10,939 INFO "GET /static/favicon.ico HTTP/1.1" 200 169662
2022-02-22 14:34:17,498 INFO "GET /static/index.html HTTP/1.1" 200 1055
2022-02-22 14:34:17,537 INFO "GET /static/js/main.5df3ae2353bc00ce5963.bundle.js HTTP/1.1" 200 3212143
2022-02-22 14:34:17,661 INFO "GET /static/js/vendors-node_modules_material-ui_core_esm_Grid_Grid_js.5df3ae2353bc00ce5963.bundle.js HTTP/1.1" 200 16641
2022-02-22 14:34:17,661 INFO "GET /static/js/src_js_pages_home_index_tsx.5df3ae2353bc00ce5963.bundle.js HTTP/1.1" 200 4855
2022-02-22 14:34:17,673 INFO "GET /static/8cd71d44194c35dfd6d0c817692c94ca.png HTTP/1.1" 200 35245
2022-02-22 14:34:17,712 INFO "GET /static/dbbbfa6028ef921712550680585aadb8.png HTTP/1.1" 200 12788
2022-02-22 14:34:17,712 INFO "GET /static/2212291feacabc6ddf6ab4479028b0ff.png HTTP/1.1" 200 18149
2022-02-22 14:34:17,712 INFO "GET /static/29fc02d65f2e0f17338b1ee254f01e5d.png HTTP/1.1" 200 26391
2022-02-22 14:34:17,712 INFO "GET /static/c27a388023a41d4d334001825f43d507.png HTTP/1.1" 200 8321
2022-02-22 14:34:17,719 INFO "GET /api/get_user/ HTTP/1.1" 200 333
2022-02-22 14:34:20,241 INFO "GET /static/js/src_js_pages_home_index_tsx.5df3ae2353bc00ce5963.bundle.js.map HTTP/1.1" 200 2448
2022-02-22 14:34:20,242 INFO "GET /static/js/vendors-node_modules_material-ui_core_esm_Grid_Grid_js.5df3ae2353bc00ce5963.bundle.js.map HTTP/1.1" 200 16673
2022-02-22 14:34:20,251 INFO "GET /static/js/main.5df3ae2353bc00ce5963.bundle.js.map HTTP/1.1" 200 3316418
2022-02-22 14:34:29,007 INFO "GET /static/js/src_js_pages_metadata_index_tsx.5df3ae2353bc00ce5963.bundle.js HTTP/1.1" 200 23642
2022-02-22 14:34:29,007 INFO "GET /static/js/vendors-node_modules_material-ui_core_esm_Button_Button_js-node_modules_material-ui_core_esm_-3149be.5df3ae2353bc00ce5963.bundle.js HTTP/1.1" 200 42253
2022-02-22 14:34:29,010 INFO "GET /static/js/vendors-node_modules_solarspell-react-lib_dist_index_js.5df3ae2353bc00ce5963.bundle.js HTTP/1.1" 200 1430399
2022-02-22 14:34:29,012 INFO "GET /static/js/src_js_pages_metadata_index_tsx.5df3ae2353bc00ce5963.bundle.js.map HTTP/1.1" 200 13634
2022-02-22 14:34:29,014 INFO "GET /static/js/vendors-node_modules_material-ui_core_esm_Button_Button_js-node_modules_material-ui_core_esm_-3149be.5df3ae2353bc00ce5963.bundle.js.map HTTP/1.1" 200 40106
2022-02-22 14:34:29,077 INFO "GET /static/js/vendors-node_modules_solarspell-react-lib_dist_index_js.5df3ae2353bc00ce5963.bundle.js.map HTTP/1.1" 200 1307421
2022-02-22 14:34:29,114 INFO "GET /api/metadata_types/?sort_by=name HTTP/1.1" 200 181
2022-02-22 14:34:29,187 INFO "GET /api/metadata_types/3/metadata/ HTTP/1.1" 200 59
2022-02-22 14:34:29,190 INFO "GET /api/metadata_types/4/metadata/ HTTP/1.1" 200 59
2022-02-22 14:34:29,191 INFO "GET /api/metadata_types/1/metadata/ HTTP/1.1" 200 208
2022-02-22 14:34:29,194 INFO "GET /api/metadata_types/2/metadata/ HTTP/1.1" 200 931
2022-02-22 14:34:40,007 INFO "GET /static/js/vendors-node_modules_material-ui_icons_esm_Delete_js-node_modules_material-ui_icons_esm_Edit_-c45b31.5df3ae2353bc00ce5963.bundle.js HTTP/1.1" 200 18333
2022-02-22 14:34:40,008 INFO "GET /static/js/src_js_pages_content_index_tsx.5df3ae2353bc00ce5963.bundle.js HTTP/1.1" 200 78791
2022-02-22 14:34:40,022 INFO "GET /static/js/vendors-node_modules_material-ui_icons_esm_Delete_js-node_modules_material-ui_icons_esm_Edit_-c45b31.5df3ae2353bc00ce5963.bundle.js.map HTTP/1.1" 200 17005
2022-02-22 14:34:40,055 INFO "GET /static/js/src_js_pages_content_index_tsx.5df3ae2353bc00ce5963.bundle.js.map HTTP/1.1" 200 58327
2022-02-22 14:34:40,151 INFO "GET /api/metadata_types/?sort_by=name HTTP/1.1" 200 181
2022-02-22 14:34:40,154 INFO "GET /api/copyright/ HTTP/1.1" 200 336
2022-02-22 14:34:40,154 INFO "GET /api/organization/ HTTP/1.1" 200 156
2022-02-22 14:34:40,344 INFO "GET /api/metadata_types/3/metadata/?page_size=5&page=1 HTTP/1.1" 200 59
2022-02-22 14:34:40,344 INFO "GET /api/metadata_types/4/metadata/?page_size=5&page=1 HTTP/1.1" 200 59
2022-02-22 14:34:40,349 INFO "GET /api/metadata_types/2/metadata/?page_size=5&page=1 HTTP/1.1" 200 450
2022-02-22 14:34:40,349 INFO "GET /api/metadata_types/1/metadata/?page_size=5&page=1 HTTP/1.1" 200 208
2022-02-22 14:34:40,380 INFO "GET /api/content/?page_size=10&page=1&sort_by=title&created_by=2&copyright=all HTTP/1.1" 200 1628
2022-02-22 14:34:48,366 INFO "GET /api/metadata_types/?sort_by=name HTTP/1.1" 200 181
2022-02-22 14:34:48,415 INFO "GET /api/metadata_types/3/metadata/?page_size=5&page=1 HTTP/1.1" 200 59
2022-02-22 14:34:48,418 INFO "GET /api/metadata_types/2/metadata/?page_size=5&page=1 HTTP/1.1" 200 450
2022-02-22 14:34:48,418 INFO "GET /api/metadata_types/4/metadata/?page_size=5&page=1 HTTP/1.1" 200 59
2022-02-22 14:34:48,418 INFO "GET /api/metadata_types/1/metadata/?page_size=5&page=1 HTTP/1.1" 200 208
2022-02-22 14:36:06,893 INFO "GET /api/copyright/ HTTP/1.1" 200 336
2022-02-22 14:36:06,893 INFO "GET /api/organization/ HTTP/1.1" 200 156
2022-02-22 14:36:06,893 INFO "GET /api/metadata_types/?sort_by=name HTTP/1.1" 200 181
2022-02-22 14:36:07,011 INFO "GET /api/metadata_types/3/metadata/?page_size=5&page=1 HTTP/1.1" 200 59
2022-02-22 14:36:07,014 INFO "GET /api/metadata_types/4/metadata/?page_size=5&page=1 HTTP/1.1" 200 59
2022-02-22 14:36:07,016 INFO "GET /api/metadata_types/1/metadata/?page_size=5&page=1 HTTP/1.1" 200 208
2022-02-22 14:36:07,017 INFO "GET /api/metadata_types/2/metadata/?page_size=5&page=1 HTTP/1.1" 200 450
2022-02-22 14:36:07,072 INFO "GET /api/content/?page_size=10&page=1&sort_by=title&created_by=2&copyright=all HTTP/1.1" 200 1628
2022-02-22 14:36:14,529 INFO "GET /api/metadata_types/?sort_by=name HTTP/1.1" 200 181
2022-02-22 14:36:14,579 INFO "GET /api/metadata_types/3/metadata/?page_size=5&page=1 HTTP/1.1" 200 59
2022-02-22 14:36:14,580 INFO "GET /api/metadata_types/4/metadata/?page_size=5&page=1 HTTP/1.1" 200 59
2022-02-22 14:36:14,582 INFO "GET /api/metadata_types/2/metadata/?page_size=5&page=1 HTTP/1.1" 200 450
2022-02-22 14:36:14,582 INFO "GET /api/metadata_types/1/metadata/?page_size=5&page=1 HTTP/1.1" 200 208
2022-02-22 14:36:35,450 INFO "GET /api/metadata_types/2/metadata/?page_size=5&page=1 HTTP/1.1" 200 8242
2022-02-22 14:36:35,461 INFO "GET /static/rest_framework/css/bootstrap-tweaks.css HTTP/1.1" 200 3385
2022-02-22 14:36:35,461 INFO "GET /static/rest_framework/js/ajax-form.js HTTP/1.1" 200 3597
2022-02-22 14:36:35,461 INFO "GET /static/rest_framework/css/default.css HTTP/1.1" 200 1131
2022-02-22 14:36:35,461 INFO "GET /static/rest_framework/css/prettify.css HTTP/1.1" 200 817
2022-02-22 14:36:35,462 INFO "GET /static/rest_framework/js/jquery-3.4.1.min.js HTTP/1.1" 200 88145
2022-02-22 14:36:35,462 INFO "GET /static/rest_framework/css/bootstrap.min.css HTTP/1.1" 200 121457
2022-02-22 14:36:35,466 INFO "GET /static/rest_framework/js/csrf.js HTTP/1.1" 200 1719
2022-02-22 14:36:35,467 INFO "GET /static/rest_framework/js/prettify-min.js HTTP/1.1" 200 13632
2022-02-22 14:36:35,467 INFO "GET /static/rest_framework/js/default.js HTTP/1.1" 200 1268
2022-02-22 14:36:35,467 INFO "GET /static/rest_framework/js/bootstrap.min.js HTTP/1.1" 200 39680
2022-02-22 14:36:35,496 INFO "GET /static/rest_framework/img/grid.png HTTP/1.1" 200 1458
2022-02-22 14:39:01,267 INFO "GET /static/29fc02d65f2e0f17338b1ee254f01e5d.png HTTP/1.1" 200 26391
2022-02-22 15:10:57,397 INFO Watching for file changes with StatReloader
2022-02-22 15:13:59,058 INFO "GET /api/metadata_types/?sort_by=name HTTP/1.1" 200 181
2022-02-22 15:13:59,058 INFO "GET /api/copyright/ HTTP/1.1" 200 336
2022-02-22 15:13:59,061 INFO "GET /api/organization/ HTTP/1.1" 200 156
2022-02-22 15:13:59,153 INFO "GET /api/metadata_types/3/metadata/?page_size=5&page=1 HTTP/1.1" 200 59
2022-02-22 15:13:59,154 INFO "GET /api/metadata_types/4/metadata/?page_size=5&page=1 HTTP/1.1" 200 59
2022-02-22 15:13:59,155 INFO "GET /api/metadata_types/2/metadata/?page_size=5&page=1 HTTP/1.1" 200 450
2022-02-22 15:13:59,157 INFO "GET /api/metadata_types/1/metadata/?page_size=5&page=1 HTTP/1.1" 200 208
2022-02-22 15:13:59,215 INFO "GET /api/content/?page_size=10&page=1&sort_by=title&created_by=2&copyright=all HTTP/1.1" 200 1628
2022-02-22 15:14:00,312 INFO "GET /api/metadata_types/?sort_by=name HTTP/1.1" 200 181
2022-02-22 15:14:00,358 INFO "GET /api/metadata_types/4/metadata/?page_size=5&page=1 HTTP/1.1" 200 59
2022-02-22 15:14:00,359 INFO "GET /api/metadata_types/3/metadata/?page_size=5&page=1 HTTP/1.1" 200 59
2022-02-22 15:14:00,360 INFO "GET /api/metadata_types/2/metadata/?page_size=5&page=1 HTTP/1.1" 200 450
2022-02-22 15:14:00,361 INFO "GET /api/metadata_types/1/metadata/?page_size=5&page=1 HTTP/1.1" 200 208
2022-02-22 15:14:11,347 INFO "PATCH /api/metadata/6/ HTTP/1.1" 200 77
2022-02-22 15:14:11,493 INFO "GET /api/metadata_types/2/metadata/?page_size=5&page=1 HTTP/1.1" 200 449
2022-02-22 15:14:22,512 INFO "PATCH /api/metadata/6/ HTTP/1.1" 200 78
2022-02-22 15:14:22,670 INFO "GET /api/metadata_types/2/metadata/?page_size=10&page=1 HTTP/1.1" 200 848
2022-02-22 15:18:48,843 INFO /home/pavi/SolarSPELL/content-curation/content_curation/settings.py changed, reloading.
2022-02-22 15:18:49,124 INFO Watching for file changes with StatReloader
